*** 2017-04-13 19:01:45.253 Adempiere Log (CLogFile) ***
19:01:45.252   CLogMgt.setLevel: CONFIG [1]
19:01:46.340 Setup.<init>: ADempiere(r) Release 3.8.0_2015-03-01 -Smart Suite ERP,CRM and SCM- (c) 1999-2015 ADempiere(r); Implementation: ${ADEMPIERE_VERSION} 20170406-2156 - ${ADEMPIERE_VENDOR} [1]
19:01:46.805 ConfigurationData.load: C:\Users\lion007\Documents\GitHub\adempiere\AdempiereEnv.properties [1]
19:01:50.221 Config.test: OK: JavaHome=C:\Program Files\Java\jdk1.7.0_80 [19]
19:01:50.222 Config.test: OK: Version=1.7.0_80 [19]
19:01:50.223 ConfigurationData.testAdempiere: OK: AdempiereHome = C:\Users\lion007\Documents\GitHub\adempiere [19]
19:01:50.226 KeyStoreMgt.<init>: C:\Users\lion007\Documents\GitHub\adempiere\keystore\myKeystore [19]
19:01:50.263   KeyStoreMgt.getCertificate: Alias=adempiere [19]
19:01:50.450 ConfigurationData.testAdempiere: OK: KeyStore = C:\Users\lion007\Documents\GitHub\adempiere\keystore\myKeystore [19]
19:01:50.454 Config.test: OK: AppsServer = DESKTOP-6CMVUMG/192.168.0.102 [19]
19:01:50.472 Config.test: OK: Deploy Directory = C:\Users\lion007\Documents\GitHub\adempiere\jboss\server\adempiere\deploy [19]
19:01:51.502 Config.test: OK: JNPPort = 1099 [19]
19:01:52.548 Config.test: OK: Web Port = 80 [19]
19:01:54.697 Config.test: OK: SSL Port = 443 [19]
19:01:54.699 Config.test: OK: Database Server = localhost/127.0.0.1 [19]
19:01:54.701 Config.test: OK: Database Port = 5433 [19]
19:01:54.930 Config.test: OK: System Connection = jdbc:postgresql://localhost:5433/template1 [19]
19:01:55.003 Config.test: OK: Database User = adempiere [19]
-----------> ConfigurationData.testMail: Not valid:  - Illegal address [19]
19:01:59.853 Config.test: OK: JavaHome=C:\Program Files\Java\jdk1.7.0_80 [22]
19:01:59.854 Config.test: OK: Version=1.7.0_80 [22]
19:01:59.862 ConfigurationData.testAdempiere: OK: AdempiereHome = C:\Users\lion007\Documents\GitHub\adempiere [22]
19:01:59.863 KeyStoreMgt.<init>: C:\Users\lion007\Documents\GitHub\adempiere\keystore\myKeystore [22]
19:01:59.868   KeyStoreMgt.getCertificate: Alias=adempiere [22]
19:01:59.872 ConfigurationData.testAdempiere: OK: KeyStore = C:\Users\lion007\Documents\GitHub\adempiere\keystore\myKeystore [22]
19:01:59.875 Config.test: OK: AppsServer = DESKTOP-6CMVUMG/192.168.0.102 [22]
19:01:59.881 Config.test: OK: Deploy Directory = C:\Users\lion007\Documents\GitHub\adempiere\jboss\server\adempiere\deploy [22]
19:02:00.886 Config.test: OK: JNPPort = 1099 [22]
19:02:01.893 Config.test: OK: Web Port = 80 [22]
19:02:02.911 Config.test: OK: SSL Port = 443 [22]
19:02:02.912 Config.test: OK: Database Server = localhost/127.0.0.1 [22]
19:02:02.917 Config.test: OK: Database Port = 5433 [22]
19:02:03.031 Config.test: OK: System Connection = jdbc:postgresql://localhost:5433/template1 [22]
19:02:03.099 Config.test: OK: Database User = adempiere [22]
-----------> ConfigurationData.testMail: Not valid:  - Illegal address [22]
19:02:03.110 Ini.loadProperties: C:\Users\lion007\Documents\GitHub\adempiere\Adempiere.properties #36 [15]
19:02:03.148 ConfigurationData.save: C:\Users\lion007\Documents\GitHub\adempiere\AdempiereEnv.properties [15]
19:02:06.058 ConfigurationPanel.save: Starting Ant ...  [15]

*** 2017-04-13 19:06:56.392 Adempiere Log (CLogFile) ***
