*** 2017-04-18 10:58:40.391 Adempiere Log (CLogFile) ***
10:58:40.390   CLogMgt.setLevel: CONFIG [1]
10:58:40.619 Setup.<init>: ADempiere(r) Release 3.8.0_2015-03-01 -Smart Suite ERP,CRM and SCM- (c) 1999-2015 ADempiere(r); Implementation: ${ADEMPIERE_VERSION} 20170418-1042 - ${ADEMPIERE_VENDOR} [1]
10:58:40.702 ConfigurationData.load: C:\Users\lion007\Documents\GitHub\adempiere\AdempiereEnv.properties [1]
10:58:42.884 Config.test: OK: JavaHome=C:\Program Files\Java\jdk1.7.0_80 [19]
10:58:42.885 Config.test: OK: Version=1.7.0_80 [19]
10:58:42.885 ConfigurationData.testAdempiere: OK: AdempiereHome = C:\Users\lion007\Documents\GitHub\adempiere [19]
10:58:42.888 KeyStoreMgt.<init>: C:\Users\lion007\Documents\GitHub\adempiere\keystore\myKeystore [19]
10:58:42.925   KeyStoreMgt.getCertificate: Alias=adempiere [19]
10:58:42.931 ConfigurationData.testAdempiere: OK: KeyStore = C:\Users\lion007\Documents\GitHub\adempiere\keystore\myKeystore [19]
10:58:42.932 Config.test: OK: AppsServer = DESKTOP-6CMVUMG/192.168.0.102 [19]
10:58:42.932 Config.test: OK: Deploy Directory = C:\Users\lion007\Documents\GitHub\adempiere\jboss\server\adempiere\deploy [19]
10:58:43.942 Config.test: OK: JNPPort = 1099 [19]
10:58:44.953 Config.test: OK: Web Port = 80 [19]
10:58:46.278 Config.test: OK: SSL Port = 443 [19]
10:58:46.279 Config.test: OK: Database Server = localhost/127.0.0.1 [19]
10:58:46.280 Config.test: OK: Database Port = 5433 [19]
10:58:46.390 Config.test: OK: System Connection = jdbc:postgresql://localhost:5433/template1 [19]
10:58:46.445 Config.test: OK: Database User = adempiere [19]
-----------> ConfigurationData.testMail: Not valid:  - Illegal address [19]
10:58:46.455 Ini.loadProperties: C:\Users\lion007\Documents\GitHub\adempiere\Adempiere.properties #36 [15]
10:58:46.457 ConfigurationData.save: C:\Users\lion007\Documents\GitHub\adempiere\AdempiereEnv.properties [15]
10:58:49.263 ConfigurationPanel.save: Starting Ant ...  [15]

*** 2017-04-18 11:02:20.705 Adempiere Log (CLogFile) ***
