*** 2017-04-13 20:16:41.692 Adempiere Log (CLogFile) ***
20:16:41.692   CLogMgt.setLevel: CONFIG [1]
20:16:41.990 Setup.<init>: ADempiere(r) Release 3.8.0_2015-03-01 -Smart Suite ERP,CRM and SCM- (c) 1999-2015 ADempiere(r); Implementation: ${ADEMPIERE_VERSION} 20170413-1948 - ${ADEMPIERE_VENDOR} [1]
20:16:42.095 ConfigurationData.load: C:\Users\lion007\Documents\GitHub\adempiere\AdempiereEnv.properties [1]
20:16:48.911 Config.test: OK: JavaHome=C:\Program Files\Java\jdk1.7.0_80 [19]
20:16:48.912 Config.test: OK: Version=1.7.0_80 [19]
20:16:48.913 ConfigurationData.testAdempiere: OK: AdempiereHome = C:\Users\lion007\Documents\GitHub\adempiere [19]
20:16:48.916 KeyStoreMgt.<init>: C:\Users\lion007\Documents\GitHub\adempiere\keystore\myKeystore [19]
20:16:48.976   KeyStoreMgt.getCertificate: Alias=adempiere [19]
20:16:48.986 ConfigurationData.testAdempiere: OK: KeyStore = C:\Users\lion007\Documents\GitHub\adempiere\keystore\myKeystore [19]
20:16:48.987 Config.test: OK: AppsServer = DESKTOP-6CMVUMG/192.168.0.102 [19]
20:16:48.990 Config.test: OK: Deploy Directory = C:\Users\lion007\Documents\GitHub\adempiere\jboss\server\adempiere\deploy [19]
20:16:50.004 Config.test: OK: JNPPort = 1099 [19]
20:16:51.018 Config.test: OK: Web Port = 80 [19]
20:16:52.383 Config.test: OK: SSL Port = 443 [19]
20:16:52.387 Config.test: OK: Database Server = localhost/127.0.0.1 [19]
20:16:52.391 Config.test: OK: Database Port = 5433 [19]
20:16:52.531 Config.test: OK: System Connection = jdbc:postgresql://localhost:5433/template1 [19]
20:16:52.599 Config.test: OK: Database User = adempiere [19]
-----------> ConfigurationData.testMail: Not valid:  - Illegal address [19]
20:16:55.631 Config.test: OK: JavaHome=C:\Program Files\Java\jdk1.7.0_80 [23]
20:16:55.632 Config.test: OK: Version=1.7.0_80 [23]
20:16:55.637 ConfigurationData.testAdempiere: OK: AdempiereHome = C:\Users\lion007\Documents\GitHub\adempiere [23]
20:16:55.648 KeyStoreMgt.<init>: C:\Users\lion007\Documents\GitHub\adempiere\keystore\myKeystore [23]
20:16:55.653   KeyStoreMgt.getCertificate: Alias=adempiere [23]
20:16:55.654 ConfigurationData.testAdempiere: OK: KeyStore = C:\Users\lion007\Documents\GitHub\adempiere\keystore\myKeystore [23]
20:16:55.655 Config.test: OK: AppsServer = DESKTOP-6CMVUMG/192.168.0.102 [23]
20:16:55.658 Config.test: OK: Deploy Directory = C:\Users\lion007\Documents\GitHub\adempiere\jboss\server\adempiere\deploy [23]
20:16:56.668 Config.test: OK: JNPPort = 1099 [23]
20:16:57.675 Config.test: OK: Web Port = 80 [23]
20:16:58.690 Config.test: OK: SSL Port = 443 [23]
20:16:58.691 Config.test: OK: Database Server = localhost/127.0.0.1 [23]
20:16:58.699 Config.test: OK: Database Port = 5433 [23]
20:16:58.814 Config.test: OK: System Connection = jdbc:postgresql://localhost:5433/template1 [23]
20:16:58.878 Config.test: OK: Database User = adempiere [23]
-----------> ConfigurationData.testMail: Not valid:  - Illegal address [23]
20:16:58.888 Ini.loadProperties: C:\Users\lion007\Documents\GitHub\adempiere\Adempiere.properties #36 [15]
20:16:58.890 ConfigurationData.save: C:\Users\lion007\Documents\GitHub\adempiere\AdempiereEnv.properties [15]
20:17:01.068 ConfigurationPanel.save: Starting Ant ...  [15]

*** 2017-04-13 20:21:02.451 Adempiere Log (CLogFile) ***
