*** 2017-04-18 11:40:59.206 Adempiere Log (CLogFile) ***
11:40:59.205   CLogMgt.setLevel: CONFIG [1]
11:40:59.436 Setup.<init>: ADempiere(r) Release 3.8.0_2015-03-01 -Smart Suite ERP,CRM and SCM- (c) 1999-2015 ADempiere(r); Implementation: ${ADEMPIERE_VERSION} 20170418-1058 - ${ADEMPIERE_VENDOR} [1]
11:40:59.520 ConfigurationData.load: C:\Users\lion007\Documents\GitHub\adempiere\AdempiereEnv.properties [1]
11:41:01.328 Config.test: OK: JavaHome=C:\Program Files\Java\jdk1.7.0_80 [19]
11:41:01.329 Config.test: OK: Version=1.7.0_80 [19]
11:41:01.330 ConfigurationData.testAdempiere: OK: AdempiereHome = C:\Users\lion007\Documents\GitHub\adempiere [19]
11:41:01.333 KeyStoreMgt.<init>: C:\Users\lion007\Documents\GitHub\adempiere\keystore\myKeystore [19]
11:41:01.338   KeyStoreMgt.getCertificate: Alias=adempiere [19]
11:41:01.346 ConfigurationData.testAdempiere: OK: KeyStore = C:\Users\lion007\Documents\GitHub\adempiere\keystore\myKeystore [19]
11:41:01.348 Config.test: OK: AppsServer = DESKTOP-6CMVUMG/192.168.0.102 [19]
11:41:01.350 Config.test: OK: Deploy Directory = C:\Users\lion007\Documents\GitHub\adempiere\jboss\server\adempiere\deploy [19]
11:41:02.364 Config.test: OK: JNPPort = 1099 [19]
11:41:03.377 Config.test: OK: Web Port = 80 [19]
11:41:04.665 Config.test: OK: SSL Port = 443 [19]
11:41:04.669 Config.test: OK: Database Server = localhost/127.0.0.1 [19]
11:41:04.673 Config.test: OK: Database Port = 5433 [19]
11:41:04.789 Config.test: OK: System Connection = jdbc:postgresql://localhost:5433/template1 [19]
11:41:04.842 Config.test: OK: Database User = adempiere [19]
-----------> ConfigurationData.testMail: Not valid:  - Illegal address [19]
11:41:04.856 Ini.loadProperties: C:\Users\lion007\Documents\GitHub\adempiere\Adempiere.properties #36 [15]
11:41:04.858 ConfigurationData.save: C:\Users\lion007\Documents\GitHub\adempiere\AdempiereEnv.properties [15]
11:41:06.301 ConfigurationPanel.save: Starting Ant ...  [15]

*** 2017-04-18 11:44:44.026 Adempiere Log (CLogFile) ***
