*** 2017-11-02 22:24:32.431 Adempiere Log (CLogFile) ***
22:24:32.430   CLogMgt.setLevel: CONFIG [1]
22:24:34.818 Setup.<init>: ADempiere(r) Release 3.8.0_2015-03-01 -Smart Suite ERP,CRM and SCM- (c) 1999-2015 ADempiere(r); Implementation: ${ADEMPIERE_VERSION} 20171024-1524 - ${ADEMPIERE_VENDOR} [1]
22:24:35.367 ConfigurationData.load: C:\Users\lion007\Documents\GitHub\adempiere\AdempiereEnv.properties [1]
22:24:48.184 Config.test: OK: JavaHome=C:\Program Files\Java\jdk1.7.0_80 [20]
22:24:48.184 Config.test: OK: Version=1.7.0_80 [20]
22:24:48.185 ConfigurationData.testAdempiere: OK: AdempiereHome = C:\Users\lion007\Documents\GitHub\adempiere [20]
22:24:48.187 KeyStoreMgt.<init>: C:\Users\lion007\Documents\GitHub\adempiere\keystore\myKeystore [20]
22:24:48.277   KeyStoreMgt.getCertificate: Alias=adempiere [20]
22:24:48.304 ConfigurationData.testAdempiere: OK: KeyStore = C:\Users\lion007\Documents\GitHub\adempiere\keystore\myKeystore [20]
22:24:48.306 Config.test: OK: AppsServer = DESKTOP-6CMVUMG/192.168.0.147 [20]
22:24:48.307 Config.test: OK: Deploy Directory = C:\Users\lion007\Documents\GitHub\adempiere\jboss\server\adempiere\deploy [20]
22:24:49.412 Config.test: OK: JNPPort = 1099 [20]
22:24:50.436 Config.test: OK: Web Port = 80 [20]
22:24:52.448 Config.test: OK: SSL Port = 443 [20]
22:24:52.451 Config.test: OK: Database Server = localhost/127.0.0.1 [20]
22:24:52.453 Config.test: OK: Database Port = 5433 [20]
22:24:52.636 Config.test: OK: System Connection = jdbc:postgresql://localhost:5433/template1 [20]
22:24:52.670 Config.test: OK: Database User = adempiere [20]
-----------> ConfigurationData.testMail: Not valid:  - Illegal address [20]
22:24:58.170 Config.test: OK: JavaHome=C:\Program Files\Java\jdk1.7.0_80 [24]
22:24:58.171 Config.test: OK: Version=1.7.0_80 [24]
22:24:58.173 ConfigurationData.testAdempiere: OK: AdempiereHome = C:\Users\lion007\Documents\GitHub\adempiere [24]
22:24:58.174 KeyStoreMgt.<init>: C:\Users\lion007\Documents\GitHub\adempiere\keystore\myKeystore [24]
22:24:58.177   KeyStoreMgt.getCertificate: Alias=adempiere [24]
22:24:58.178 ConfigurationData.testAdempiere: OK: KeyStore = C:\Users\lion007\Documents\GitHub\adempiere\keystore\myKeystore [24]
22:24:58.179 Config.test: OK: AppsServer = DESKTOP-6CMVUMG/192.168.0.147 [24]
22:24:58.181 Config.test: OK: Deploy Directory = C:\Users\lion007\Documents\GitHub\adempiere\jboss\server\adempiere\deploy [24]
22:24:59.188 Config.test: OK: JNPPort = 1099 [24]
22:25:00.193 Config.test: OK: Web Port = 80 [24]
22:25:01.199 Config.test: OK: SSL Port = 443 [24]
22:25:01.201 Config.test: OK: Database Server = localhost/127.0.0.1 [24]
22:25:01.205 Config.test: OK: Database Port = 5433 [24]
22:25:01.252 Config.test: OK: System Connection = jdbc:postgresql://localhost:5433/template1 [24]
22:25:01.280 Config.test: OK: Database User = adempiere [24]
-----------> ConfigurationData.testMail: Not valid:  - Illegal address [24]
22:25:01.320 Ini.loadProperties: C:\Users\lion007\Documents\GitHub\adempiere\Adempiere.properties #37 [15]
22:25:01.334 ConfigurationData.save: C:\Users\lion007\Documents\GitHub\adempiere\AdempiereEnv.properties [15]
22:25:12.402 ConfigurationPanel.save: Starting Ant ...  [15]

*** 2017-11-02 22:29:00.61 Adempiere Log (CLogFile) ***
