*** 2017-04-06 21:55:54.01 Adempiere Log (CLogFile) ***
21:55:54.009   CLogMgt.setLevel: CONFIG [1]
21:55:54.465 Setup.<init>: ADempiere(r) Release 3.8.0_2015-03-01 -Smart Suite ERP,CRM and SCM- (c) 1999-2015 ADempiere(r); Implementation: ${ADEMPIERE_VERSION} 20170318-0205 - ${ADEMPIERE_VENDOR} [1]
21:55:54.589 ConfigurationData.load: C:\Users\lion007\Documents\GitHub\adempiere\AdempiereEnv.properties [1]
21:56:07.749 Config.test: OK: JavaHome=C:\Program Files\Java\jdk1.7.0_80 [19]
21:56:07.749 Config.test: OK: Version=1.7.0_80 [19]
21:56:07.750 ConfigurationData.testAdempiere: OK: AdempiereHome = C:\Users\lion007\Documents\GitHub\adempiere [19]
21:56:07.752 KeyStoreMgt.<init>: C:\Users\lion007\Documents\GitHub\adempiere\keystore\myKeystore [19]
21:56:07.782   KeyStoreMgt.getCertificate: Alias=adempiere [19]
21:56:07.801 ConfigurationData.testAdempiere: OK: KeyStore = C:\Users\lion007\Documents\GitHub\adempiere\keystore\myKeystore [19]
21:56:07.802 Config.test: OK: AppsServer = DESKTOP-6CMVUMG/192.168.0.102 [19]
21:56:07.804 Config.test: OK: Deploy Directory = C:\Users\lion007\Documents\GitHub\adempiere\jboss\server\adempiere\deploy [19]
21:56:08.850 Config.test: OK: JNPPort = 1099 [19]
21:56:09.940 Config.test: OK: Web Port = 80 [19]
21:56:11.528 Config.test: OK: SSL Port = 443 [19]
21:56:11.529 Config.test: OK: Database Server = localhost/127.0.0.1 [19]
21:56:11.540 Config.test: OK: Database Port = 5433 [19]
21:56:11.709 Config.test: OK: System Connection = jdbc:postgresql://localhost:5433/template1 [19]
21:56:11.761 Config.test: OK: Database User = adempiere [19]
-----------> ConfigurationData.testMail: Not valid:  - Illegal address [19]
21:56:17.742 Config.test: OK: JavaHome=C:\Program Files\Java\jdk1.7.0_80 [23]
21:56:17.743 Config.test: OK: Version=1.7.0_80 [23]
21:56:17.747 ConfigurationData.testAdempiere: OK: AdempiereHome = C:\Users\lion007\Documents\GitHub\adempiere [23]
21:56:17.749 KeyStoreMgt.<init>: C:\Users\lion007\Documents\GitHub\adempiere\keystore\myKeystore [23]
21:56:17.753   KeyStoreMgt.getCertificate: Alias=adempiere [23]
21:56:17.756 ConfigurationData.testAdempiere: OK: KeyStore = C:\Users\lion007\Documents\GitHub\adempiere\keystore\myKeystore [23]
21:56:17.757 Config.test: OK: AppsServer = DESKTOP-6CMVUMG/192.168.0.102 [23]
21:56:17.760 Config.test: OK: Deploy Directory = C:\Users\lion007\Documents\GitHub\adempiere\jboss\server\adempiere\deploy [23]
21:56:18.766 Config.test: OK: JNPPort = 1099 [23]
21:56:19.777 Config.test: OK: Web Port = 80 [23]
21:56:20.793 Config.test: OK: SSL Port = 443 [23]
21:56:20.794 Config.test: OK: Database Server = localhost/127.0.0.1 [23]
21:56:20.801 Config.test: OK: Database Port = 5433 [23]
21:56:20.883 Config.test: OK: System Connection = jdbc:postgresql://localhost:5433/template1 [23]
21:56:20.933 Config.test: OK: Database User = adempiere [23]
-----------> ConfigurationData.testMail: Not valid:  - Illegal address [23]
21:56:20.940 Ini.loadProperties: C:\Users\lion007\Documents\GitHub\adempiere\Adempiere.properties #36 [15]
21:56:20.976 ConfigurationData.save: C:\Users\lion007\Documents\GitHub\adempiere\AdempiereEnv.properties [15]
21:56:24.588 ConfigurationPanel.save: Starting Ant ...  [15]

*** 2017-04-06 22:00:10.363 Adempiere Log (CLogFile) ***
