*** 2017-04-18 10:31:59.435 Adempiere Log (CLogFile) ***
10:31:59.435   CLogMgt.setLevel: CONFIG [1]
10:32:00.967 Setup.<init>: ADempiere(r) Release 3.8.0_2015-03-01 -Smart Suite ERP,CRM and SCM- (c) 1999-2015 ADempiere(r); Implementation: ${ADEMPIERE_VERSION} 20170413-2017 - ${ADEMPIERE_VENDOR} [1]
10:32:01.245 ConfigurationData.load: C:\Users\lion007\Documents\GitHub\adempiere\AdempiereEnv.properties [1]
10:32:05.218 Config.test: OK: JavaHome=C:\Program Files\Java\jdk1.7.0_80 [19]
10:32:05.218 Config.test: OK: Version=1.7.0_80 [19]
10:32:05.219 ConfigurationData.testAdempiere: OK: AdempiereHome = C:\Users\lion007\Documents\GitHub\adempiere [19]
10:32:05.222 KeyStoreMgt.<init>: C:\Users\lion007\Documents\GitHub\adempiere\keystore\myKeystore [19]
10:32:05.271   KeyStoreMgt.getCertificate: Alias=adempiere [19]
10:32:05.291 ConfigurationData.testAdempiere: OK: KeyStore = C:\Users\lion007\Documents\GitHub\adempiere\keystore\myKeystore [19]
10:32:05.292 Config.test: OK: AppsServer = DESKTOP-6CMVUMG/192.168.0.102 [19]
10:32:05.299 Config.test: OK: Deploy Directory = C:\Users\lion007\Documents\GitHub\adempiere\jboss\server\adempiere\deploy [19]
10:32:06.310 Config.test: OK: JNPPort = 1099 [19]
10:32:07.366 Config.test: OK: Web Port = 80 [19]
10:32:08.992 Config.test: OK: SSL Port = 443 [19]
10:32:08.995 Config.test: OK: Database Server = localhost/127.0.0.1 [19]
10:32:08.999 Config.test: OK: Database Port = 5433 [19]
10:32:09.277 Config.test: OK: System Connection = jdbc:postgresql://localhost:5433/template1 [19]
10:32:09.330 Config.test: OK: Database User = adempiere [19]
-----------> ConfigurationData.testMail: Not valid:  - Illegal address [19]
10:32:09.360 Ini.loadProperties: C:\Users\lion007\Documents\GitHub\adempiere\Adempiere.properties #36 [15]
10:32:09.378 ConfigurationData.save: C:\Users\lion007\Documents\GitHub\adempiere\AdempiereEnv.properties [15]
10:32:11.575 ConfigurationPanel.save: Starting Ant ...  [15]

*** 2017-04-18 10:36:03.895 Adempiere Log (CLogFile) ***
