*** 2017-03-18 01:49:15.115 Adempiere Log (CLogFile) ***
01:49:15.115   CLogMgt.setLevel: CONFIG [1]
01:49:15.350 Setup.<init>: ADempiere(r) Release 3.8.0_2015-03-01 -Smart Suite ERP,CRM and SCM- (c) 1999-2015 ADempiere(r); Implementation: ${ADEMPIERE_VERSION} 20170318-0035 - ${ADEMPIERE_VENDOR} [1]
01:49:15.448 ConfigurationData.load: C:\Users\lion007\Documents\GitHub\adempiere\AdempiereEnv.properties [1]
01:49:18.990 Config.test: OK: JavaHome=C:\Program Files\Java\jdk1.7.0_80 [19]
01:49:18.991 Config.test: OK: Version=1.7.0_80 [19]
01:49:18.992 ConfigurationData.testAdempiere: OK: AdempiereHome = C:\Users\lion007\Documents\GitHub\adempiere [19]
01:49:18.994 KeyStoreMgt.<init>: C:\Users\lion007\Documents\GitHub\adempiere\keystore\myKeystore [19]
01:49:18.999   KeyStoreMgt.getCertificate: Alias=adempiere [19]
01:49:19.006 ConfigurationData.testAdempiere: OK: KeyStore = C:\Users\lion007\Documents\GitHub\adempiere\keystore\myKeystore [19]
01:49:19.007 Config.test: OK: AppsServer = DESKTOP-6CMVUMG/192.168.0.102 [19]
01:49:19.008 Config.test: OK: Deploy Directory = C:\Users\lion007\Documents\GitHub\adempiere\jboss\server\adempiere\deploy [19]
01:49:20.019 Config.test: OK: JNPPort = 1099 [19]
01:49:21.027 Config.test: OK: Web Port = 80 [19]
01:49:22.310 Config.test: OK: SSL Port = 443 [19]
01:49:22.312 Config.test: OK: Database Server = localhost/127.0.0.1 [19]
01:49:22.314 Config.test: OK: Database Port = 5433 [19]
01:49:22.424 Config.test: OK: System Connection = jdbc:postgresql://localhost:5433/template1 [19]
01:49:22.479 Config.test: OK: Database User = adempiere [19]
-----------> ConfigurationData.testMail: Not valid:  - Illegal address [19]
01:49:24.375 Config.test: OK: JavaHome=C:\Program Files\Java\jdk1.7.0_80 [22]
01:49:24.375 Config.test: OK: Version=1.7.0_80 [22]
01:49:24.381 ConfigurationData.testAdempiere: OK: AdempiereHome = C:\Users\lion007\Documents\GitHub\adempiere [22]
01:49:24.381 KeyStoreMgt.<init>: C:\Users\lion007\Documents\GitHub\adempiere\keystore\myKeystore [22]
01:49:24.382   KeyStoreMgt.getCertificate: Alias=adempiere [22]
01:49:24.383 ConfigurationData.testAdempiere: OK: KeyStore = C:\Users\lion007\Documents\GitHub\adempiere\keystore\myKeystore [22]
01:49:24.384 Config.test: OK: AppsServer = DESKTOP-6CMVUMG/192.168.0.102 [22]
01:49:24.388 Config.test: OK: Deploy Directory = C:\Users\lion007\Documents\GitHub\adempiere\jboss\server\adempiere\deploy [22]
01:49:25.392 Config.test: OK: JNPPort = 1099 [22]
01:49:26.399 Config.test: OK: Web Port = 80 [22]
01:49:27.418 Config.test: OK: SSL Port = 443 [22]
01:49:27.427 Config.test: OK: Database Server = localhost/127.0.0.1 [22]
01:49:27.431 Config.test: OK: Database Port = 5433 [22]
01:49:27.514 Config.test: OK: System Connection = jdbc:postgresql://localhost:5433/template1 [22]
01:49:27.568 Config.test: OK: Database User = adempiere [22]
-----------> ConfigurationData.testMail: Not valid:  - Illegal address [22]
01:49:27.577 Language.getLanguage: Adding Language=en, Country=CA, Locale=en_CA [15]
01:49:27.578 Ini.loadProperties: C:\Users\lion007\Documents\GitHub\adempiere\Adempiere.properties #29 [15]
01:49:27.580 ConfigurationData.save: C:\Users\lion007\Documents\GitHub\adempiere\AdempiereEnv.properties [15]
01:49:29.675 ConfigurationPanel.save: Starting Ant ...  [15]

*** 2017-03-18 01:52:51.975 Adempiere Log (CLogFile) ***
