*** 2017-04-18 10:42:38.861 Adempiere Log (CLogFile) ***
10:42:38.860   CLogMgt.setLevel: CONFIG [1]
10:42:39.084 Setup.<init>: ADempiere(r) Release 3.8.0_2015-03-01 -Smart Suite ERP,CRM and SCM- (c) 1999-2015 ADempiere(r); Implementation: ${ADEMPIERE_VERSION} 20170418-1032 - ${ADEMPIERE_VENDOR} [1]
10:42:39.165 ConfigurationData.load: C:\Users\lion007\Documents\GitHub\adempiere\AdempiereEnv.properties [1]
10:42:42.632 Config.test: OK: JavaHome=C:\Program Files\Java\jdk1.7.0_80 [19]
10:42:42.633 Config.test: OK: Version=1.7.0_80 [19]
10:42:42.634 ConfigurationData.testAdempiere: OK: AdempiereHome = C:\Users\lion007\Documents\GitHub\adempiere [19]
10:42:42.637 KeyStoreMgt.<init>: C:\Users\lion007\Documents\GitHub\adempiere\keystore\myKeystore [19]
10:42:42.641   KeyStoreMgt.getCertificate: Alias=adempiere [19]
10:42:42.647 ConfigurationData.testAdempiere: OK: KeyStore = C:\Users\lion007\Documents\GitHub\adempiere\keystore\myKeystore [19]
10:42:42.648 Config.test: OK: AppsServer = DESKTOP-6CMVUMG/192.168.0.102 [19]
10:42:42.650 Config.test: OK: Deploy Directory = C:\Users\lion007\Documents\GitHub\adempiere\jboss\server\adempiere\deploy [19]
10:42:43.663 Config.test: OK: JNPPort = 1099 [19]
10:42:44.682 Config.test: OK: Web Port = 80 [19]
10:42:45.990 Config.test: OK: SSL Port = 443 [19]
10:42:45.993 Config.test: OK: Database Server = localhost/127.0.0.1 [19]
10:42:45.996 Config.test: OK: Database Port = 5433 [19]
10:42:46.101 Config.test: OK: System Connection = jdbc:postgresql://localhost:5433/template1 [19]
10:42:46.152 Config.test: OK: Database User = adempiere [19]
-----------> ConfigurationData.testMail: Not valid:  - Illegal address [19]
10:42:46.164 Ini.loadProperties: C:\Users\lion007\Documents\GitHub\adempiere\Adempiere.properties #36 [15]
10:42:46.166 ConfigurationData.save: C:\Users\lion007\Documents\GitHub\adempiere\AdempiereEnv.properties [15]
10:42:47.956 ConfigurationPanel.save: Starting Ant ...  [15]

*** 2017-04-18 10:46:21.935 Adempiere Log (CLogFile) ***
