*** 2017-03-18 02:05:31.674 Adempiere Log (CLogFile) ***
02:05:31.673   CLogMgt.setLevel: CONFIG [1]
02:05:31.912 Setup.<init>: ADempiere(r) Release 3.8.0_2015-03-01 -Smart Suite ERP,CRM and SCM- (c) 1999-2015 ADempiere(r); Implementation: ${ADEMPIERE_VERSION} 20170318-0149 - ${ADEMPIERE_VENDOR} [1]
02:05:32.006 ConfigurationData.load: C:\Users\lion007\Documents\GitHub\adempiere\AdempiereEnv.properties [1]
02:05:34.970 Config.test: OK: JavaHome=C:\Program Files\Java\jdk1.7.0_80 [19]
02:05:34.971 Config.test: OK: Version=1.7.0_80 [19]
02:05:34.972 ConfigurationData.testAdempiere: OK: AdempiereHome = C:\Users\lion007\Documents\GitHub\adempiere [19]
02:05:34.974 KeyStoreMgt.<init>: C:\Users\lion007\Documents\GitHub\adempiere\keystore\myKeystore [19]
02:05:34.979   KeyStoreMgt.getCertificate: Alias=adempiere [19]
02:05:34.986 ConfigurationData.testAdempiere: OK: KeyStore = C:\Users\lion007\Documents\GitHub\adempiere\keystore\myKeystore [19]
02:05:34.987 Config.test: OK: AppsServer = DESKTOP-6CMVUMG/192.168.0.102 [19]
02:05:34.988 Config.test: OK: Deploy Directory = C:\Users\lion007\Documents\GitHub\adempiere\jboss\server\adempiere\deploy [19]
02:05:36.002 Config.test: OK: JNPPort = 1099 [19]
02:05:37.011 Config.test: OK: Web Port = 80 [19]
02:05:38.287 Config.test: OK: SSL Port = 443 [19]
02:05:38.289 Config.test: OK: Database Server = localhost/127.0.0.1 [19]
02:05:38.292 Config.test: OK: Database Port = 5433 [19]
02:05:38.397 Config.test: OK: System Connection = jdbc:postgresql://localhost:5433/template1 [19]
02:05:38.450 Config.test: OK: Database User = adempiere [19]
-----------> ConfigurationData.testMail: Not valid:  - Illegal address [19]
02:05:40.333 Config.test: OK: JavaHome=C:\Program Files\Java\jdk1.7.0_80 [22]
02:05:40.333 Config.test: OK: Version=1.7.0_80 [22]
02:05:40.339 ConfigurationData.testAdempiere: OK: AdempiereHome = C:\Users\lion007\Documents\GitHub\adempiere [22]
02:05:40.339 KeyStoreMgt.<init>: C:\Users\lion007\Documents\GitHub\adempiere\keystore\myKeystore [22]
02:05:40.341   KeyStoreMgt.getCertificate: Alias=adempiere [22]
02:05:40.342 ConfigurationData.testAdempiere: OK: KeyStore = C:\Users\lion007\Documents\GitHub\adempiere\keystore\myKeystore [22]
02:05:40.343 Config.test: OK: AppsServer = DESKTOP-6CMVUMG/192.168.0.102 [22]
02:05:40.347 Config.test: OK: Deploy Directory = C:\Users\lion007\Documents\GitHub\adempiere\jboss\server\adempiere\deploy [22]
02:05:41.351 Config.test: OK: JNPPort = 1099 [22]
02:05:42.357 Config.test: OK: Web Port = 80 [22]
02:05:43.375 Config.test: OK: SSL Port = 443 [22]
02:05:43.377 Config.test: OK: Database Server = localhost/127.0.0.1 [22]
02:05:43.380 Config.test: OK: Database Port = 5433 [22]
02:05:43.465 Config.test: OK: System Connection = jdbc:postgresql://localhost:5433/template1 [22]
02:05:43.517 Config.test: OK: Database User = adempiere [22]
-----------> ConfigurationData.testMail: Not valid:  - Illegal address [22]
02:05:43.529 Language.getLanguage: Adding Language=en, Country=CA, Locale=en_CA [15]
02:05:43.530 Ini.loadProperties: C:\Users\lion007\Documents\GitHub\adempiere\Adempiere.properties #29 [15]
02:05:43.532 ConfigurationData.save: C:\Users\lion007\Documents\GitHub\adempiere\AdempiereEnv.properties [15]
02:05:49.320 ConfigurationPanel.save: Starting Ant ...  [15]

*** 2017-03-18 02:09:03.188 Adempiere Log (CLogFile) ***
