*** 2017-03-18 00:35:34.237 Adempiere Log (CLogFile) ***
00:35:34.235   CLogMgt.setLevel: CONFIG [1]
00:35:34.483 Setup.<init>: ADempiere(r) Release 3.8.0_2015-03-01 -Smart Suite ERP,CRM and SCM- (c) 1999-2015 ADempiere(r); Implementation: ${ADEMPIERE_VERSION} 20170318-0013 - ${ADEMPIERE_VENDOR} [1]
00:35:34.566 ConfigurationData.load: C:\Users\lion007\Documents\GitHub\adempiere\AdempiereEnv.properties [1]
00:35:38.812 Config.test: OK: JavaHome=C:\Program Files\Java\jdk1.7.0_80 [19]
00:35:38.813 Config.test: OK: Version=1.7.0_80 [19]
00:35:38.813 ConfigurationData.testAdempiere: OK: AdempiereHome = C:\Users\lion007\Documents\GitHub\adempiere [19]
00:35:38.816 KeyStoreMgt.<init>: C:\Users\lion007\Documents\GitHub\adempiere\keystore\myKeystore [19]
00:35:38.821   KeyStoreMgt.getCertificate: Alias=adempiere [19]
00:35:38.830 ConfigurationData.testAdempiere: OK: KeyStore = C:\Users\lion007\Documents\GitHub\adempiere\keystore\myKeystore [19]
00:35:38.831 Config.test: OK: AppsServer = DESKTOP-6CMVUMG/192.168.0.102 [19]
00:35:38.834 Config.test: OK: Deploy Directory = C:\Users\lion007\Documents\GitHub\adempiere\jboss\server\adempiere\deploy [19]
00:35:39.843 Config.test: OK: JNPPort = 1099 [19]
00:35:40.850 Config.test: OK: Web Port = 80 [19]
00:35:42.140 Config.test: OK: SSL Port = 443 [19]
00:35:42.142 Config.test: OK: Database Server = localhost/127.0.0.1 [19]
00:35:42.145 Config.test: OK: Database Port = 5433 [19]
00:35:42.253 Config.test: OK: System Connection = jdbc:postgresql://localhost:5433/template1 [19]
00:35:42.307 Config.test: OK: Database User = adempiere [19]
-----------> ConfigurationData.testMail: Not valid:  - Illegal address [19]
00:35:44.155 Config.test: OK: JavaHome=C:\Program Files\Java\jdk1.7.0_80 [22]
00:35:44.156 Config.test: OK: Version=1.7.0_80 [22]
00:35:44.164 ConfigurationData.testAdempiere: OK: AdempiereHome = C:\Users\lion007\Documents\GitHub\adempiere [22]
00:35:44.165 KeyStoreMgt.<init>: C:\Users\lion007\Documents\GitHub\adempiere\keystore\myKeystore [22]
00:35:44.167   KeyStoreMgt.getCertificate: Alias=adempiere [22]
00:35:44.170 ConfigurationData.testAdempiere: OK: KeyStore = C:\Users\lion007\Documents\GitHub\adempiere\keystore\myKeystore [22]
00:35:44.171 Config.test: OK: AppsServer = DESKTOP-6CMVUMG/192.168.0.102 [22]
00:35:44.174 Config.test: OK: Deploy Directory = C:\Users\lion007\Documents\GitHub\adempiere\jboss\server\adempiere\deploy [22]
00:35:45.182 Config.test: OK: JNPPort = 1099 [22]
00:35:46.190 Config.test: OK: Web Port = 80 [22]
00:35:47.208 Config.test: OK: SSL Port = 443 [22]
00:35:47.211 Config.test: OK: Database Server = localhost/127.0.0.1 [22]
00:35:47.216 Config.test: OK: Database Port = 5433 [22]
00:35:47.302 Config.test: OK: System Connection = jdbc:postgresql://localhost:5433/template1 [22]
00:35:47.356 Config.test: OK: Database User = adempiere [22]
-----------> ConfigurationData.testMail: Not valid:  - Illegal address [22]
00:35:47.371 Ini.loadProperties: C:\Users\lion007\Documents\GitHub\adempiere\Adempiere.properties #29 [15]
00:35:47.372 ConfigurationData.save: C:\Users\lion007\Documents\GitHub\adempiere\AdempiereEnv.properties [15]
00:35:48.692 ConfigurationPanel.save: Starting Ant ...  [15]

*** 2017-03-18 00:39:03.3 Adempiere Log (CLogFile) ***
