*** 2017-03-18 00:07:21.98 Adempiere Log (CLogFile) ***
00:07:21.979   CLogMgt.setLevel: CONFIG [1]
00:07:24.762 Setup.<init>: ADempiere(r) Release 3.8.0_2015-03-01 -Smart Suite ERP,CRM and SCM- (c) 1999-2015 ADempiere(r); Implementation: ADempiere 20170318-0000 - ADempiere [1]
00:07:25.554 ConfigurationData.load: Defaults [1]
00:09:15.380 Config.test: OK: JavaHome=C:\Program Files\Java\jdk1.7.0_80 [20]
00:09:15.381 Config.test: OK: Version=1.7.0_80 [20]
00:09:15.381 ConfigurationData.testAdempiere: OK: AdempiereHome = C:\Users\lion007\Documents\GitHub\adempiere [20]
00:09:15.383 KeyStoreMgt.<init>: C:\Users\lion007\Documents\GitHub\adempiere\keystore\myKeystore [20]
00:09:15.438 KeyStoreMgt.createCertificate:  [20]
00:09:35.243 KeyStoreMgt.keytool: keytool -genkey -keyalg rsa -alias adempiere -dname "CN=DESKTOP-6CMVUMG, OU=lion007, O=AdempiereUser, L=MyTown, C=CA" -keypass myPassword -validity 999 -keystore C:\Users\lion007\Documents\GitHub\adempiere\keystore\myKeystore -storepass myPassword [20]
00:09:36.488 KeyStoreMgt.keytool: keytool -selfcert -alias adempiere -dname "CN=DESKTOP-6CMVUMG, OU=lion007, O=AdempiereUser, L=MyTown, C=CA" -keypass myPassword -validity 999 -keystore C:\Users\lion007\Documents\GitHub\adempiere\keystore\myKeystore -storepass myPassword [20]
00:09:36.526   KeyStoreMgt.getCertificate: Alias=adempiere [20]
00:09:36.529 ConfigurationData.testAdempiere: OK: KeyStore = C:\Users\lion007\Documents\GitHub\adempiere\keystore\myKeystore [20]
00:09:36.530 Config.test: OK: AppsServer = DESKTOP-6CMVUMG/192.168.0.102 [20]
00:09:36.531 Config.test: OK: Deploy Directory = C:\Users\lion007\Documents\GitHub\adempiere\jboss\server\adempiere\deploy [20]
00:09:37.650 Config.test: OK: JNPPort = 1099 [20]
00:09:38.670 Config.test: OK: Web Port = 80 [20]
00:09:40.167 Config.test: OK: SSL Port = 443 [20]
00:09:40.167 Config.test: OK: Database Server = DESKTOP-6CMVUMG/192.168.0.102 [20]
-----------> ConfigurationData.testPort: Open Socket DESKTOP-6CMVUMG/192.168.0.102:5433 - Connection timed out: connect [20]
-----------> ConfigurationData.test: DB Server Port = 5433 [20]
===========> ConfigurationPanel$1.finished: Error Database Port 
(DB Server Port = 5433) [15]
00:10:13.163 Config.test: OK: JavaHome=C:\Program Files\Java\jdk1.7.0_80 [23]
00:10:13.164 Config.test: OK: Version=1.7.0_80 [23]
00:10:13.165 ConfigurationData.testAdempiere: OK: AdempiereHome = C:\Users\lion007\Documents\GitHub\adempiere [23]
00:10:13.165 KeyStoreMgt.<init>: C:\Users\lion007\Documents\GitHub\adempiere\keystore\myKeystore [23]
00:10:13.167   KeyStoreMgt.getCertificate: Alias=adempiere [23]
00:10:13.169 ConfigurationData.testAdempiere: OK: KeyStore = C:\Users\lion007\Documents\GitHub\adempiere\keystore\myKeystore [23]
00:10:13.171 Config.test: OK: AppsServer = DESKTOP-6CMVUMG/192.168.0.102 [23]
00:10:13.172 Config.test: OK: Deploy Directory = C:\Users\lion007\Documents\GitHub\adempiere\jboss\server\adempiere\deploy [23]
00:10:14.175 Config.test: OK: JNPPort = 1099 [23]
00:10:15.180 Config.test: OK: Web Port = 80 [23]
00:10:16.192 Config.test: OK: SSL Port = 443 [23]
00:10:16.193 Config.test: OK: Database Server = DESKTOP-6CMVUMG/192.168.0.102 [23]
-----------> ConfigurationData.testPort: Open Socket DESKTOP-6CMVUMG/192.168.0.102:5432 - Connection refused: connect [23]
-----------> ConfigurationData.test: DB Server Port = 5432 [23]
===========> ConfigurationPanel$1.finished: Error Database Port 
(DB Server Port = 5432) [15]
00:10:29.779 Config.test: OK: JavaHome=C:\Program Files\Java\jdk1.7.0_80 [24]
00:10:29.779 Config.test: OK: Version=1.7.0_80 [24]
00:10:29.779 ConfigurationData.testAdempiere: OK: AdempiereHome = C:\Users\lion007\Documents\GitHub\adempiere [24]
00:10:29.779 KeyStoreMgt.<init>: C:\Users\lion007\Documents\GitHub\adempiere\keystore\myKeystore [24]
00:10:29.781   KeyStoreMgt.getCertificate: Alias=adempiere [24]
00:10:29.781 ConfigurationData.testAdempiere: OK: KeyStore = C:\Users\lion007\Documents\GitHub\adempiere\keystore\myKeystore [24]
00:10:29.782 Config.test: OK: AppsServer = DESKTOP-6CMVUMG/192.168.0.102 [24]
00:10:29.783 Config.test: OK: Deploy Directory = C:\Users\lion007\Documents\GitHub\adempiere\jboss\server\adempiere\deploy [24]
00:10:30.788 Config.test: OK: JNPPort = 1099 [24]
00:10:31.794 Config.test: OK: Web Port = 80 [24]
00:10:32.813 Config.test: OK: SSL Port = 443 [24]
00:10:32.815 Config.test: OK: Database Server = DESKTOP-6CMVUMG/192.168.0.102 [24]
-----------> ConfigurationData.testPort: Open Socket DESKTOP-6CMVUMG/192.168.0.102:5434 - Connection refused: connect [24]
-----------> ConfigurationData.test: DB Server Port = 5434 [24]
===========> ConfigurationPanel$1.finished: Error Database Port 
(DB Server Port = 5434) [15]
00:11:45.511 Config.test: OK: JavaHome=C:\Program Files\Java\jdk1.7.0_80 [25]
00:11:45.511 Config.test: OK: Version=1.7.0_80 [25]
00:11:45.511 ConfigurationData.testAdempiere: OK: AdempiereHome = C:\Users\lion007\Documents\GitHub\adempiere [25]
00:11:45.512 KeyStoreMgt.<init>: C:\Users\lion007\Documents\GitHub\adempiere\keystore\myKeystore [25]
00:11:45.512   KeyStoreMgt.getCertificate: Alias=adempiere [25]
00:11:45.513 ConfigurationData.testAdempiere: OK: KeyStore = C:\Users\lion007\Documents\GitHub\adempiere\keystore\myKeystore [25]
00:11:45.514 Config.test: OK: AppsServer = DESKTOP-6CMVUMG/192.168.0.102 [25]
00:11:45.515 Config.test: OK: Deploy Directory = C:\Users\lion007\Documents\GitHub\adempiere\jboss\server\adempiere\deploy [25]
00:11:46.518 Config.test: OK: JNPPort = 1099 [25]
00:11:47.524 Config.test: OK: Web Port = 80 [25]
00:11:48.542 Config.test: OK: SSL Port = 443 [25]
00:11:48.543 Config.test: OK: Database Server = DESKTOP-6CMVUMG/192.168.0.102 [25]
-----------> ConfigurationData.testPort: Open Socket DESKTOP-6CMVUMG/192.168.0.102:5433 - Connection timed out: connect [25]
-----------> ConfigurationData.test: DB Server Port = 5433 [25]
===========> ConfigurationPanel$1.finished: Error Database Port 
(DB Server Port = 5433) [15]
00:12:50.275 Config.test: OK: JavaHome=C:\Program Files\Java\jdk1.7.0_80 [26]
00:12:50.276 Config.test: OK: Version=1.7.0_80 [26]
00:12:50.277 ConfigurationData.testAdempiere: OK: AdempiereHome = C:\Users\lion007\Documents\GitHub\adempiere [26]
00:12:50.278 KeyStoreMgt.<init>: C:\Users\lion007\Documents\GitHub\adempiere\keystore\myKeystore [26]
00:12:50.280   KeyStoreMgt.getCertificate: Alias=adempiere [26]
00:12:50.281 ConfigurationData.testAdempiere: OK: KeyStore = C:\Users\lion007\Documents\GitHub\adempiere\keystore\myKeystore [26]
00:12:50.282 Config.test: OK: AppsServer = DESKTOP-6CMVUMG/192.168.0.102 [26]
00:12:50.284 Config.test: OK: Deploy Directory = C:\Users\lion007\Documents\GitHub\adempiere\jboss\server\adempiere\deploy [26]
00:12:51.302 Config.test: OK: JNPPort = 1099 [26]
00:12:52.336 Config.test: OK: Web Port = 80 [26]
00:12:53.343 Config.test: OK: SSL Port = 443 [26]
00:12:53.345 Config.test: OK: Database Server = DESKTOP-6CMVUMG/192.168.0.102 [26]
-----------> ConfigurationData.testPort: Open Socket DESKTOP-6CMVUMG/192.168.0.102:5433 - Connection timed out: connect [26]
-----------> ConfigurationData.test: DB Server Port = 5433 [26]
===========> ConfigurationPanel$1.finished: Error Database Port 
(DB Server Port = 5433) [15]
00:13:38.888 Config.test: OK: JavaHome=C:\Program Files\Java\jdk1.7.0_80 [27]
00:13:38.888 Config.test: OK: Version=1.7.0_80 [27]
00:13:38.888 ConfigurationData.testAdempiere: OK: AdempiereHome = C:\Users\lion007\Documents\GitHub\adempiere [27]
00:13:38.889 KeyStoreMgt.<init>: C:\Users\lion007\Documents\GitHub\adempiere\keystore\myKeystore [27]
00:13:38.890   KeyStoreMgt.getCertificate: Alias=adempiere [27]
00:13:38.890 ConfigurationData.testAdempiere: OK: KeyStore = C:\Users\lion007\Documents\GitHub\adempiere\keystore\myKeystore [27]
00:13:38.891 Config.test: OK: AppsServer = DESKTOP-6CMVUMG/192.168.0.102 [27]
00:13:38.892 Config.test: OK: Deploy Directory = C:\Users\lion007\Documents\GitHub\adempiere\jboss\server\adempiere\deploy [27]
00:13:39.896 Config.test: OK: JNPPort = 1099 [27]
00:13:40.899 Config.test: OK: Web Port = 80 [27]
00:13:41.908 Config.test: OK: SSL Port = 443 [27]
00:13:41.912 Config.test: OK: Database Server = localhost/127.0.0.1 [27]
00:13:41.916 Config.test: OK: Database Port = 5433 [27]
00:13:42.110 Config.test: OK: System Connection = jdbc:postgresql://localhost:5433/template1 [27]
00:13:42.163 Config.test: OK: Database User = adempiere [27]
00:13:42.197   ConfigurationData.testMailServer: OK: SMTP Server contacted [27]
00:13:42.198   ConfigurationData.testMailServer: OK: POP3 Server contacted [27]
00:13:42.199   ConfigurationData.testMailServer: OK: IMAP4 Server contacted [27]
===========> DB.getDatabase: No Database Connection [27]
-----------> EMail.setFrom: info@DESKTOP-6CMVUMG: java.lang.NullPointerException [27]
===========> DB.getDatabase: No Database Connection [27]
===========> ConfigurationData.testMailServer: null [27]
-----------> ConfigurationData.testMail: Not verified EMail = info@DESKTOP-6CMVUMG [27]
00:13:49.369 Config.test: OK: JavaHome=C:\Program Files\Java\jdk1.7.0_80 [30]
00:13:49.369 Config.test: OK: Version=1.7.0_80 [30]
00:13:49.370 ConfigurationData.testAdempiere: OK: AdempiereHome = C:\Users\lion007\Documents\GitHub\adempiere [30]
00:13:49.370 KeyStoreMgt.<init>: C:\Users\lion007\Documents\GitHub\adempiere\keystore\myKeystore [30]
00:13:49.371   KeyStoreMgt.getCertificate: Alias=adempiere [30]
00:13:49.372 ConfigurationData.testAdempiere: OK: KeyStore = C:\Users\lion007\Documents\GitHub\adempiere\keystore\myKeystore [30]
00:13:49.372 Config.test: OK: AppsServer = DESKTOP-6CMVUMG/192.168.0.102 [30]
00:13:49.373 Config.test: OK: Deploy Directory = C:\Users\lion007\Documents\GitHub\adempiere\jboss\server\adempiere\deploy [30]
00:13:50.375 Config.test: OK: JNPPort = 1099 [30]
00:13:51.381 Config.test: OK: Web Port = 80 [30]
00:13:52.390 Config.test: OK: SSL Port = 443 [30]
00:13:52.390 Config.test: OK: Database Server = localhost/127.0.0.1 [30]
00:13:52.391 Config.test: OK: Database Port = 5433 [30]
00:13:52.471 Config.test: OK: System Connection = jdbc:postgresql://localhost:5433/template1 [30]
00:13:52.522 Config.test: OK: Database User = adempiere [30]
00:13:52.523   ConfigurationData.testMailServer: OK: SMTP Server contacted [30]
00:13:52.524   ConfigurationData.testMailServer: OK: POP3 Server contacted [30]
00:13:52.525   ConfigurationData.testMailServer: OK: IMAP4 Server contacted [30]
===========> DB.getDatabase: No Database Connection [30]
-----------> EMail.setFrom: info@DESKTOP-6CMVUMG: java.lang.NullPointerException [30]
===========> DB.getDatabase: No Database Connection [30]
===========> ConfigurationData.testMailServer: null [30]
-----------> ConfigurationData.testMail: Not verified EMail = info@DESKTOP-6CMVUMG [30]
-----------> Ini.loadProperties: C:\Users\lion007\Documents\GitHub\adempiere\Adempiere.properties not found [15]
00:13:52.534   Ini.loadProperties: C:\Users\lion007\Documents\GitHub\adempiere\Adempiere.properties [15]
00:13:56.108 IniDialog.accept: License Accepted [15]
00:13:56.112 Ini.loadProperties: C:\Users\lion007\Documents\GitHub\adempiere\Adempiere.properties #28 [15]
00:13:56.114 ConfigurationData.save: C:\Users\lion007\Documents\GitHub\adempiere\AdempiereEnv.properties [15]
00:13:58.149 ConfigurationPanel.save: Starting Ant ...  [15]

*** 2017-03-18 00:17:57.888 Adempiere Log (CLogFile) ***
