*** 2017-10-24 15:24:51.971 Adempiere Log (CLogFile) ***
15:24:51.970   CLogMgt.setLevel: CONFIG [1]
15:24:52.019 ConfigurationData.load: C:\Users\lion007\Documents\GitHub\adempiere\AdempiereEnv.properties [1]
15:24:52.032 Config.test: OK: JavaHome=C:\Program Files\Java\jdk1.7.0_80 [1]
15:24:52.033 Config.test: OK: Version=1.7.0_80 [1]
15:24:52.033 ConfigurationData.testAdempiere: OK: AdempiereHome = C:\Users\lion007\Documents\GitHub\adempiere [1]
15:24:52.035 KeyStoreMgt.<init>: C:\Users\lion007\Documents\GitHub\adempiere\keystore\myKeystore [1]
15:24:52.052   KeyStoreMgt.getCertificate: Alias=adempiere [1]
15:24:52.057 ConfigurationData.testAdempiere: OK: KeyStore = C:\Users\lion007\Documents\GitHub\adempiere\keystore\myKeystore [1]
15:24:52.058 Config.test: OK: AppsServer = DESKTOP-6CMVUMG/192.168.0.147 [1]
15:24:52.058 Config.test: OK: Deploy Directory = C:\Users\lion007\Documents\GitHub\adempiere\jboss\server\adempiere\deploy [1]
15:24:53.065 Config.test: OK: JNPPort = 1099 [1]
15:24:54.148 Config.test: OK: Web Port = 80 [1]
15:24:55.588 Config.test: OK: SSL Port = 443 [1]
15:24:55.590 Config.test: OK: Database Server = localhost/127.0.0.1 [1]
15:24:55.593 Config.test: OK: Database Port = 5433 [1]
15:24:55.665 Config.test: OK: System Connection = jdbc:postgresql://localhost:5433/template1 [1]
15:24:55.694 Config.test: OK: Database User = adempiere [1]
-----------> ConfigurationData.testMail: Not valid:  - Illegal address [1]
15:24:55.716 Ini.loadProperties: C:\Users\lion007\Documents\GitHub\adempiere\Adempiere.properties #37 [1]
15:24:55.718 ConfigurationData.save: C:\Users\lion007\Documents\GitHub\adempiere\AdempiereEnv.properties [1]
15:24:55.727 SilentSetup.<init>: Starting Ant ...  [1]

*** 2017-10-24 15:28:00.853 Adempiere Log (CLogFile) ***
