*** 2017-10-24 15:31:10.56 Adempiere Log (CLogFile) ***
15:31:10.559 Adempiere.startup: ADempiere(r) Release 3.8.0_2015-03-01 -Smart Suite ERP,CRM and SCM- (c) 1999-2015 ADempiere(r); Implementation: ${ADEMPIERE_VERSION} 20171024-1524 - ${ADEMPIERE_VENDOR} [9]
15:31:10.561 Ini.loadProperties: C:\Users\lion007\Documents\GitHub\adempiere\Adempiere.properties #37 [9]
-----------> EMail.setFrom: you @ company.org: javax.mail.internet.AddressException: Local address contains control or whitespace in string ``you @ company.org'' [9]
-----------> EMail.addTo: you @ company.org: javax.mail.internet.AddressException: Local address contains control or whitespace in string ``you @ company.org'' [9]
-----------> EMail.isValid: From is invalid=null [9]
-----------> EMail.isValid: From is invalid=null [9]
-----------> MClient.sendEMail: Could NOT Send Email: Server started: ? to you @ company.org: Invalid Data (System) [9]
===========> Env.getContextAsDate: No value for: #Date [9]
-----------> FactLine.updateReverseLine: Not Found (try later) ,C_AcctSchema_ID=101, AD_Table_ID=319,Record_ID=102,Line_ID=102, Account_ID=587 [46]
-----------> FactLine.updateReverseLine: Not Found (try later) ,C_AcctSchema_ID=101, AD_Table_ID=319,Record_ID=104,Line_ID=106, Account_ID=587 [46]
-----------> FactLine.updateReverseLine: Not Found (try later) ,C_AcctSchema_ID=101, AD_Table_ID=319,Record_ID=105,Line_ID=107, Account_ID=587 [46]
-----------> FactLine.updateReverseLine: Not Found (try later) ,C_AcctSchema_ID=101, AD_Table_ID=319,Record_ID=105,Line_ID=108, Account_ID=587 [46]
-----------> FactLine.updateReverseLine: Not Found (try later) ,C_AcctSchema_ID=101, AD_Table_ID=319,Record_ID=105,Line_ID=109, Account_ID=587 [46]
-----------> FactLine.updateReverseLine: Not Found (try later) ,C_AcctSchema_ID=101, AD_Table_ID=319,Record_ID=105,Line_ID=110, Account_ID=587 [46]
-----------> FactLine.updateReverseLine: Not Found (try later) ,C_AcctSchema_ID=101, AD_Table_ID=319,Record_ID=105,Line_ID=111, Account_ID=587 [46]
-----------> FactLine.updateReverseLine: Not Found (try later) ,C_AcctSchema_ID=101, AD_Table_ID=319,Record_ID=105,Line_ID=112, Account_ID=587 [46]
-----------> FactLine.updateReverseLine: Not Found (try later) ,C_AcctSchema_ID=101, AD_Table_ID=319,Record_ID=105,Line_ID=113, Account_ID=587 [46]
-----------> FactLine.updateReverseLine: Not Found (try later) ,C_AcctSchema_ID=101, AD_Table_ID=319,Record_ID=105,Line_ID=114, Account_ID=587 [46]
-----------> FactLine.updateReverseLine: Not Found (try later) ,C_AcctSchema_ID=101, AD_Table_ID=319,Record_ID=105,Line_ID=115, Account_ID=587 [46]
-----------> FactLine.updateReverseLine: Not Found (try later) ,C_AcctSchema_ID=101, AD_Table_ID=319,Record_ID=105,Line_ID=116, Account_ID=587 [46]
-----------> FactLine.updateReverseLine: Not Found (try later) ,C_AcctSchema_ID=101, AD_Table_ID=319,Record_ID=106,Line_ID=117, Account_ID=587 [46]
-----------> FactLine.updateReverseLine: Not Found (try later) ,C_AcctSchema_ID=101, AD_Table_ID=319,Record_ID=106,Line_ID=118, Account_ID=587 [46]
-----------> FactLine.updateReverseLine: Not Found (try later) ,C_AcctSchema_ID=101, AD_Table_ID=319,Record_ID=106,Line_ID=119, Account_ID=587 [46]
-----------> FactLine.updateReverseLine: Not Found (try later) ,C_AcctSchema_ID=101, AD_Table_ID=319,Record_ID=106,Line_ID=120, Account_ID=587 [46]
-----------> FactLine.updateReverseLine: Not Found (try later) ,C_AcctSchema_ID=101, AD_Table_ID=319,Record_ID=106,Line_ID=121, Account_ID=587 [46]
-----------> FactLine.updateReverseLine: Not Found (try later) ,C_AcctSchema_ID=101, AD_Table_ID=319,Record_ID=106,Line_ID=122, Account_ID=587 [46]
-----------> EMail.setFrom: you @ company.org: javax.mail.internet.AddressException: Local address contains control or whitespace in string ``you @ company.org'' [47]
-----------> EMail.addTo: admin @ gardenworld.com: javax.mail.internet.AddressException: Local address contains control or whitespace in string ``admin @ gardenworld.com'' [47]
-----------> EMail.isValid: From is invalid=null [47]
-----------> EMail.isValid: From is invalid=null [47]
-----------> MClient.sendEmailNow: Could NOT Send Email: Inactivity Alert: Request 10000002 to admin @ gardenworld.com: Invalid Data (GardenWorld) [47]
-----------> MClient.createEMail: No To address: MUser[0,Name=null,EMailUserID=null] [50]
