*** 2017-11-03 22:30:41.669 Adempiere Log (CLogFile) ***
22:30:41.668 Adempiere.startup: ADempiere(r) Release 3.8.0_2015-03-01 -Smart Suite ERP,CRM and SCM- (c) 1999-2015 ADempiere(r); Implementation: ${ADEMPIERE_VERSION} 20171102-2225 - ${ADEMPIERE_VENDOR} [9]
22:30:41.672 Ini.loadProperties: C:\Users\lion007\Documents\GitHub\adempiere\Adempiere.properties #37 [9]
-----------> EMail.setFrom: you @ company.org: javax.mail.internet.AddressException: Local address contains control or whitespace in string ``you @ company.org'' [9]
-----------> EMail.addTo: you @ company.org: javax.mail.internet.AddressException: Local address contains control or whitespace in string ``you @ company.org'' [9]
-----------> EMail.isValid: From is invalid=null [9]
-----------> EMail.isValid: From is invalid=null [9]
-----------> MClient.sendEMail: Could NOT Send Email: Server started: ? to you @ company.org: Invalid Data (System) [9]
===========> Env.getContextAsDate: No value for: #Date [9]
-----------> EMail.setFrom: you @ company.org: javax.mail.internet.AddressException: Local address contains control or whitespace in string ``you @ company.org'' [44]
-----------> EMail.addTo: admin @ gardenworld.com: javax.mail.internet.AddressException: Local address contains control or whitespace in string ``admin @ gardenworld.com'' [44]
-----------> EMail.isValid: From is invalid=null [44]
-----------> EMail.isValid: From is invalid=null [44]
-----------> MClient.sendEmailNow: Could NOT Send Email: Inactivity Alert: Request 10000002 to admin @ gardenworld.com: Invalid Data (GardenWorld) [44]
-----------> EMail.setFrom: you @ company.org: javax.mail.internet.AddressException: Local address contains control or whitespace in string ``you @ company.org'' [44]
-----------> EMail.addTo: admin @ gardenworld.com: javax.mail.internet.AddressException: Local address contains control or whitespace in string ``admin @ gardenworld.com'' [44]
-----------> EMail.isValid: From is invalid=null [44]
-----------> EMail.isValid: From is invalid=null [44]
-----------> MClient.sendEmailNow: Could NOT Send Email: Inactivity Alert: Request 10000002 to admin @ gardenworld.com: Invalid Data (GardenWorld) [44]
-----------> EMail.setFrom: you @ company.org: javax.mail.internet.AddressException: Local address contains control or whitespace in string ``you @ company.org'' [44]
-----------> EMail.addTo: admin @ gardenworld.com: javax.mail.internet.AddressException: Local address contains control or whitespace in string ``admin @ gardenworld.com'' [44]
-----------> EMail.isValid: From is invalid=null [44]
-----------> EMail.isValid: From is invalid=null [44]
-----------> MClient.sendEmailNow: Could NOT Send Email: Inactivity Alert: Request 10000002 to admin @ gardenworld.com: Invalid Data (GardenWorld) [44]
-----------> EMail.setFrom: you @ company.org: javax.mail.internet.AddressException: Local address contains control or whitespace in string ``you @ company.org'' [44]
-----------> EMail.addTo: admin @ gardenworld.com: javax.mail.internet.AddressException: Local address contains control or whitespace in string ``admin @ gardenworld.com'' [44]
-----------> EMail.isValid: From is invalid=null [44]
-----------> EMail.isValid: From is invalid=null [44]
-----------> MClient.sendEmailNow: Could NOT Send Email: Inactivity Alert: Request 10000002 to admin @ gardenworld.com: Invalid Data (GardenWorld) [44]
-----------> EMail.setFrom: you @ company.org: javax.mail.internet.AddressException: Local address contains control or whitespace in string ``you @ company.org'' [44]
-----------> EMail.addTo: admin @ gardenworld.com: javax.mail.internet.AddressException: Local address contains control or whitespace in string ``admin @ gardenworld.com'' [44]
-----------> EMail.isValid: From is invalid=null [44]
-----------> EMail.isValid: From is invalid=null [44]
-----------> MClient.sendEmailNow: Could NOT Send Email: Inactivity Alert: Request 10000002 to admin @ gardenworld.com: Invalid Data (GardenWorld) [44]
-----------> EMail.setFrom: you @ company.org: javax.mail.internet.AddressException: Local address contains control or whitespace in string ``you @ company.org'' [44]
-----------> EMail.addTo: admin @ gardenworld.com: javax.mail.internet.AddressException: Local address contains control or whitespace in string ``admin @ gardenworld.com'' [44]
-----------> EMail.isValid: From is invalid=null [44]
-----------> EMail.isValid: From is invalid=null [44]
-----------> MClient.sendEmailNow: Could NOT Send Email: Inactivity Alert: Request 10000002 to admin @ gardenworld.com: Invalid Data (GardenWorld) [44]

*** 2017-11-04 00:01:46.522 Adempiere Log (CLogFile) ***
