*** 2017-04-18 10:57:57.751 Adempiere Log (CLogFile) ***
10:57:57.751 Adempiere.startup: ADempiere(r) Release 3.8.0_2015-03-01 -Smart Suite ERP,CRM and SCM- (c) 1999-2015 ADempiere(r); Implementation: ${ADEMPIERE_VERSION} 20170418-1042 - ${ADEMPIERE_VENDOR} [1]
10:57:57.752 Ini.loadProperties: C:\Users\lion007\Documents\GitHub\adempiere\Adempiere.properties #36 [1]
10:57:59.465   CLogMgt.setLevel: CONFIG [1]
10:57:59.567   MigrationLoader.loadXML: Processing migration files in directory: C:\Users\lion007\Documents\GitHub\adempiere\migration [1]
10:57:59.903   MigrationLoader.loadFile: Loading file: C:\Users\lion007\Documents\GitHub\adempiere\migration\370lts-380lts\xml\0000_120_Merge_Migration.xml [1]
10:58:00.028   MigrationLoader.applyMigration: Migration 0 - Merge migration - 3.8.0 (D) ---> Migration already applied - skipping. [1]
10:58:00.029   MigrationLoader.loadFile: Loading file: C:\Users\lion007\Documents\GitHub\adempiere\migration\dist\370lts-380lts\xml\0000_120_Merge_Migration.xml [1]
10:58:00.059   MigrationLoader.applyMigration: Migration 0 - Merge migration - 3.8.0 (D) ---> Migration already applied - skipping. [1]
10:58:00.061   MigrationLoader.loadFile: Loading file: C:\Users\lion007\Documents\GitHub\adempiere\migration\370lts-380lts\xml\0001_150_Create_charge_on_import_account.xml [1]
10:58:00.097   MigrationLoader.applyMigration: Migration 1 - Create charge when importing account - 3.8.0 (D) ---> Migration already applied - skipping. [1]
10:58:00.098   MigrationLoader.loadFile: Loading file: C:\Users\lion007\Documents\GitHub\adempiere\migration\dist\370lts-380lts\xml\0001_150_Create_charge_on_import_account.xml [1]
10:58:00.131   MigrationLoader.applyMigration: Migration 1 - Create charge when importing account - 3.8.0 (D) ---> Migration already applied - skipping. [1]
10:58:00.133   MigrationLoader.loadFile: Loading file: C:\Users\lion007\Documents\GitHub\adempiere\migration\370lts-380lts\xml\0002_160_Improve_initial_client_setup.xml [1]
10:58:00.153   MigrationLoader.applyMigration: Migration 2 - Improve initial setup - 3.8.0 (D) ---> Migration already applied - skipping. [1]
10:58:00.156   MigrationLoader.loadFile: Loading file: C:\Users\lion007\Documents\GitHub\adempiere\migration\dist\370lts-380lts\xml\0002_160_Improve_initial_client_setup.xml [1]
10:58:00.180   MigrationLoader.applyMigration: Migration 2 - Improve initial setup - 3.8.0 (D) ---> Migration already applied - skipping. [1]
10:58:00.183   MigrationLoader.loadFile: Loading file: C:\Users\lion007\Documents\GitHub\adempiere\migration\370lts-380lts\xml\0003_190_Copy_Report.xml [1]
10:58:00.198   MigrationLoader.applyMigration: Migration 3 - Copy report - 3.8.0 (D) ---> Migration already applied - skipping. [1]
10:58:00.199   MigrationLoader.loadFile: Loading file: C:\Users\lion007\Documents\GitHub\adempiere\migration\dist\370lts-380lts\xml\0003_190_Copy_Report.xml [1]
10:58:00.212   MigrationLoader.applyMigration: Migration 3 - Copy report - 3.8.0 (D) ---> Migration already applied - skipping. [1]
10:58:00.213   MigrationLoader.loadFile: Loading file: C:\Users\lion007\Documents\GitHub\adempiere\migration\370lts-380lts\xml\0004_360_memo_alert_and_lookup.xml [1]
10:58:00.346   MigrationLoader.applyMigration: Migration 4 - Memo, alert and lookup display - 3.8.0 (D) ---> Migration already applied - skipping. [1]
10:58:00.353   MigrationLoader.loadFile: Loading file: C:\Users\lion007\Documents\GitHub\adempiere\migration\dist\370lts-380lts\xml\0004_360_memo_alert_and_lookup.xml [1]
10:58:00.419   MigrationLoader.applyMigration: Migration 4 - Memo, alert and lookup display - 3.8.0 (D) ---> Migration already applied - skipping. [1]
10:58:00.421   MigrationLoader.loadFile: Loading file: C:\Users\lion007\Documents\GitHub\adempiere\migration\370lts-380lts\xml\0005_365_fix_chart_field_type.xml [1]
10:58:00.434   MigrationLoader.applyMigration: Migration 5 - Fix chart field type - 3.8.0 (D) ---> Migration already applied - skipping. [1]
10:58:00.435   MigrationLoader.loadFile: Loading file: C:\Users\lion007\Documents\GitHub\adempiere\migration\dist\370lts-380lts\xml\0005_365_fix_chart_field_type.xml [1]
10:58:00.448   MigrationLoader.applyMigration: Migration 5 - Fix chart field type - 3.8.0 (D) ---> Migration already applied - skipping. [1]
10:58:00.450   MigrationLoader.loadFile: Loading file: C:\Users\lion007\Documents\GitHub\adempiere\migration\370lts-380lts\xml\0006_460_Add_series_to_chart.xml [1]
10:58:00.462   MigrationLoader.applyMigration: Migration 6 - Add series to chart data - 3.8.0 (D) ---> Migration already applied - skipping. [1]
10:58:00.463   MigrationLoader.loadFile: Loading file: C:\Users\lion007\Documents\GitHub\adempiere\migration\dist\370lts-380lts\xml\0006_460_Add_series_to_chart.xml [1]
10:58:00.476   MigrationLoader.applyMigration: Migration 6 - Add series to chart data - 3.8.0 (D) ---> Migration already applied - skipping. [1]
10:58:00.478   MigrationLoader.loadFile: Loading file: C:\Users\lion007\Documents\GitHub\adempiere\migration\370lts-380lts\xml\0007_550_Grid_Column_display.xml [1]
10:58:00.494   MigrationLoader.applyMigration: Migration 7 - Grid column display - 3.8.0 (D) ---> Migration already applied - skipping. [1]
10:58:00.495   MigrationLoader.loadFile: Loading file: C:\Users\lion007\Documents\GitHub\adempiere\migration\dist\370lts-380lts\xml\0007_550_Grid_Column_display.xml [1]
10:58:00.509   MigrationLoader.applyMigration: Migration 7 - Grid column display - 3.8.0 (D) ---> Migration already applied - skipping. [1]
10:58:00.512   MigrationLoader.loadFile: Loading file: C:\Users\lion007\Documents\GitHub\adempiere\migration\370lts-380lts\xml\0008_551_Add_InfoFactoryClass_CopyFrom_For_SB.xml [1]
10:58:00.527   MigrationLoader.applyMigration: Migration 8 - Add InfoFactoryClass for Smart Browse - 3.8.0 (D) ---> Migration already applied - skipping. [1]
10:58:00.528   MigrationLoader.loadFile: Loading file: C:\Users\lion007\Documents\GitHub\adempiere\migration\dist\370lts-380lts\xml\0008_551_Add_InfoFactoryClass_CopyFrom_For_SB.xml [1]
10:58:00.539   MigrationLoader.applyMigration: Migration 8 - Add InfoFactoryClass for Smart Browse - 3.8.0 (D) ---> Migration already applied - skipping. [1]
10:58:00.543   MigrationLoader.loadFile: Loading file: C:\Users\lion007\Documents\GitHub\adempiere\migration\370lts-380lts\xml\0009_560_CRM.xml [1]
10:58:00.693   MigrationLoader.applyMigration: Migration 9 - CRM - 3.8.0 (D) ---> Migration already applied - skipping. [1]
10:58:00.695   MigrationLoader.loadFile: Loading file: C:\Users\lion007\Documents\GitHub\adempiere\migration\dist\370lts-380lts\xml\0009_560_CRM.xml [1]
10:58:00.788   MigrationLoader.applyMigration: Migration 9 - CRM - 3.8.0 (D) ---> Migration already applied - skipping. [1]
10:58:00.790   MigrationLoader.loadFile: Loading file: C:\Users\lion007\Documents\GitHub\adempiere\migration\370lts-380lts\xml\0010_561_Cashflow_Management.xml [1]
10:58:00.813   MigrationLoader.applyMigration: Migration 10 - Cash Flow Management - 3.8.0 (D) ---> Migration already applied - skipping. [1]
10:58:00.815   MigrationLoader.loadFile: Loading file: C:\Users\lion007\Documents\GitHub\adempiere\migration\dist\370lts-380lts\xml\0010_561_Cashflow_Management.xml [1]
10:58:00.835   MigrationLoader.applyMigration: Migration 10 - Cash Flow Management - 3.8.0 (D) ---> Migration already applied - skipping. [1]
10:58:00.837   MigrationLoader.loadFile: Loading file: C:\Users\lion007\Documents\GitHub\adempiere\migration\370lts-380lts\xml\0011_562_CheckOnHand.xml [1]
10:58:00.847   MigrationLoader.applyMigration: Migration 11 - Alert quantity on hand is insufficient - 3.8.0 (D) ---> Migration already applied - skipping. [1]
10:58:00.848   MigrationLoader.loadFile: Loading file: C:\Users\lion007\Documents\GitHub\adempiere\migration\dist\370lts-380lts\xml\0011_562_CheckOnHand.xml [1]
10:58:00.860   MigrationLoader.applyMigration: Migration 11 - Alert quantity on hand is insufficient - 3.8.0 (D) ---> Migration already applied - skipping. [1]
10:58:00.861   MigrationLoader.loadFile: Loading file: C:\Users\lion007\Documents\GitHub\adempiere\migration\370lts-380lts\xml\0012_563_CostingByWarehouse.xml [1]
10:58:00.870   MigrationLoader.applyMigration: Migration 12 - CostEngine by Warehouse - 3.8.0 (D) ---> Migration already applied - skipping. [1]
10:58:00.871   MigrationLoader.loadFile: Loading file: C:\Users\lion007\Documents\GitHub\adempiere\migration\dist\370lts-380lts\xml\0012_563_CostingByWarehouse.xml [1]
10:58:00.881   MigrationLoader.applyMigration: Migration 12 - CostEngine by Warehouse - 3.8.0 (D) ---> Migration already applied - skipping. [1]
10:58:00.882   MigrationLoader.loadFile: Loading file: C:\Users\lion007\Documents\GitHub\adempiere\migration\370lts-380lts\xml\0013_564_DefaultsForSmartBrowser.xml [1]
10:58:00.892   MigrationLoader.applyMigration: Migration 13 - Defaults for Smart browser  - 3.8.0 (D) ---> Migration already applied - skipping. [1]
10:58:00.893   MigrationLoader.loadFile: Loading file: C:\Users\lion007\Documents\GitHub\adempiere\migration\dist\370lts-380lts\xml\0013_564_DefaultsForSmartBrowser.xml [1]
10:58:00.903   MigrationLoader.applyMigration: Migration 13 - Defaults for Smart browser  - 3.8.0 (D) ---> Migration already applied - skipping. [1]
10:58:00.905   MigrationLoader.loadFile: Loading file: C:\Users\lion007\Documents\GitHub\adempiere\migration\370lts-380lts\xml\0014_565_ManufacturingScheduling.xml [1]
10:58:01.019   MigrationLoader.applyMigration: Migration 14 - Manufacturing Scheduling - 3.8.0 (D) ---> Migration already applied - skipping. [1]
10:58:01.020   MigrationLoader.loadFile: Loading file: C:\Users\lion007\Documents\GitHub\adempiere\migration\dist\370lts-380lts\xml\0014_565_ManufacturingScheduling.xml [1]
10:58:01.147   MigrationLoader.applyMigration: Migration 14 - Manufacturing Scheduling - 3.8.0 (D) ---> Migration already applied - skipping. [1]
10:58:01.148   MigrationLoader.loadFile: Loading file: C:\Users\lion007\Documents\GitHub\adempiere\migration\370lts-380lts\xml\0015_580_ImportProductASI.xml [1]
10:58:01.164   MigrationLoader.applyMigration: Migration 15 - Import Product ASI - 3.8.0 (D) ---> Migration already applied - skipping. [1]
10:58:01.165   MigrationLoader.loadFile: Loading file: C:\Users\lion007\Documents\GitHub\adempiere\migration\dist\370lts-380lts\xml\0015_580_ImportProductASI.xml [1]
10:58:01.184   MigrationLoader.applyMigration: Migration 15 - Import Product ASI - 3.8.0 (D) ---> Migration already applied - skipping. [1]
10:58:01.185   MigrationLoader.loadFile: Loading file: C:\Users\lion007\Documents\GitHub\adempiere\migration\370lts-380lts\xml\0016_700_Import_field_default.xml [1]
10:58:01.197   MigrationLoader.applyMigration: Migration 16 - Import field default value - 3.8.0 (D) ---> Migration already applied - skipping. [1]
10:58:01.198   MigrationLoader.loadFile: Loading file: C:\Users\lion007\Documents\GitHub\adempiere\migration\dist\370lts-380lts\xml\0016_700_Import_field_default.xml [1]
10:58:01.208   MigrationLoader.applyMigration: Migration 16 - Import field default value - 3.8.0 (D) ---> Migration already applied - skipping. [1]
10:58:01.210   MigrationLoader.loadFile: Loading file: C:\Users\lion007\Documents\GitHub\adempiere\migration\370lts-380lts\xml\0017_710_ViewColumnTranslation.xml [1]
10:58:01.221   MigrationLoader.applyMigration: Migration 17 - View Column - 3.8.0 (D) ---> Migration already applied - skipping. [1]
10:58:01.221   MigrationLoader.loadFile: Loading file: C:\Users\lion007\Documents\GitHub\adempiere\migration\dist\370lts-380lts\xml\0017_710_ViewColumnTranslation.xml [1]
10:58:01.232   MigrationLoader.applyMigration: Migration 17 - View Column - 3.8.0 (D) ---> Migration already applied - skipping. [1]
10:58:01.233   MigrationLoader.loadFile: Loading file: C:\Users\lion007\Documents\GitHub\adempiere\migration\370lts-380lts\xml\0018_Simplified_GL_Journal.xml [1]
10:58:01.250   MigrationLoader.applyMigration: Migration 18 - Simplified Gl journal - 3.8.0 (D) ---> Migration already applied - skipping. [1]
10:58:01.252   MigrationLoader.loadFile: Loading file: C:\Users\lion007\Documents\GitHub\adempiere\migration\dist\370lts-380lts\xml\0018_Simplified_GL_Journal.xml [1]
10:58:01.270   MigrationLoader.applyMigration: Migration 18 - Simplified Gl journal - 3.8.0 (D) ---> Migration already applied - skipping. [1]
10:58:01.272   MigrationLoader.loadFile: Loading file: C:\Users\lion007\Documents\GitHub\adempiere\migration\370lts-380lts\xml\0019_1990_Set_ZK_ID_Generator_for_SAHI_Testing.xml [1]
10:58:01.283   MigrationLoader.applyMigration: Migration 19 - Set the ZK ID Generator for Sahi Testing - 3.8.0 (D) ---> Migration already applied - skipping. [1]
10:58:01.284   MigrationLoader.loadFile: Loading file: C:\Users\lion007\Documents\GitHub\adempiere\migration\dist\370lts-380lts\xml\0019_1990_Set_ZK_ID_Generator_for_SAHI_Testing.xml [1]
10:58:01.294   MigrationLoader.applyMigration: Migration 19 - Set the ZK ID Generator for Sahi Testing - 3.8.0 (D) ---> Migration already applied - skipping. [1]
10:58:01.295   MigrationLoader.loadFile: Loading file: C:\Users\lion007\Documents\GitHub\adempiere\migration\370lts-380lts\xml\0020_RecruitmentManagement.xml [1]
10:58:01.511   MigrationLoader.applyMigration: Migration 20 - Recruitment Management - 3.8.0 (D) ---> Migration already applied - skipping. [1]
10:58:01.512   MigrationLoader.loadFile: Loading file: C:\Users\lion007\Documents\GitHub\adempiere\migration\dist\370lts-380lts\xml\0020_RecruitmentManagement.xml [1]
10:58:01.644   MigrationLoader.applyMigration: Migration 20 - Recruitment Management - 3.8.0 (D) ---> Migration already applied - skipping. [1]
10:58:01.645   MigrationLoader.loadFile: Loading file: C:\Users\lion007\Documents\GitHub\adempiere\migration\370lts-380lts\xml\0021_CostTransactionDetail.xml [1]
10:58:01.658   MigrationLoader.applyMigration: Migration 21 - Cost Transaction Detail - 3.8.0 (D) ---> Migration already applied - skipping. [1]
10:58:01.660   MigrationLoader.loadFile: Loading file: C:\Users\lion007\Documents\GitHub\adempiere\migration\dist\370lts-380lts\xml\0021_CostTransactionDetail.xml [1]
10:58:01.673   MigrationLoader.applyMigration: Migration 21 - Cost Transaction Detail - 3.8.0 (D) ---> Migration already applied - skipping. [1]
10:58:01.676   MigrationLoader.loadFile: Loading file: C:\Users\lion007\Documents\GitHub\adempiere\migration\370lts-380lts\xml\0022_AddValidToInPayrollMovement Import.xml [1]
10:58:01.686   MigrationLoader.applyMigration: Migration 22 - Add Valid to in Payroll Movement Import - 3.8.0 (D) ---> Migration already applied - skipping. [1]
10:58:01.687   MigrationLoader.loadFile: Loading file: C:\Users\lion007\Documents\GitHub\adempiere\migration\dist\370lts-380lts\xml\0022_AddValidToInPayrollMovement Import.xml [1]
10:58:01.698   MigrationLoader.applyMigration: Migration 22 - Add Valid to in Payroll Movement Import - 3.8.0 (D) ---> Migration already applied - skipping. [1]
10:58:01.698   MigrationLoader.loadFile: Loading file: C:\Users\lion007\Documents\GitHub\adempiere\migration\370lts-380lts\xml\0023_FixDictionaryDefinition.xml [1]
10:58:01.708   MigrationLoader.applyMigration: Migration 23 - Fix Dictionary Definition - 3.8.0 (D) ---> Migration already applied - skipping. [1]
10:58:01.709   MigrationLoader.loadFile: Loading file: C:\Users\lion007\Documents\GitHub\adempiere\migration\dist\370lts-380lts\xml\0023_FixDictionaryDefinition.xml [1]
10:58:01.718   MigrationLoader.applyMigration: Migration 23 - Fix Dictionary Definition - 3.8.0 (D) ---> Migration already applied - skipping. [1]
10:58:01.719   MigrationLoader.loadFile: Loading file: C:\Users\lion007\Documents\GitHub\adempiere\migration\370lts-380lts\xml\0024_AddMessageIsProductAttribute.xml [1]
10:58:01.730   MigrationLoader.applyMigration: Migration 24 - Adempiere-301 Add message for IsProductAttribute - 3.8.0 (D) ---> Migration already applied - skipping. [1]
10:58:01.730   MigrationLoader.loadFile: Loading file: C:\Users\lion007\Documents\GitHub\adempiere\migration\dist\370lts-380lts\xml\0024_AddMessageIsProductAttribute.xml [1]
10:58:01.740   MigrationLoader.applyMigration: Migration 24 - Adempiere-301 Add message for IsProductAttribute - 3.8.0 (D) ---> Migration already applied - skipping. [1]
10:58:01.741   MigrationLoader.loadFile: Loading file: C:\Users\lion007\Documents\GitHub\adempiere\migration\370lts-380lts\xml\0025_AddIsShowTotaSmartBrowser.xml [1]
10:58:01.751   MigrationLoader.applyMigration: Migration 25 - Is Shown Total - 3.8.0 (D) ---> Migration already applied - skipping. [1]
10:58:01.752   MigrationLoader.loadFile: Loading file: C:\Users\lion007\Documents\GitHub\adempiere\migration\dist\370lts-380lts\xml\0025_AddIsShowTotaSmartBrowser.xml [1]
10:58:01.762   MigrationLoader.applyMigration: Migration 25 - Is Shown Total - 3.8.0 (D) ---> Migration already applied - skipping. [1]
10:58:01.764   MigrationLoader.loadFile: Loading file: C:\Users\lion007\Documents\GitHub\adempiere\migration\370lts-380lts\xml\0026_SetIdentifiersMigrationTable.xml [1]
10:58:01.777   MigrationLoader.applyMigration: Migration 26 - Set identifiers to columns for migration table - 3.8.0 (D) ---> Migration already applied - skipping. [1]
10:58:01.778   MigrationLoader.loadFile: Loading file: C:\Users\lion007\Documents\GitHub\adempiere\migration\dist\370lts-380lts\xml\0026_SetIdentifiersMigrationTable.xml [1]
10:58:01.787   MigrationLoader.applyMigration: Migration 26 - Set identifiers to columns for migration table - 3.8.0 (D) ---> Migration already applied - skipping. [1]
10:58:01.788   MigrationLoader.loadFile: Loading file: C:\Users\lion007\Documents\GitHub\adempiere\migration\370lts-380lts\xml\0027_Sales_Management_Fix.xml [1]
10:58:01.797   MigrationLoader.applyMigration: Migration 27 - Sales Management fixes - 3.8.0 (D) ---> Migration already applied - skipping. [1]
10:58:01.798   MigrationLoader.loadFile: Loading file: C:\Users\lion007\Documents\GitHub\adempiere\migration\dist\370lts-380lts\xml\0027_Sales_Management_Fix.xml [1]
10:58:01.807   MigrationLoader.applyMigration: Migration 27 - Sales Management fixes - 3.8.0 (D) ---> Migration already applied - skipping. [1]
10:58:01.808   MigrationLoader.loadFile: Loading file: C:\Users\lion007\Documents\GitHub\adempiere\migration\370lts-380lts\xml\0028_TheAdvancedZoomAndRelationTypes.xml [1]
10:58:01.816   MigrationLoader.applyMigration: Migration 28 - The Advanced Zoom and RelationTypes do not work ADEMPIERE-80 - 3.8.0 (D) ---> Migration already applied - skipping. [1]
10:58:01.817   MigrationLoader.loadFile: Loading file: C:\Users\lion007\Documents\GitHub\adempiere\migration\dist\370lts-380lts\xml\0028_TheAdvancedZoomAndRelationTypes.xml [1]
10:58:01.826   MigrationLoader.applyMigration: Migration 28 - The Advanced Zoom and RelationTypes do not work ADEMPIERE-80 - 3.8.0 (D) ---> Migration already applied - skipping. [1]
10:58:01.827   MigrationLoader.loadFile: Loading file: C:\Users\lion007\Documents\GitHub\adempiere\migration\370lts-380lts\xml\0029_ImplementEmbeddedOrHorizontalTab.xml [1]
10:58:01.835   MigrationLoader.applyMigration: Migration 29 - Implement embedded or horizontal - 3.8.0 (D) ---> Migration already applied - skipping. [1]
10:58:01.836   MigrationLoader.loadFile: Loading file: C:\Users\lion007\Documents\GitHub\adempiere\migration\dist\370lts-380lts\xml\0029_ImplementEmbeddedOrHorizontalTab.xml [1]
10:58:01.845   MigrationLoader.applyMigration: Migration 29 - Implement embedded or horizontal - 3.8.0 (D) ---> Migration already applied - skipping. [1]
10:58:01.846   MigrationLoader.loadFile: Loading file: C:\Users\lion007\Documents\GitHub\adempiere\migration\370lts-380lts\xml\0030_ImplementCreateLandedCostDistribution.xml [1]
10:58:01.918   MigrationLoader.applyMigration: Migration 30 - Implement functionality to create landed cost - 3.8.0 (D) ---> Migration already applied - skipping. [1]
10:58:01.920   MigrationLoader.loadFile: Loading file: C:\Users\lion007\Documents\GitHub\adempiere\migration\dist\370lts-380lts\xml\0030_ImplementCreateLandedCostDistribution.xml [1]
10:58:01.945   MigrationLoader.applyMigration: Migration 30 - Implement functionality to create landed cost - 3.8.0 (D) ---> Migration already applied - skipping. [1]
10:58:01.947   MigrationLoader.loadFile: Loading file: C:\Users\lion007\Documents\GitHub\adempiere\migration\370lts-380lts\xml\0031_ADEMPIERE-316_MigrationMessages.xml [1]
10:58:01.954   MigrationLoader.applyMigration: Migration 31 - ADEMPIERE-316 PreventActionsWhileLogging - 3.8.0 (D) ---> Migration already applied - skipping. [1]
10:58:01.956   MigrationLoader.loadFile: Loading file: C:\Users\lion007\Documents\GitHub\adempiere\migration\dist\370lts-380lts\xml\0031_ADEMPIERE-316_MigrationMessages.xml [1]
10:58:01.966   MigrationLoader.applyMigration: Migration 31 - ADEMPIERE-316 PreventActionsWhileLogging - 3.8.0 (D) ---> Migration already applied - skipping. [1]
10:58:01.966   MigrationLoader.loadFile: Loading file: C:\Users\lion007\Documents\GitHub\adempiere\migration\370lts-380lts\xml\0032_ADEMPIERE-72_Info_Window_Updates.xml [1]
10:58:01.976   MigrationLoader.applyMigration: Migration 32 - ADEMPIERE-72 - Info Window Improvements - 3.8.0 (D) ---> Migration already applied - skipping. [1]
10:58:01.977   MigrationLoader.loadFile: Loading file: C:\Users\lion007\Documents\GitHub\adempiere\migration\dist\370lts-380lts\xml\0032_ADEMPIERE-72_Info_Window_Updates.xml [1]
10:58:01.987   MigrationLoader.applyMigration: Migration 32 - ADEMPIERE-72 - Info Window Improvements - 3.8.0 (D) ---> Migration already applied - skipping. [1]
10:58:01.988   MigrationLoader.loadFile: Loading file: C:\Users\lion007\Documents\GitHub\adempiere\migration\370lts-380lts\xml\0033_SelectParentIDFlagInMigrationTables.xml [1]
10:58:01.997   MigrationLoader.applyMigration: Migration 33 - Fix column parent ID in migration tables - 3.8.0 (D) ---> Migration already applied - skipping. [1]
10:58:01.998   MigrationLoader.loadFile: Loading file: C:\Users\lion007\Documents\GitHub\adempiere\migration\dist\370lts-380lts\xml\0033_SelectParentIDFlagInMigrationTables.xml [1]
10:58:02.007   MigrationLoader.applyMigration: Migration 33 - Fix column parent ID in migration tables - 3.8.0 (D) ---> Migration already applied - skipping. [1]
10:58:02.008   MigrationLoader.loadFile: Loading file: C:\Users\lion007\Documents\GitHub\adempiere\migration\370lts-380lts\xml\0034_GardenWorld2012-13-14.xml [1]
10:58:02.039   MigrationLoader.applyMigration: Migration 34 - Garden World 2012 2013 2014 period - 3.8.0 (D) ---> Migration already applied - skipping. [1]
10:58:02.041   MigrationLoader.loadFile: Loading file: C:\Users\lion007\Documents\GitHub\adempiere\migration\dist\370lts-380lts\xml\0034_GardenWorld2012-13-14.xml [1]
10:58:02.071   MigrationLoader.applyMigration: Migration 34 - Garden World 2012 2013 2014 period - 3.8.0 (D) ---> Migration already applied - skipping. [1]
10:58:02.073   MigrationLoader.loadFile: Loading file: C:\Users\lion007\Documents\GitHub\adempiere\migration\370lts-380lts\xml\0035_IsAllowCopy.xml [1]
10:58:02.083   MigrationLoader.applyMigration: Migration 35 - Is Allow Copy - 3.8.0 (D) ---> Migration already applied - skipping. [1]
10:58:02.084   MigrationLoader.loadFile: Loading file: C:\Users\lion007\Documents\GitHub\adempiere\migration\dist\370lts-380lts\xml\0035_IsAllowCopy.xml [1]
10:58:02.094   MigrationLoader.applyMigration: Migration 35 - Is Allow Copy - 3.8.0 (D) ---> Migration already applied - skipping. [1]
10:58:02.095   MigrationLoader.loadFile: Loading file: C:\Users\lion007\Documents\GitHub\adempiere\migration\370lts-380lts\xml\0036_AddNewFieldPayrollMovement.xml [1]
10:58:02.106   MigrationLoader.applyMigration: Migration 36 - Add new field payroll movement - 3.8.0 (D) ---> Migration already applied - skipping. [1]
10:58:02.107   MigrationLoader.loadFile: Loading file: C:\Users\lion007\Documents\GitHub\adempiere\migration\dist\370lts-380lts\xml\0036_AddNewFieldPayrollMovement.xml [1]
10:58:02.120   MigrationLoader.applyMigration: Migration 36 - Add new field payroll movement - 3.8.0 (D) ---> Migration already applied - skipping. [1]
10:58:02.123   MigrationLoader.loadFile: Loading file: C:\Users\lion007\Documents\GitHub\adempiere\migration\370lts-380lts\xml\0037_ImportEmployeeAttribute.xml [1]
10:58:02.134   MigrationLoader.applyMigration: Migration 37 - Import Employee Attribute - 3.8.0 (D) ---> Migration already applied - skipping. [1]
10:58:02.135   MigrationLoader.loadFile: Loading file: C:\Users\lion007\Documents\GitHub\adempiere\migration\dist\370lts-380lts\xml\0037_ImportEmployeeAttribute.xml [1]
10:58:02.148   MigrationLoader.applyMigration: Migration 37 - Import Employee Attribute - 3.8.0 (D) ---> Migration already applied - skipping. [1]
10:58:02.149   MigrationLoader.loadFile: Loading file: C:\Users\lion007\Documents\GitHub\adempiere\migration\370lts-380lts\xml\0038_HistoryPayrollMovement.xml [1]
10:58:02.178   MigrationLoader.applyMigration: Migration 38 - History Payroll Movement - 3.8.0 (D) ---> Migration already applied - skipping. [1]
10:58:02.179   MigrationLoader.loadFile: Loading file: C:\Users\lion007\Documents\GitHub\adempiere\migration\dist\370lts-380lts\xml\0038_HistoryPayrollMovement.xml [1]
10:58:02.207   MigrationLoader.applyMigration: Migration 38 - History Payroll Movement - 3.8.0 (D) ---> Migration already applied - skipping. [1]
10:58:02.208   MigrationLoader.loadFile: Loading file: C:\Users\lion007\Documents\GitHub\adempiere\migration\370lts-380lts\xml\0039_ChangesToSupportCosting.xml [1]
10:58:02.218   MigrationLoader.applyMigration: Migration 39 - Changes to support costing - 3.8.0 (D) ---> Migration already applied - skipping. [1]
10:58:02.219   MigrationLoader.loadFile: Loading file: C:\Users\lion007\Documents\GitHub\adempiere\migration\dist\370lts-380lts\xml\0039_ChangesToSupportCosting.xml [1]
10:58:02.230   MigrationLoader.applyMigration: Migration 39 - Changes to support costing - 3.8.0 (D) ---> Migration already applied - skipping. [1]
10:58:02.230   MigrationLoader.loadFile: Loading file: C:\Users\lion007\Documents\GitHub\adempiere\migration\370lts-380lts\xml\0040_ViewProductCosting.xml [1]
10:58:02.240   MigrationLoader.applyMigration: Migration 40 - Remove View Product Costing - 3.8.0 (D) ---> Migration already applied - skipping. [1]
10:58:02.241   MigrationLoader.loadFile: Loading file: C:\Users\lion007\Documents\GitHub\adempiere\migration\dist\370lts-380lts\xml\0040_ViewProductCosting.xml [1]
10:58:02.252   MigrationLoader.applyMigration: Migration 40 - Remove View Product Costing - 3.8.0 (D) ---> Migration already applied - skipping. [1]
10:58:02.252   MigrationLoader.loadFile: Loading file: C:\Users\lion007\Documents\GitHub\adempiere\migration\370lts-380lts\xml\0041_ModifyProductionCreate.xml [1]
10:58:02.265   MigrationLoader.applyMigration: Migration 41 - Modify process ProductionCreate - 3.8.0 (D) ---> Migration already applied - skipping. [1]
10:58:02.267   MigrationLoader.loadFile: Loading file: C:\Users\lion007\Documents\GitHub\adempiere\migration\dist\370lts-380lts\xml\0041_ModifyProductionCreate.xml [1]
10:58:02.277   MigrationLoader.applyMigration: Migration 41 - Modify process ProductionCreate - 3.8.0 (D) ---> Migration already applied - skipping. [1]
10:58:02.278   MigrationLoader.loadFile: Loading file: C:\Users\lion007\Documents\GitHub\adempiere\migration\370lts-380lts\xml\0042_AddMissingMessagesForAdvSearch.xml [1]
10:58:02.286   MigrationLoader.applyMigration: Migration 42 - Add missing messages for advanced search - 3.8.0 (D) ---> Migration already applied - skipping. [1]
10:58:02.288   MigrationLoader.loadFile: Loading file: C:\Users\lion007\Documents\GitHub\adempiere\migration\dist\370lts-380lts\xml\0042_AddMissingMessagesForAdvSearch.xml [1]
10:58:02.297   MigrationLoader.applyMigration: Migration 42 - Add missing messages for advanced search - 3.8.0 (D) ---> Migration already applied - skipping. [1]
10:58:02.298   MigrationLoader.loadFile: Loading file: C:\Users\lion007\Documents\GitHub\adempiere\migration\370lts-380lts\xml\0043_AddProcessedFieldtoADMigration.xml [1]
10:58:02.307   MigrationLoader.applyMigration: Migration 43 - Adding processed field to AD_Migration table to indicate the - 3.8.0 (D) ---> Migration already applied - skipping. [1]
10:58:02.308   MigrationLoader.loadFile: Loading file: C:\Users\lion007\Documents\GitHub\adempiere\migration\dist\370lts-380lts\xml\0043_AddProcessedFieldtoADMigration.xml [1]
10:58:02.317   MigrationLoader.applyMigration: Migration 43 - Adding processed field to AD_Migration table to indicate the - 3.8.0 (D) ---> Migration already applied - skipping. [1]
10:58:02.318   MigrationLoader.loadFile: Loading file: C:\Users\lion007\Documents\GitHub\adempiere\migration\370lts-380lts\xml\0044_FixMenuPosition.xml [1]
10:58:02.327   MigrationLoader.applyMigration: Migration 44 - Fix Menu Position - 3.8.0 (D) ---> Migration already applied - skipping. [1]
10:58:02.328   MigrationLoader.loadFile: Loading file: C:\Users\lion007\Documents\GitHub\adempiere\migration\dist\370lts-380lts\xml\0044_FixMenuPosition.xml [1]
10:58:02.337   MigrationLoader.applyMigration: Migration 44 - Fix Menu Position - 3.8.0 (D) ---> Migration already applied - skipping. [1]
10:58:02.338   MigrationLoader.loadFile: Loading file: C:\Users\lion007\Documents\GitHub\adempiere\migration\370lts-380lts\xml\0045_AddNewFontSizeDefinition.xml [1]
10:58:02.347   MigrationLoader.applyMigration: Migration 45 - Add new font size definition - 3.8.0 (D) ---> Migration already applied - skipping. [1]
10:58:02.348   MigrationLoader.loadFile: Loading file: C:\Users\lion007\Documents\GitHub\adempiere\migration\dist\370lts-380lts\xml\0045_AddNewFontSizeDefinition.xml [1]
10:58:02.361   MigrationLoader.applyMigration: Migration 45 - Add new font size definition - 3.8.0 (D) ---> Migration already applied - skipping. [1]
10:58:02.362   MigrationLoader.loadFile: Loading file: C:\Users\lion007\Documents\GitHub\adempiere\migration\370lts-380lts\xml\0046_ManufacturingOrderCost.xml [1]
10:58:02.384   MigrationLoader.applyMigration: Migration 46 - Manufacturing Order Cost - 3.8.0 (EE01) ---> Migration already applied - skipping. [1]
10:58:02.386   MigrationLoader.loadFile: Loading file: C:\Users\lion007\Documents\GitHub\adempiere\migration\dist\370lts-380lts\xml\0046_ManufacturingOrderCost.xml [1]
10:58:02.408   MigrationLoader.applyMigration: Migration 46 - Manufacturing Order Cost - 3.8.0 (EE01) ---> Migration already applied - skipping. [1]
10:58:02.411   MigrationLoader.loadFile: Loading file: C:\Users\lion007\Documents\GitHub\adempiere\migration\370lts-380lts\xml\0047_MRPDetailDeleteCascade.xml [1]
10:58:02.418   MigrationLoader.applyMigration: Migration 47 - MRP Detail Delete Cascade - 3.8.0 (EE01) ---> Migration already applied - skipping. [1]
10:58:02.420   MigrationLoader.loadFile: Loading file: C:\Users\lion007\Documents\GitHub\adempiere\migration\dist\370lts-380lts\xml\0047_MRPDetailDeleteCascade.xml [1]
10:58:02.429   MigrationLoader.applyMigration: Migration 47 - MRP Detail Delete Cascade - 3.8.0 (EE01) ---> Migration already applied - skipping. [1]
10:58:02.430   MigrationLoader.loadFile: Loading file: C:\Users\lion007\Documents\GitHub\adempiere\migration\370lts-380lts\xml\0048_SetZKAdempiereLogo.xml [1]
10:58:02.439   MigrationLoader.applyMigration: Migration 48 - Set ZK Adempiere Logo - 3.8.0 (D) ---> Migration already applied - skipping. [1]
10:58:02.441   MigrationLoader.loadFile: Loading file: C:\Users\lion007\Documents\GitHub\adempiere\migration\dist\370lts-380lts\xml\0048_SetZKAdempiereLogo.xml [1]
10:58:02.450   MigrationLoader.applyMigration: Migration 48 - Set ZK Adempiere Logo - 3.8.0 (D) ---> Migration already applied - skipping. [1]
10:58:02.451   MigrationLoader.loadFile: Loading file: C:\Users\lion007\Documents\GitHub\adempiere\migration\370lts-380lts\xml\0049_GenerateMovementFromOrder.xml [1]
10:58:02.486   MigrationLoader.applyMigration: Migration 49 - Generate Movement from Order - 3.8.0 (C) ---> Migration already applied - skipping. [1]
10:58:02.488   MigrationLoader.loadFile: Loading file: C:\Users\lion007\Documents\GitHub\adempiere\migration\dist\370lts-380lts\xml\0049_GenerateMovementFromOrder.xml [1]
10:58:02.523   MigrationLoader.applyMigration: Migration 49 - Generate Movement from Order - 3.8.0 (C) ---> Migration already applied - skipping. [1]
10:58:02.525   MigrationLoader.loadFile: Loading file: C:\Users\lion007\Documents\GitHub\adempiere\migration\370lts-380lts\xml\0050_AddMessages.xml [1]
10:58:02.535   MigrationLoader.applyMigration: Migration 50 - Adding missing messages - 3.8.0 (D) ---> Migration already applied - skipping. [1]
10:58:02.536   MigrationLoader.loadFile: Loading file: C:\Users\lion007\Documents\GitHub\adempiere\migration\dist\370lts-380lts\xml\0050_AddMessages.xml [1]
10:58:02.546   MigrationLoader.applyMigration: Migration 50 - Adding missing messages - 3.8.0 (D) ---> Migration already applied - skipping. [1]
10:58:02.547   MigrationLoader.loadFile: Loading file: C:\Users\lion007\Documents\GitHub\adempiere\migration\370lts-380lts\xml\0051_AddGroupClassClassificationToProdImport.xml [1]
10:58:02.559   MigrationLoader.applyMigration: Migration 51 - Adding group, class and classification to product import - 3.8.0 (D) ---> Migration already applied - skipping. [1]
10:58:02.560   MigrationLoader.loadFile: Loading file: C:\Users\lion007\Documents\GitHub\adempiere\migration\dist\370lts-380lts\xml\0051_AddGroupClassClassificationToProdImport.xml [1]
10:58:02.570   MigrationLoader.applyMigration: Migration 51 - Adding group, class and classification to product import - 3.8.0 (D) ---> Migration already applied - skipping. [1]
10:58:02.571   MigrationLoader.loadFile: Loading file: C:\Users\lion007\Documents\GitHub\adempiere\migration\370lts-380lts\xml\0052_AddRevtoMigrationWindowSort.xml [1]
10:58:02.582   MigrationLoader.applyMigration: Migration 52 - Add ReleaseNo to Migration Window Sort Order - 3.8.0 (D) ---> Migration already applied - skipping. [1]
10:58:02.583   MigrationLoader.loadFile: Loading file: C:\Users\lion007\Documents\GitHub\adempiere\migration\dist\370lts-380lts\xml\0052_AddRevtoMigrationWindowSort.xml [1]
10:58:02.594   MigrationLoader.applyMigration: Migration 52 - Add ReleaseNo to Migration Window Sort Order - 3.8.0 (D) ---> Migration already applied - skipping. [1]
10:58:02.595   MigrationLoader.loadFile: Loading file: C:\Users\lion007\Documents\GitHub\adempiere\migration\370lts-380lts\xml\0053_ChangeMigrationIDColumns.xml [1]
10:58:02.604   MigrationLoader.applyMigration: Migration 53 - Change Migration identifier columns - add Release No. - 3.8.0 (D) ---> Migration already applied - skipping. [1]
10:58:02.605   MigrationLoader.loadFile: Loading file: C:\Users\lion007\Documents\GitHub\adempiere\migration\dist\370lts-380lts\xml\0053_ChangeMigrationIDColumns.xml [1]
10:58:02.616   MigrationLoader.applyMigration: Migration 53 - Change Migration identifier columns - add Release No. - 3.8.0 (D) ---> Migration already applied - skipping. [1]
10:58:02.617   MigrationLoader.loadFile: Loading file: C:\Users\lion007\Documents\GitHub\adempiere\migration\370lts-380lts\xml\0054_FixTabLevel.xml [1]
10:58:02.626   MigrationLoader.applyMigration: Migration 54 - Fix Tab Levels - 3.8.0 (D) ---> Migration already applied - skipping. [1]
10:58:02.627   MigrationLoader.loadFile: Loading file: C:\Users\lion007\Documents\GitHub\adempiere\migration\dist\370lts-380lts\xml\0054_FixTabLevel.xml [1]
10:58:02.636   MigrationLoader.applyMigration: Migration 54 - Fix Tab Levels - 3.8.0 (D) ---> Migration already applied - skipping. [1]
10:58:02.637   MigrationLoader.loadFile: Loading file: C:\Users\lion007\Documents\GitHub\adempiere\migration\370lts-380lts\xml\0055_CleanUpGW.xml [1]
10:58:02.648   MigrationLoader.applyMigration: Migration 55 - Add process to clean up Garden World - 3.8.0 (D) ---> Migration already applied - skipping. [1]
10:58:02.649   MigrationLoader.loadFile: Loading file: C:\Users\lion007\Documents\GitHub\adempiere\migration\dist\370lts-380lts\xml\0055_CleanUpGW.xml [1]
10:58:02.659   MigrationLoader.applyMigration: Migration 55 - Add process to clean up Garden World - 3.8.0 (D) ---> Migration already applied - skipping. [1]
10:58:02.660   MigrationLoader.loadFile: Loading file: C:\Users\lion007\Documents\GitHub\adempiere\migration\370lts-380lts\xml\0056_SB_ForecastSimulation.xml [1]
10:58:02.679   MigrationLoader.applyMigration: Migration 56 - Fix Smart Browser Forecast Simulation Result - 3.8.0 (EE01) ---> Migration already applied - skipping. [1]
10:58:02.679   MigrationLoader.loadFile: Loading file: C:\Users\lion007\Documents\GitHub\adempiere\migration\dist\370lts-380lts\xml\0056_SB_ForecastSimulation.xml [1]
10:58:02.696   MigrationLoader.applyMigration: Migration 56 - Fix Smart Browser Forecast Simulation Result - 3.8.0 (EE01) ---> Migration already applied - skipping. [1]
10:58:02.698   MigrationLoader.loadFile: Loading file: C:\Users\lion007\Documents\GitHub\adempiere\migration\370lts-380lts\xml\0057_MoveDistributionManagementMenu.xml [1]
10:58:02.707   MigrationLoader.applyMigration: Migration 57 - Move Distribution Management Menu - 3.8.0 (D) ---> Migration already applied - skipping. [1]
10:58:02.708   MigrationLoader.loadFile: Loading file: C:\Users\lion007\Documents\GitHub\adempiere\migration\dist\370lts-380lts\xml\0057_MoveDistributionManagementMenu.xml [1]
10:58:02.718   MigrationLoader.applyMigration: Migration 57 - Move Distribution Management Menu - 3.8.0 (D) ---> Migration already applied - skipping. [1]
10:58:02.719   MigrationLoader.loadFile: Loading file: C:\Users\lion007\Documents\GitHub\adempiere\migration\370lts-380lts\xml\0058_RenameMfgLigthToProduction.xml [1]
10:58:02.729   MigrationLoader.applyMigration: Migration 58 - Rename Manufacturign Light - 3.8.0 (D) ---> Migration already applied - skipping. [1]
10:58:02.730   MigrationLoader.loadFile: Loading file: C:\Users\lion007\Documents\GitHub\adempiere\migration\dist\370lts-380lts\xml\0058_RenameMfgLigthToProduction.xml [1]
10:58:02.739   MigrationLoader.applyMigration: Migration 58 - Rename Manufacturign Light - 3.8.0 (D) ---> Migration already applied - skipping. [1]
10:58:02.740   MigrationLoader.loadFile: Loading file: C:\Users\lion007\Documents\GitHub\adempiere\migration\370lts-380lts\xml\0059_RemoveBetaFunctionality.xml [1]
10:58:02.750   MigrationLoader.applyMigration: Migration 59 - Remove Beta Functionality - 3.8.0 (EE02) ---> Migration already applied - skipping. [1]
10:58:02.751   MigrationLoader.loadFile: Loading file: C:\Users\lion007\Documents\GitHub\adempiere\migration\dist\370lts-380lts\xml\0059_RemoveBetaFunctionality.xml [1]
10:58:02.761   MigrationLoader.applyMigration: Migration 59 - Remove Beta Functionality - 3.8.0 (EE02) ---> Migration already applied - skipping. [1]
10:58:02.762   MigrationLoader.loadFile: Loading file: C:\Users\lion007\Documents\GitHub\adempiere\migration\370lts-380lts\xml\0060_FixPayrollSelection.xml [1]
10:58:02.771   MigrationLoader.applyMigration: Migration 60 - Payroll Selection Check - 3.8.0 (EE02) ---> Migration already applied - skipping. [1]
10:58:02.772   MigrationLoader.loadFile: Loading file: C:\Users\lion007\Documents\GitHub\adempiere\migration\dist\370lts-380lts\xml\0060_FixPayrollSelection.xml [1]
10:58:02.782   MigrationLoader.applyMigration: Migration 60 - Payroll Selection Check - 3.8.0 (EE02) ---> Migration already applied - skipping. [1]
10:58:02.783   MigrationLoader.loadFile: Loading file: C:\Users\lion007\Documents\GitHub\adempiere\migration\370lts-380lts\xml\0061_AddCommentsToAdvancedFind.xml [1]
10:58:02.793   MigrationLoader.applyMigration: Migration 61 - Add comments for the find window advanced combo box - 3.8.0 (D) ---> Migration already applied - skipping. [1]
10:58:02.795   MigrationLoader.loadFile: Loading file: C:\Users\lion007\Documents\GitHub\adempiere\migration\dist\370lts-380lts\xml\0061_AddCommentsToAdvancedFind.xml [1]
10:58:02.805   MigrationLoader.applyMigration: Migration 61 - Add comments for the find window advanced combo box - 3.8.0 (D) ---> Migration already applied - skipping. [1]
10:58:02.805   MigrationLoader.loadFile: Loading file: C:\Users\lion007\Documents\GitHub\adempiere\migration\370lts-380lts\xml\0062_FixColumnsDefaultValues.xml [1]
10:58:02.816   MigrationLoader.applyMigration: Migration 62 - Fix Columns Default Values - 3.8.0 (D) ---> Migration already applied - skipping. [1]
10:58:02.817   MigrationLoader.loadFile: Loading file: C:\Users\lion007\Documents\GitHub\adempiere\migration\dist\370lts-380lts\xml\0062_FixColumnsDefaultValues.xml [1]
10:58:02.827   MigrationLoader.applyMigration: Migration 62 - Fix Columns Default Values - 3.8.0 (D) ---> Migration already applied - skipping. [1]
10:58:02.828   MigrationLoader.loadFile: Loading file: C:\Users\lion007\Documents\GitHub\adempiere\migration\370lts-380lts\xml\0063_SynchronizeApplicationDictionary.xml [1]
10:58:02.844   MigrationLoader.applyMigration: Migration 63 - Synchronize Application Dictionary - 3.8.0 (D) ---> Migration already applied - skipping. [1]
10:58:02.846   MigrationLoader.loadFile: Loading file: C:\Users\lion007\Documents\GitHub\adempiere\migration\dist\370lts-380lts\xml\0063_SynchronizeApplicationDictionary.xml [1]
10:58:02.865   MigrationLoader.applyMigration: Migration 63 - Synchronize Application Dictionary - 3.8.0 (D) ---> Migration already applied - skipping. [1]
10:58:02.866   MigrationLoader.loadFile: Loading file: C:\Users\lion007\Documents\GitHub\adempiere\migration\370lts-380lts\xml\0064_SmartBrowserZoomWindow.xml [1]
10:58:02.875   MigrationLoader.applyMigration: Migration 64 - Smart Browser zoom window - 3.8.0 (D) ---> Migration already applied - skipping. [1]
10:58:02.876   MigrationLoader.loadFile: Loading file: C:\Users\lion007\Documents\GitHub\adempiere\migration\dist\370lts-380lts\xml\0064_SmartBrowserZoomWindow.xml [1]
10:58:02.887   MigrationLoader.applyMigration: Migration 64 - Smart Browser zoom window - 3.8.0 (D) ---> Migration already applied - skipping. [1]
10:58:02.888   MigrationLoader.loadFile: Loading file: C:\Users\lion007\Documents\GitHub\adempiere\migration\380lts-release\02280_Add_MaritalStatus_BP.xml [1]
10:58:02.928   MigrationLoader.applyMigration: Migration 2280 - Marital Status should be part of Business partner #969 - 3.8.0 (D) [1]
10:58:04.253   MMigrationStep.apply: Applying migration step: Migration 2280 - Marital Status should be part of Business partner #969 - 3.8.0 (D); Step: 10; Type: AD.  [1]
10:58:04.494   MMigrationStep.applyPO: Synchronizing column: MColumn[82853-MaritalStatus] in table: MTable[291-C_BPartner] [1]
10:58:04.859   MWorkflow.getDocValue: #1 [1]
10:58:04.863   MMigrationStep.apply: Migration 2280 - Marital Status should be part of Business partner #969 - 3.8.0 (D) ---> Step 10 successfully applied. [1]
10:58:04.880   MIssue.create: TrxRun_debc69f9-f5b4-45a7-a798-5970ce44a2ac [1]
10:58:04.898   GridField.loadLookup: (SystemStatus) [1]
===========> Trx.commit: TrxRun_debc69f9-f5b4-45a7-a798-5970ce44a2ac [1]
org.postgresql.util.PSQLException: ERROR: insert or update on table "ad_column" violates foreign key constraint "entityt_adcolumn"
  Detail: Key (entitytype)=(ECA02) is not present in table "ad_entitytype".; State=23503; ErrorCode=0
	at org.postgresql.core.v3.QueryExecutorImpl.receiveErrorResponse(QueryExecutorImpl.java:2198)
	at org.postgresql.core.v3.QueryExecutorImpl.processResults(QueryExecutorImpl.java:1927)
	at org.postgresql.core.v3.QueryExecutorImpl.execute(QueryExecutorImpl.java:255)
	at org.postgresql.jdbc2.AbstractJdbc2Connection.executeTransactionCommand(AbstractJdbc2Connection.java:814)
	at org.postgresql.jdbc2.AbstractJdbc2Connection.commit(AbstractJdbc2Connection.java:838)
	at com.mchange.v2.c3p0.impl.NewProxyConnection.commit(NewProxyConnection.java:803)
	at org.compiere.util.Trx.commit(Trx.java:334)
	at org.compiere.util.Trx.run(Trx.java:528)
	at org.compiere.util.Trx.run(Trx.java:493)
	at org.compiere.model.MMigration.apply(MMigration.java:78)
	at org.adempiere.process.MigrationLoader.applyMigration(MigrationLoader.java:229)
	at org.adempiere.process.MigrationLoader.loadFile(MigrationLoader.java:211)
	at org.adempiere.process.MigrationLoader.loadXML(MigrationLoader.java:103)
	at org.adempiere.process.MigrationLoader.main(MigrationLoader.java:277)

10:58:04.977 Trx.rollback: **** TrxRun_debc69f9-f5b4-45a7-a798-5970ce44a2ac [1]
10:58:04.985   MMigrationStep.apply: Applying migration step: Migration 2280 - Marital Status should be part of Business partner #969 - 3.8.0 (D); Step: 20; Type: AD.  [1]
10:58:05.053 MTable.getPO: Using GenericPO for AD_Column_Trl [1]
10:58:05.099   MMigrationStep.apply: Migration 2280 - Marital Status should be part of Business partner #969 - 3.8.0 (D) ---> Step 20 successfully applied. [1]
10:58:05.105   MIssue.create: TrxRun_28d7d44f-bcfe-4844-be71-c498675fd1b1 [1]
10:58:05.107   GridField.loadLookup: (SystemStatus) [1]
===========> Trx.commit: TrxRun_28d7d44f-bcfe-4844-be71-c498675fd1b1 [1]
org.postgresql.util.PSQLException: ERROR: insert or update on table "ad_column_trl" violates foreign key constraint "adcolumn_adcolumntrl"
  Detail: Key (ad_column_id)=(82853) is not present in table "ad_column".; State=23503; ErrorCode=0
	at org.postgresql.core.v3.QueryExecutorImpl.receiveErrorResponse(QueryExecutorImpl.java:2198)
	at org.postgresql.core.v3.QueryExecutorImpl.processResults(QueryExecutorImpl.java:1927)
	at org.postgresql.core.v3.QueryExecutorImpl.execute(QueryExecutorImpl.java:255)
	at org.postgresql.jdbc2.AbstractJdbc2Connection.executeTransactionCommand(AbstractJdbc2Connection.java:814)
	at org.postgresql.jdbc2.AbstractJdbc2Connection.commit(AbstractJdbc2Connection.java:838)
	at com.mchange.v2.c3p0.impl.NewProxyConnection.commit(NewProxyConnection.java:803)
	at org.compiere.util.Trx.commit(Trx.java:334)
	at org.compiere.util.Trx.run(Trx.java:528)
	at org.compiere.util.Trx.run(Trx.java:493)
	at org.compiere.model.MMigration.apply(MMigration.java:78)
	at org.adempiere.process.MigrationLoader.applyMigration(MigrationLoader.java:229)
	at org.adempiere.process.MigrationLoader.loadFile(MigrationLoader.java:211)
	at org.adempiere.process.MigrationLoader.loadXML(MigrationLoader.java:103)
	at org.adempiere.process.MigrationLoader.main(MigrationLoader.java:277)

10:58:05.170 Trx.rollback: **** TrxRun_28d7d44f-bcfe-4844-be71-c498675fd1b1 [1]
10:58:05.179   MMigrationStep.apply: Migration step already applied: Migration 2280 - Marital Status should be part of Business partner #969 - 3.8.0 (D); Step: 30; Type: AD.  [1]
10:58:05.186   MMigrationStep.apply: Migration step already applied: Migration 2280 - Marital Status should be part of Business partner #969 - 3.8.0 (D); Step: 40; Type: AD.  [1]
10:58:05.192   MMigrationStep.apply: Migration step already applied: Migration 2280 - Marital Status should be part of Business partner #969 - 3.8.0 (D); Step: 50; Type: AD.  [1]
10:58:05.198   MMigrationStep.apply: Migration step already applied: Migration 2280 - Marital Status should be part of Business partner #969 - 3.8.0 (D); Step: 60; Type: AD.  [1]
10:58:05.206   MMigrationStep.apply: Migration step already applied: Migration 2280 - Marital Status should be part of Business partner #969 - 3.8.0 (D); Step: 70; Type: AD.  [1]
10:58:05.212   MMigrationStep.apply: Migration step already applied: Migration 2280 - Marital Status should be part of Business partner #969 - 3.8.0 (D); Step: 80; Type: AD.  [1]
10:58:05.218   MMigrationStep.apply: Migration step already applied: Migration 2280 - Marital Status should be part of Business partner #969 - 3.8.0 (D); Step: 90; Type: AD.  [1]
10:58:05.226   MMigrationStep.apply: Migration step already applied: Migration 2280 - Marital Status should be part of Business partner #969 - 3.8.0 (D); Step: 100; Type: AD.  [1]
10:58:05.233   MMigrationStep.apply: Migration step already applied: Migration 2280 - Marital Status should be part of Business partner #969 - 3.8.0 (D); Step: 110; Type: AD.  [1]
10:58:05.239   MMigrationStep.apply: Migration step already applied: Migration 2280 - Marital Status should be part of Business partner #969 - 3.8.0 (D); Step: 120; Type: AD.  [1]
10:58:05.246   MMigrationStep.apply: Migration step already applied: Migration 2280 - Marital Status should be part of Business partner #969 - 3.8.0 (D); Step: 130; Type: AD.  [1]
10:58:05.252   MMigrationStep.apply: Applying migration step: Migration 2280 - Marital Status should be part of Business partner #969 - 3.8.0 (D); Step: 140; Type: AD.  [1]
10:58:05.300   Env.parseContext: No Context Win=0 for: SQL=SELECT NVL(MAX(SeqNo),0)+10 AS DefaultValue FROM AD_Field WHERE AD_Tab_ID= [1]
10:58:05.302   Env.parseContext: No Context Win=0 for: SQL=SELECT NVL(MAX(SeqNo),0)+10 AS DefaultValue FROM AD_Field WHERE AD_Tab_ID= [1]
10:58:05.427   MMigrationStep.apply: Migration 2280 - Marital Status should be part of Business partner #969 - 3.8.0 (D) ---> Step 140 successfully applied. [1]
10:58:05.431   MIssue.create: TrxRun_26ceabb5-8e7c-41d0-949c-9a6dfa87b054 [1]
10:58:05.432   GridField.loadLookup: (SystemStatus) [1]
===========> Trx.commit: TrxRun_26ceabb5-8e7c-41d0-949c-9a6dfa87b054 [1]
org.postgresql.util.PSQLException: ERROR: insert or update on table "ad_field" violates foreign key constraint "ad_column_field"
  Detail: Key (ad_column_id)=(82853) is not present in table "ad_column".; State=23503; ErrorCode=0
	at org.postgresql.core.v3.QueryExecutorImpl.receiveErrorResponse(QueryExecutorImpl.java:2198)
	at org.postgresql.core.v3.QueryExecutorImpl.processResults(QueryExecutorImpl.java:1927)
	at org.postgresql.core.v3.QueryExecutorImpl.execute(QueryExecutorImpl.java:255)
	at org.postgresql.jdbc2.AbstractJdbc2Connection.executeTransactionCommand(AbstractJdbc2Connection.java:814)
	at org.postgresql.jdbc2.AbstractJdbc2Connection.commit(AbstractJdbc2Connection.java:838)
	at com.mchange.v2.c3p0.impl.NewProxyConnection.commit(NewProxyConnection.java:803)
	at org.compiere.util.Trx.commit(Trx.java:334)
	at org.compiere.util.Trx.run(Trx.java:528)
	at org.compiere.util.Trx.run(Trx.java:493)
	at org.compiere.model.MMigration.apply(MMigration.java:78)
	at org.adempiere.process.MigrationLoader.applyMigration(MigrationLoader.java:229)
	at org.adempiere.process.MigrationLoader.loadFile(MigrationLoader.java:211)
	at org.adempiere.process.MigrationLoader.loadXML(MigrationLoader.java:103)
	at org.adempiere.process.MigrationLoader.main(MigrationLoader.java:277)

10:58:05.465 Trx.rollback: **** TrxRun_26ceabb5-8e7c-41d0-949c-9a6dfa87b054 [1]
10:58:05.474   MMigrationStep.apply: Applying migration step: Migration 2280 - Marital Status should be part of Business partner #969 - 3.8.0 (D); Step: 150; Type: AD.  [1]
10:58:05.552 MTable.getPO: Using GenericPO for AD_Field_Trl [1]
10:58:05.602   MMigrationStep.apply: Migration 2280 - Marital Status should be part of Business partner #969 - 3.8.0 (D) ---> Step 150 successfully applied. [1]
10:58:05.608   MIssue.create: TrxRun_27f8223d-8606-4d80-a9f6-7b4da5535f83 [1]
10:58:05.610   GridField.loadLookup: (SystemStatus) [1]
===========> Trx.commit: TrxRun_27f8223d-8606-4d80-a9f6-7b4da5535f83 [1]
org.postgresql.util.PSQLException: ERROR: insert or update on table "ad_field_trl" violates foreign key constraint "ad_fieldtrl"
  Detail: Key (ad_field_id)=(81416) is not present in table "ad_field".; State=23503; ErrorCode=0
	at org.postgresql.core.v3.QueryExecutorImpl.receiveErrorResponse(QueryExecutorImpl.java:2198)
	at org.postgresql.core.v3.QueryExecutorImpl.processResults(QueryExecutorImpl.java:1927)
	at org.postgresql.core.v3.QueryExecutorImpl.execute(QueryExecutorImpl.java:255)
	at org.postgresql.jdbc2.AbstractJdbc2Connection.executeTransactionCommand(AbstractJdbc2Connection.java:814)
	at org.postgresql.jdbc2.AbstractJdbc2Connection.commit(AbstractJdbc2Connection.java:838)
	at com.mchange.v2.c3p0.impl.NewProxyConnection.commit(NewProxyConnection.java:803)
	at org.compiere.util.Trx.commit(Trx.java:334)
	at org.compiere.util.Trx.run(Trx.java:528)
	at org.compiere.util.Trx.run(Trx.java:493)
	at org.compiere.model.MMigration.apply(MMigration.java:78)
	at org.adempiere.process.MigrationLoader.applyMigration(MigrationLoader.java:229)
	at org.adempiere.process.MigrationLoader.loadFile(MigrationLoader.java:211)
	at org.adempiere.process.MigrationLoader.loadXML(MigrationLoader.java:103)
	at org.adempiere.process.MigrationLoader.main(MigrationLoader.java:277)

10:58:05.673 Trx.rollback: **** TrxRun_27f8223d-8606-4d80-a9f6-7b4da5535f83 [1]
10:58:05.681   MMigrationStep.apply: Applying migration step: Migration 2280 - Marital Status should be part of Business partner #969 - 3.8.0 (D); Step: 160; Type: AD.  [1]
10:58:05.711 Trx.rollback: **** TrxRun_4f8e99e8-e79e-489c-8dae-2f15f4757287 [1]
10:58:05.718   MMigrationStep.apply: Applying migration step: Migration 2280 - Marital Status should be part of Business partner #969 - 3.8.0 (D); Step: 170; Type: AD.  [1]
10:58:05.750 Trx.rollback: **** TrxRun_b07f3dbc-e0b0-453c-9394-3514ac52a920 [1]
10:58:05.757   MMigrationStep.apply: Applying migration step: Migration 2280 - Marital Status should be part of Business partner #969 - 3.8.0 (D); Step: 180; Type: AD.  [1]
10:58:05.786   Env.parseContext: No Context Win=0 for: SQL=SELECT NVL(MAX(SeqNo),0)+10 AS DefaultValue FROM AD_Field WHERE AD_Tab_ID= [1]
10:58:05.788   Env.parseContext: No Context Win=0 for: SQL=SELECT NVL(MAX(SeqNo),0)+10 AS DefaultValue FROM AD_Field WHERE AD_Tab_ID= [1]
10:58:05.906   MMigrationStep.apply: Migration 2280 - Marital Status should be part of Business partner #969 - 3.8.0 (D) ---> Step 180 successfully applied. [1]
10:58:05.911   MIssue.create: TrxRun_513609be-3f94-42fa-be5b-d64257b5d4a6 [1]
10:58:05.913   GridField.loadLookup: (SystemStatus) [1]
===========> Trx.commit: TrxRun_513609be-3f94-42fa-be5b-d64257b5d4a6 [1]
org.postgresql.util.PSQLException: ERROR: insert or update on table "ad_field" violates foreign key constraint "ad_column_field"
  Detail: Key (ad_column_id)=(82853) is not present in table "ad_column".; State=23503; ErrorCode=0
	at org.postgresql.core.v3.QueryExecutorImpl.receiveErrorResponse(QueryExecutorImpl.java:2198)
	at org.postgresql.core.v3.QueryExecutorImpl.processResults(QueryExecutorImpl.java:1927)
	at org.postgresql.core.v3.QueryExecutorImpl.execute(QueryExecutorImpl.java:255)
	at org.postgresql.jdbc2.AbstractJdbc2Connection.executeTransactionCommand(AbstractJdbc2Connection.java:814)
	at org.postgresql.jdbc2.AbstractJdbc2Connection.commit(AbstractJdbc2Connection.java:838)
	at com.mchange.v2.c3p0.impl.NewProxyConnection.commit(NewProxyConnection.java:803)
	at org.compiere.util.Trx.commit(Trx.java:334)
	at org.compiere.util.Trx.run(Trx.java:528)
	at org.compiere.util.Trx.run(Trx.java:493)
	at org.compiere.model.MMigration.apply(MMigration.java:78)
	at org.adempiere.process.MigrationLoader.applyMigration(MigrationLoader.java:229)
	at org.adempiere.process.MigrationLoader.loadFile(MigrationLoader.java:211)
	at org.adempiere.process.MigrationLoader.loadXML(MigrationLoader.java:103)
	at org.adempiere.process.MigrationLoader.main(MigrationLoader.java:277)

10:58:05.949 Trx.rollback: **** TrxRun_513609be-3f94-42fa-be5b-d64257b5d4a6 [1]
10:58:05.958   MMigrationStep.apply: Applying migration step: Migration 2280 - Marital Status should be part of Business partner #969 - 3.8.0 (D); Step: 190; Type: AD.  [1]
10:58:06.029 MTable.getPO: Using GenericPO for AD_Field_Trl [1]
10:58:06.077   MMigrationStep.apply: Migration 2280 - Marital Status should be part of Business partner #969 - 3.8.0 (D) ---> Step 190 successfully applied. [1]
10:58:06.083   MIssue.create: TrxRun_49f35272-084b-429c-b7cc-42e02d9bf417 [1]
10:58:06.085   GridField.loadLookup: (SystemStatus) [1]
===========> Trx.commit: TrxRun_49f35272-084b-429c-b7cc-42e02d9bf417 [1]
org.postgresql.util.PSQLException: ERROR: insert or update on table "ad_field_trl" violates foreign key constraint "ad_fieldtrl"
  Detail: Key (ad_field_id)=(81417) is not present in table "ad_field".; State=23503; ErrorCode=0
	at org.postgresql.core.v3.QueryExecutorImpl.receiveErrorResponse(QueryExecutorImpl.java:2198)
	at org.postgresql.core.v3.QueryExecutorImpl.processResults(QueryExecutorImpl.java:1927)
	at org.postgresql.core.v3.QueryExecutorImpl.execute(QueryExecutorImpl.java:255)
	at org.postgresql.jdbc2.AbstractJdbc2Connection.executeTransactionCommand(AbstractJdbc2Connection.java:814)
	at org.postgresql.jdbc2.AbstractJdbc2Connection.commit(AbstractJdbc2Connection.java:838)
	at com.mchange.v2.c3p0.impl.NewProxyConnection.commit(NewProxyConnection.java:803)
	at org.compiere.util.Trx.commit(Trx.java:334)
	at org.compiere.util.Trx.run(Trx.java:528)
	at org.compiere.util.Trx.run(Trx.java:493)
	at org.compiere.model.MMigration.apply(MMigration.java:78)
	at org.adempiere.process.MigrationLoader.applyMigration(MigrationLoader.java:229)
	at org.adempiere.process.MigrationLoader.loadFile(MigrationLoader.java:211)
	at org.adempiere.process.MigrationLoader.loadXML(MigrationLoader.java:103)
	at org.adempiere.process.MigrationLoader.main(MigrationLoader.java:277)

10:58:06.147 Trx.rollback: **** TrxRun_49f35272-084b-429c-b7cc-42e02d9bf417 [1]
10:58:06.156   MMigrationStep.apply: Migration step already applied: Migration 2280 - Marital Status should be part of Business partner #969 - 3.8.0 (D); Step: 200; Type: AD.  [1]
10:58:06.163   MMigrationStep.apply: Applying migration step: Migration 2280 - Marital Status should be part of Business partner #969 - 3.8.0 (D); Step: 210; Type: AD.  [1]
10:58:06.196 Trx.rollback: **** TrxRun_d148471e-a007-4355-b040-a32953488506 [1]
10:58:06.204   MMigrationStep.apply: Applying migration step: Migration 2280 - Marital Status should be part of Business partner #969 - 3.8.0 (D); Step: 220; Type: AD.  [1]
10:58:06.297   Env.parseContext: No Context Win=0 for: SQL=SELECT NVL(MAX(SeqNo),0)+10 AS DefaultValue FROM AD_Field WHERE AD_Tab_ID= [1]
10:58:06.299   Env.parseContext: No Context Win=0 for: SQL=SELECT NVL(MAX(SeqNo),0)+10 AS DefaultValue FROM AD_Field WHERE AD_Tab_ID= [1]
10:58:06.409   MMigrationStep.apply: Migration 2280 - Marital Status should be part of Business partner #969 - 3.8.0 (D) ---> Step 220 successfully applied. [1]
10:58:06.414   MIssue.create: TrxRun_21855aea-8857-4cd8-b6b4-545437f0afe5 [1]
10:58:06.416   GridField.loadLookup: (SystemStatus) [1]
===========> Trx.commit: TrxRun_21855aea-8857-4cd8-b6b4-545437f0afe5 [1]
org.postgresql.util.PSQLException: ERROR: insert or update on table "ad_field" violates foreign key constraint "ad_column_field"
  Detail: Key (ad_column_id)=(82853) is not present in table "ad_column".; State=23503; ErrorCode=0
	at org.postgresql.core.v3.QueryExecutorImpl.receiveErrorResponse(QueryExecutorImpl.java:2198)
	at org.postgresql.core.v3.QueryExecutorImpl.processResults(QueryExecutorImpl.java:1927)
	at org.postgresql.core.v3.QueryExecutorImpl.execute(QueryExecutorImpl.java:255)
	at org.postgresql.jdbc2.AbstractJdbc2Connection.executeTransactionCommand(AbstractJdbc2Connection.java:814)
	at org.postgresql.jdbc2.AbstractJdbc2Connection.commit(AbstractJdbc2Connection.java:838)
	at com.mchange.v2.c3p0.impl.NewProxyConnection.commit(NewProxyConnection.java:803)
	at org.compiere.util.Trx.commit(Trx.java:334)
	at org.compiere.util.Trx.run(Trx.java:528)
	at org.compiere.util.Trx.run(Trx.java:493)
	at org.compiere.model.MMigration.apply(MMigration.java:78)
	at org.adempiere.process.MigrationLoader.applyMigration(MigrationLoader.java:229)
	at org.adempiere.process.MigrationLoader.loadFile(MigrationLoader.java:211)
	at org.adempiere.process.MigrationLoader.loadXML(MigrationLoader.java:103)
	at org.adempiere.process.MigrationLoader.main(MigrationLoader.java:277)

10:58:06.449 Trx.rollback: **** TrxRun_21855aea-8857-4cd8-b6b4-545437f0afe5 [1]
10:58:06.457   MMigrationStep.apply: Applying migration step: Migration 2280 - Marital Status should be part of Business partner #969 - 3.8.0 (D); Step: 230; Type: AD.  [1]
10:58:06.534 MTable.getPO: Using GenericPO for AD_Field_Trl [1]
10:58:06.582   MMigrationStep.apply: Migration 2280 - Marital Status should be part of Business partner #969 - 3.8.0 (D) ---> Step 230 successfully applied. [1]
10:58:06.588   MIssue.create: TrxRun_2a0d804e-8210-456c-baa8-6b2644818e24 [1]
10:58:06.589   GridField.loadLookup: (SystemStatus) [1]
===========> Trx.commit: TrxRun_2a0d804e-8210-456c-baa8-6b2644818e24 [1]
org.postgresql.util.PSQLException: ERROR: insert or update on table "ad_field_trl" violates foreign key constraint "ad_fieldtrl"
  Detail: Key (ad_field_id)=(81418) is not present in table "ad_field".; State=23503; ErrorCode=0
	at org.postgresql.core.v3.QueryExecutorImpl.receiveErrorResponse(QueryExecutorImpl.java:2198)
	at org.postgresql.core.v3.QueryExecutorImpl.processResults(QueryExecutorImpl.java:1927)
	at org.postgresql.core.v3.QueryExecutorImpl.execute(QueryExecutorImpl.java:255)
	at org.postgresql.jdbc2.AbstractJdbc2Connection.executeTransactionCommand(AbstractJdbc2Connection.java:814)
	at org.postgresql.jdbc2.AbstractJdbc2Connection.commit(AbstractJdbc2Connection.java:838)
	at com.mchange.v2.c3p0.impl.NewProxyConnection.commit(NewProxyConnection.java:803)
	at org.compiere.util.Trx.commit(Trx.java:334)
	at org.compiere.util.Trx.run(Trx.java:528)
	at org.compiere.util.Trx.run(Trx.java:493)
	at org.compiere.model.MMigration.apply(MMigration.java:78)
	at org.adempiere.process.MigrationLoader.applyMigration(MigrationLoader.java:229)
	at org.adempiere.process.MigrationLoader.loadFile(MigrationLoader.java:211)
	at org.adempiere.process.MigrationLoader.loadXML(MigrationLoader.java:103)
	at org.adempiere.process.MigrationLoader.main(MigrationLoader.java:277)

10:58:06.647 Trx.rollback: **** TrxRun_2a0d804e-8210-456c-baa8-6b2644818e24 [1]
10:58:06.655   MMigrationStep.apply: Migration step already applied: Migration 2280 - Marital Status should be part of Business partner #969 - 3.8.0 (D); Step: 240; Type: AD.  [1]
10:58:06.661   MMigrationStep.apply: Applying migration step: Migration 2280 - Marital Status should be part of Business partner #969 - 3.8.0 (D); Step: 250; Type: AD.  [1]
10:58:06.690 Trx.rollback: **** TrxRun_ea27191a-46aa-4235-919b-7bd9d3dd1d1c [1]
10:58:06.697   MMigrationStep.apply: Migration step already applied: Migration 2280 - Marital Status should be part of Business partner #969 - 3.8.0 (D); Step: 260; Type: SQL.  [1]
10:58:06.712   MMigration.updateStatus: Migration 2280 - Marital Status should be part of Business partner #969 - 3.8.0 (D) ---> Partially Applied (P) [1]
10:58:06.729   MMigration.updateStatus: Migration 2280 - Marital Status should be part of Business partner #969 - 3.8.0 (D) ---> Partially Applied (P) [1]
10:58:06.737 SequenceCheck.doIt:  [1]
10:58:06.831 SequenceCheck.checkTableID: IDRangeEnd = 9999999 [1]
10:58:11.549 MSequence.checkClientSequences: AD_Client_ID=0 - created #0 - success=true [1]
10:58:11.558 MSequence.checkClientSequences: AD_Client_ID=11 - created #0 - success=true [1]
10:58:11.575   MIssue.create: Did not find PInstance 0 [1]
10:58:11.578   GridField.loadLookup: (SystemStatus) [1]
===========> SequenceCheck.unlock: Did not find PInstance 0 [1]
10:58:11.606   MigrationLoader.loadXML: Process=Sequence Check Error=false Summary=Sequence Check [1]
10:58:11.666 SynchronizeTerminology.doIt: Adding missing Element Translations [1]
10:58:11.684 SynchronizeTerminology.doIt:   rows updated: 9 [1]
10:58:11.689 SynchronizeTerminology.doIt: Creating link from Element to Column [1]
10:58:11.700 SynchronizeTerminology.doIt:   rows updated: 0 [1]
10:58:11.701 SynchronizeTerminology.doIt: Deleting unused Elements [1]
10:58:11.741 SynchronizeTerminology.doIt:   rows deleted: 9 [1]
10:58:11.767 SynchronizeTerminology.doIt:   rows deleted: 0 [1]
10:58:11.769 SynchronizeTerminology.doIt: Synchronize Column [1]
10:58:11.802 SynchronizeTerminology.doIt:   rows updated: 0 [1]
10:58:11.803 SynchronizeTerminology.doIt: Synchronize Field [1]
10:58:11.921 SynchronizeTerminology.doIt:   rows updated: 103 [1]
10:58:11.924 SynchronizeTerminology.doIt: Synchronize Field Translations [1]
10:58:12.028 SynchronizeTerminology.doIt:   rows updated: 60 [1]
10:58:12.030 SynchronizeTerminology.doIt: Synchronize PO Field [1]
10:58:12.057 SynchronizeTerminology.doIt:   rows updated: 103 [1]
10:58:12.059 SynchronizeTerminology.doIt: Synchronize PO Field Translations [1]
10:58:12.096 SynchronizeTerminology.doIt:   rows updated: 60 [1]
10:58:12.098 SynchronizeTerminology.doIt: Synchronize Field from Process [1]
10:58:12.122 SynchronizeTerminology.doIt:   rows updated: 0 [1]
10:58:12.125 SynchronizeTerminology.doIt: Synchronize Field Trl from Process Trl [1]
10:58:12.155 SynchronizeTerminology.doIt:   rows updated: 0 [1]
10:58:12.158 SynchronizeTerminology.doIt: Synchronize Browse Field [1]
10:58:12.173 SynchronizeTerminology.doIt:   rows updated: 0 [1]
10:58:12.174 SynchronizeTerminology.doIt: Synchronize Browse Field Translations [1]
10:58:12.193 SynchronizeTerminology.doIt:   rows updated: 0 [1]
10:58:12.203 SynchronizeTerminology.doIt:   rows updated: 0 [1]
10:58:12.209 SynchronizeTerminology.doIt:   rows updated: 0 [1]
10:58:12.210 SynchronizeTerminology.doIt: Synchronize Process Parameter [1]
10:58:12.217 SynchronizeTerminology.doIt:   rows updated: 0 [1]
10:58:12.217 SynchronizeTerminology.doIt: Synchronize Process Parameter Trl [1]
10:58:12.233 SynchronizeTerminology.doIt:   rows updated: 0 [1]
10:58:12.234 SynchronizeTerminology.doIt: Synchronize Workflow Node from Window [1]
10:58:12.239 SynchronizeTerminology.doIt:   rows updated: 1 [1]
10:58:12.251 SynchronizeTerminology.doIt: Synchronize Workflow Node Trl from Window Trl [1]
10:58:12.262 SynchronizeTerminology.doIt:   rows updated: 1 [1]
10:58:12.264 SynchronizeTerminology.doIt: Synchronize Workflow Node from Form [1]
10:58:12.267 SynchronizeTerminology.doIt:   rows updated: 0 [1]
10:58:12.268 SynchronizeTerminology.doIt: Synchronize Workflow Node Trl from Form Trl [1]
10:58:12.273 SynchronizeTerminology.doIt:   rows updated: 0 [1]
10:58:12.275 SynchronizeTerminology.doIt: Synchronize Workflow Node from Process [1]
10:58:12.278 SynchronizeTerminology.doIt:   rows updated: 1 [1]
10:58:12.280 SynchronizeTerminology.doIt: Synchronize Workflow Node Trl from Process Trl [1]
10:58:12.285 SynchronizeTerminology.doIt:   rows updated: 1 [1]
10:58:12.287 SynchronizeTerminology.doIt: Synchronize PrintFormatItem Name from Element [1]
10:58:12.322 SynchronizeTerminology.doIt:   rows updated: 0 [1]
10:58:12.323 SynchronizeTerminology.doIt: Synchronize PrintFormatItem PrintName from Element [1]
10:58:12.345 SynchronizeTerminology.doIt:   rows updated: 0 [1]
10:58:12.347 SynchronizeTerminology.doIt: Synchronize PrintFormatItem Trl from Element Trl (Multi-Lingual) [1]
10:58:12.371 SynchronizeTerminology.doIt:   rows updated: 0 [1]
10:58:12.373 SynchronizeTerminology.doIt: Synchronize PrintFormatItem Trl (Not Multi-Lingual) [1]
10:58:12.383 SynchronizeTerminology.doIt:   rows updated: 0 [1]
10:58:12.384 SynchronizeTerminology.doIt: Reset PrintFormatItem Trl where not used in base table [1]
10:58:12.390 SynchronizeTerminology.doIt:   rows updated: 0 [1]
10:58:12.392 SynchronizeTerminology.doIt: Synchronizing Menu with Window [1]
10:58:12.401 SynchronizeTerminology.doIt:   rows updated: 393 [1]
10:58:12.416 SynchronizeTerminology.doIt:   rows updated: 393 [1]
10:58:12.445 SynchronizeTerminology.doIt: Synchronizing Menu with Processes [1]
10:58:12.459 SynchronizeTerminology.doIt:   rows updated: 185 [1]
10:58:12.498 SynchronizeTerminology.doIt:   rows updated: 184 [1]
10:58:12.522 SynchronizeTerminology.doIt: Synchronizing Menu with Forms [1]
10:58:12.528 SynchronizeTerminology.doIt:   rows updated: 34 [1]
10:58:12.542 SynchronizeTerminology.doIt:   rows updated: 34 [1]
10:58:12.545 SynchronizeTerminology.doIt: Synchronizing Menu with Workflows [1]
10:58:12.549 SynchronizeTerminology.doIt:   rows updated: 21 [1]
10:58:12.557 SynchronizeTerminology.doIt:   rows updated: 21 [1]
10:58:12.559 SynchronizeTerminology.doIt: Synchronizing Menu with Tasks [1]
10:58:12.562 SynchronizeTerminology.doIt:   rows updated: 3 [1]
10:58:12.568 SynchronizeTerminology.doIt:   rows updated: 3 [1]
10:58:12.569 SynchronizeTerminology.doIt: Synchronizing Column with Element [1]
10:58:12.591 SynchronizeTerminology.doIt:   rows updated: 0 [1]
10:58:12.636 SynchronizeTerminology.doIt:   rows updated: 0 [1]
10:58:12.638 SynchronizeTerminology.doIt: Synchronizing Table with Element [1]
10:58:12.644 SynchronizeTerminology.doIt:   rows updated: 0 [1]
10:58:12.653 SynchronizeTerminology.doIt:   trl rows updated: 0 [1]
10:58:12.662 SynchronizeTerminology.doIt:   trl rows updated: 53 [1]
10:58:12.707 SynchronizeTerminology.doIt:   trl rows updated: 53 [1]
10:58:12.718 Msg.initMsg: Records=1416 - en_US [1]
10:58:12.721   MIssue.create: Did not find PInstance 0 [1]
10:58:12.723   GridField.loadLookup: (SystemStatus) [1]
===========> SynchronizeTerminology.unlock: Did not find PInstance 0 [1]
10:58:12.745   MigrationLoader.loadXML: Process=Synchronize Terminology Error=false Summary=OK [1]
10:58:12.753 RoleAccessUpdate.doIt: AD_Client_ID=-1, AD_Role_ID=-1 [1]
10:58:12.788 RoleAccessUpdate.addLog: 0 - null - null - Role Template: - [1]
10:58:12.851 RoleAccessUpdate.addLog: 0 - null - null - System Administrator: @AD_Window_ID@ #158 -  @AD_Process_ID@ #83 -  @AD_Form_ID@ #11 -  @AD_Browse_ID@ #1 -  @AD_Workflow_ID@ #9 -  @DocAction@ #14 [1]
10:58:12.897 RoleAccessUpdate.addLog: 0 - null - null - GardenWorld Admin: @AD_Window_ID@ #387 -  @AD_Process_ID@ #389 -  @AD_Form_ID@ #35 -  @AD_Browse_ID@ #20 -  @AD_Workflow_ID@ #55 -  @DocAction@ #658 [1]
10:58:12.958 RoleAccessUpdate.addLog: 0 - null - null - GardenWorld User: @AD_Window_ID@ #258 -  @AD_Process_ID@ #343 -  @AD_Form_ID@ #28 -  @AD_Browse_ID@ #20 -  @AD_Workflow_ID@ #52 -  @DocAction@ #658 [1]
10:58:12.958 RoleAccessUpdate.addLog: 0 - null - null - Web Service Execution: - [1]
10:58:13.093   MIssue.create: Did not find PInstance 0 [1]
10:58:13.096   GridField.loadLookup: (SystemStatus) [1]
===========> RoleAccessUpdate.unlock: Did not find PInstance 0 [1]
10:58:13.115   MigrationLoader.loadXML: Process=Role Access Update Error=false Summary= [1]
10:58:14.320   MIssue.create: SvrProcess_8dd2f708-842e-49bd-95fe-90cc38decacc [1]
10:58:14.324   GridField.loadLookup: (SystemStatus) [1]
===========> Trx.commit: SvrProcess_8dd2f708-842e-49bd-95fe-90cc38decacc [1]
org.postgresql.util.PSQLException: ERROR: update or delete on table "ad_session" violates foreign key constraint "adsession_adchangelog" on table "ad_changelog"
  Detail: Key (ad_session_id)=(1000011) is still referenced from table "ad_changelog".; State=23503; ErrorCode=0
	at org.postgresql.core.v3.QueryExecutorImpl.receiveErrorResponse(QueryExecutorImpl.java:2198)
	at org.postgresql.core.v3.QueryExecutorImpl.processResults(QueryExecutorImpl.java:1927)
	at org.postgresql.core.v3.QueryExecutorImpl.execute(QueryExecutorImpl.java:255)
	at org.postgresql.jdbc2.AbstractJdbc2Connection.executeTransactionCommand(AbstractJdbc2Connection.java:814)
	at org.postgresql.jdbc2.AbstractJdbc2Connection.commit(AbstractJdbc2Connection.java:838)
	at com.mchange.v2.c3p0.impl.NewProxyConnection.commit(NewProxyConnection.java:803)
	at org.compiere.util.Trx.commit(Trx.java:334)
	at org.compiere.process.SvrProcess.startProcess(SvrProcess.java:113)
	at org.adempiere.process.MigrationLoader.loadXML(MigrationLoader.java:159)
	at org.adempiere.process.MigrationLoader.main(MigrationLoader.java:277)

10:58:14.348   MIssue.create: Commit failed. [1]
10:58:14.352   GridField.loadLookup: (SystemStatus) [1]
===========> CleanUpGW.startProcess: Commit failed. [1]
org.postgresql.util.PSQLException: ERROR: update or delete on table "ad_session" violates foreign key constraint "adsession_adchangelog" on table "ad_changelog"
  Detail: Key (ad_session_id)=(1000011) is still referenced from table "ad_changelog".; State=23503; ErrorCode=0
	at org.postgresql.core.v3.QueryExecutorImpl.receiveErrorResponse(QueryExecutorImpl.java:2198)
	at org.postgresql.core.v3.QueryExecutorImpl.processResults(QueryExecutorImpl.java:1927)
	at org.postgresql.core.v3.QueryExecutorImpl.execute(QueryExecutorImpl.java:255)
	at org.postgresql.jdbc2.AbstractJdbc2Connection.executeTransactionCommand(AbstractJdbc2Connection.java:814)
	at org.postgresql.jdbc2.AbstractJdbc2Connection.commit(AbstractJdbc2Connection.java:838)
	at com.mchange.v2.c3p0.impl.NewProxyConnection.commit(NewProxyConnection.java:803)
	at org.compiere.util.Trx.commit(Trx.java:334)
	at org.compiere.process.SvrProcess.startProcess(SvrProcess.java:113)
	at org.adempiere.process.MigrationLoader.loadXML(MigrationLoader.java:159)
	at org.adempiere.process.MigrationLoader.main(MigrationLoader.java:277)

10:58:14.371   MIssue.create: Did not find PInstance 0 [1]
10:58:14.372   GridField.loadLookup: (SystemStatus) [1]
===========> CleanUpGW.unlock: Did not find PInstance 0 [1]
10:58:14.387   MigrationLoader.loadXML: Process=Updating Garden World Error=true Summary=Successfully updated Garden World data.Commit Failed. [1]

*** 2017-04-18 10:58:14.39 Adempiere Log (CLogFile) ***
