*** 2017-04-18 11:10:36.92 Adempiere Log (CLogFile) ***
11:10:36.919 Adempiere.startup: ADempiere(r) Release 3.8.0_2015-03-01 -Smart Suite ERP,CRM and SCM- (c) 1999-2015 ADempiere(r); Implementation: ${ADEMPIERE_VERSION} 20170418-1058 - ${ADEMPIERE_VENDOR} [9]
11:10:36.922 Ini.loadProperties: C:\Users\lion007\Documents\GitHub\adempiere\Adempiere.properties #36 [9]
-----------> EMail.setFrom: you @ company.org: javax.mail.internet.AddressException: Local address contains control or whitespace in string ``you @ company.org'' [9]
-----------> EMail.addTo: you @ company.org: javax.mail.internet.AddressException: Local address contains control or whitespace in string ``you @ company.org'' [9]
-----------> EMail.isValid: From is invalid=null [9]
-----------> EMail.isValid: From is invalid=null [9]
-----------> MClient.sendEMail: Could NOT Send Email: Server started: ? to you @ company.org: Invalid Data (System) [9]
===========> Env.getContextAsDate: No value for: #Date [9]
===========> Doc_AllocationHdr.post: Resubmit - Cannot lock C_AllocationHdr_ID=1000001, Force=false,RePost=false [43]
-----------> EMail.setFrom: you @ company.org: javax.mail.internet.AddressException: Local address contains control or whitespace in string ``you @ company.org'' [44]
-----------> EMail.addTo: admin @ gardenworld.com: javax.mail.internet.AddressException: Local address contains control or whitespace in string ``admin @ gardenworld.com'' [44]
-----------> EMail.isValid: From is invalid=null [44]
-----------> EMail.isValid: From is invalid=null [44]
-----------> MClient.sendEmailNow: Could NOT Send Email: Escalated Request 10000002 to GardenAdmin to admin @ gardenworld.com: Invalid Data (GardenWorld) [44]
-----------> MRequestAction.set_ValueNoCheck: IsEscalated - Class invalid: class java.lang.Boolean, Should be class java.lang.String: false [44]
-----------> MRequestAction.set_ValueNoCheck: IsEscalated - Value too long - truncated to length=1 [44]
-----------> EMail.setFrom: you @ company.org: javax.mail.internet.AddressException: Local address contains control or whitespace in string ``you @ company.org'' [44]
-----------> EMail.addTo: admin @ gardenworld.com: javax.mail.internet.AddressException: Local address contains control or whitespace in string ``admin @ gardenworld.com'' [44]
-----------> EMail.isValid: From is invalid=null [44]
-----------> EMail.isValid: From is invalid=null [44]
-----------> MClient.sendEmailNow: Could NOT Send Email: Request Updated: 10000002 to admin @ gardenworld.com: Invalid Data (System) [44]
-----------> MRequest.sendNotices: Failed: GardenAdmin [44]
-----------> EMail.setFrom: you @ company.org: javax.mail.internet.AddressException: Local address contains control or whitespace in string ``you @ company.org'' [44]
-----------> EMail.addTo: admin @ gardenworld.com: javax.mail.internet.AddressException: Local address contains control or whitespace in string ``admin @ gardenworld.com'' [44]
-----------> EMail.isValid: From is invalid=null [44]
-----------> EMail.isValid: From is invalid=null [44]
-----------> MClient.sendEmailNow: Could NOT Send Email: Escalated Request 10000003 to GardenAdmin to admin @ gardenworld.com: Invalid Data (GardenWorld) [44]
-----------> MRequestAction.set_ValueNoCheck: IsEscalated - Class invalid: class java.lang.Boolean, Should be class java.lang.String: false [44]
-----------> MRequestAction.set_ValueNoCheck: IsEscalated - Value too long - truncated to length=1 [44]
-----------> EMail.setFrom: you @ company.org: javax.mail.internet.AddressException: Local address contains control or whitespace in string ``you @ company.org'' [44]
-----------> EMail.addTo: admin @ gardenworld.com: javax.mail.internet.AddressException: Local address contains control or whitespace in string ``admin @ gardenworld.com'' [44]
-----------> EMail.isValid: From is invalid=null [44]
-----------> EMail.isValid: From is invalid=null [44]
-----------> MClient.sendEmailNow: Could NOT Send Email: Request Updated: 10000003 to admin @ gardenworld.com: Invalid Data (System) [44]
-----------> MRequest.sendNotices: Failed: GardenAdmin [44]
-----------> EMail.setFrom: you @ company.org: javax.mail.internet.AddressException: Local address contains control or whitespace in string ``you @ company.org'' [44]
-----------> EMail.addTo: admin @ gardenworld.com: javax.mail.internet.AddressException: Local address contains control or whitespace in string ``admin @ gardenworld.com'' [44]
-----------> EMail.isValid: From is invalid=null [44]
-----------> EMail.isValid: From is invalid=null [44]
-----------> MClient.sendEmailNow: Could NOT Send Email: Escalated Request 10000004 to GardenAdmin to admin @ gardenworld.com: Invalid Data (GardenWorld) [44]
-----------> MRequestAction.set_ValueNoCheck: IsEscalated - Class invalid: class java.lang.Boolean, Should be class java.lang.String: false [44]
-----------> MRequestAction.set_ValueNoCheck: IsEscalated - Value too long - truncated to length=1 [44]
-----------> EMail.setFrom: you @ company.org: javax.mail.internet.AddressException: Local address contains control or whitespace in string ``you @ company.org'' [44]
-----------> EMail.addTo: admin @ gardenworld.com: javax.mail.internet.AddressException: Local address contains control or whitespace in string ``admin @ gardenworld.com'' [44]
-----------> EMail.isValid: From is invalid=null [44]
-----------> EMail.isValid: From is invalid=null [44]
-----------> MClient.sendEmailNow: Could NOT Send Email: Request Updated: 10000004 to admin @ gardenworld.com: Invalid Data (System) [44]
-----------> MRequest.sendNotices: Failed: GardenAdmin [44]
-----------> EMail.setFrom: you @ company.org: javax.mail.internet.AddressException: Local address contains control or whitespace in string ``you @ company.org'' [44]
-----------> EMail.addTo: admin @ gardenworld.com: javax.mail.internet.AddressException: Local address contains control or whitespace in string ``admin @ gardenworld.com'' [44]
-----------> EMail.isValid: From is invalid=null [44]
-----------> EMail.isValid: From is invalid=null [44]
-----------> MClient.sendEmailNow: Could NOT Send Email: Escalated Request 10000005 to GardenAdmin to admin @ gardenworld.com: Invalid Data (GardenWorld) [44]
-----------> MRequestAction.set_ValueNoCheck: IsEscalated - Class invalid: class java.lang.Boolean, Should be class java.lang.String: false [44]
-----------> MRequestAction.set_ValueNoCheck: IsEscalated - Value too long - truncated to length=1 [44]
-----------> EMail.setFrom: you @ company.org: javax.mail.internet.AddressException: Local address contains control or whitespace in string ``you @ company.org'' [44]
-----------> EMail.addTo: admin @ gardenworld.com: javax.mail.internet.AddressException: Local address contains control or whitespace in string ``admin @ gardenworld.com'' [44]
-----------> EMail.isValid: From is invalid=null [44]
-----------> EMail.isValid: From is invalid=null [44]
-----------> MClient.sendEmailNow: Could NOT Send Email: Request Updated: 10000005 to admin @ gardenworld.com: Invalid Data (System) [44]
-----------> MRequest.sendNotices: Failed: GardenAdmin [44]
-----------> EMail.setFrom: you @ company.org: javax.mail.internet.AddressException: Local address contains control or whitespace in string ``you @ company.org'' [44]
-----------> EMail.addTo: admin @ gardenworld.com: javax.mail.internet.AddressException: Local address contains control or whitespace in string ``admin @ gardenworld.com'' [44]
-----------> EMail.isValid: From is invalid=null [44]
-----------> EMail.isValid: From is invalid=null [44]
-----------> MClient.sendEmailNow: Could NOT Send Email: Escalated Request 10000001 to GardenAdmin to admin @ gardenworld.com: Invalid Data (GardenWorld) [44]
-----------> MRequestAction.set_ValueNoCheck: IsEscalated - Class invalid: class java.lang.Boolean, Should be class java.lang.String: false [44]
-----------> MRequestAction.set_ValueNoCheck: IsEscalated - Value too long - truncated to length=1 [44]
-----------> EMail.setFrom: you @ company.org: javax.mail.internet.AddressException: Local address contains control or whitespace in string ``you @ company.org'' [44]
-----------> EMail.addTo: admin @ gardenworld.com: javax.mail.internet.AddressException: Local address contains control or whitespace in string ``admin @ gardenworld.com'' [44]
-----------> EMail.isValid: From is invalid=null [44]
-----------> EMail.isValid: From is invalid=null [44]
-----------> MClient.sendEmailNow: Could NOT Send Email: Request Updated: 10000001 to admin @ gardenworld.com: Invalid Data (System) [44]
-----------> MRequest.sendNotices: Failed: GardenAdmin [44]
-----------> EMail.setFrom: you @ company.org: javax.mail.internet.AddressException: Local address contains control or whitespace in string ``you @ company.org'' [44]
-----------> EMail.addTo: admin @ gardenworld.com: javax.mail.internet.AddressException: Local address contains control or whitespace in string ``admin @ gardenworld.com'' [44]
-----------> EMail.isValid: From is invalid=null [44]
-----------> EMail.isValid: From is invalid=null [44]
-----------> MClient.sendEmailNow: Could NOT Send Email: Inactivity Alert: Request 10000002 to admin @ gardenworld.com: Invalid Data (GardenWorld) [44]
-----------> EMail.setFrom: you @ company.org: javax.mail.internet.AddressException: Local address contains control or whitespace in string ``you @ company.org'' [44]
-----------> EMail.addTo: admin @ gardenworld.com: javax.mail.internet.AddressException: Local address contains control or whitespace in string ``admin @ gardenworld.com'' [44]
-----------> EMail.isValid: From is invalid=null [44]
-----------> EMail.isValid: From is invalid=null [44]
-----------> MClient.sendEmailNow: Could NOT Send Email: Inactivity Alert: Request 10000000 to admin @ gardenworld.com: Invalid Data (GardenWorld) [44]
-----------> EMail.setFrom: you @ company.org: javax.mail.internet.AddressException: Local address contains control or whitespace in string ``you @ company.org'' [44]
-----------> EMail.addTo: admin @ gardenworld.com: javax.mail.internet.AddressException: Local address contains control or whitespace in string ``admin @ gardenworld.com'' [44]
-----------> EMail.isValid: From is invalid=null [44]
-----------> EMail.isValid: From is invalid=null [44]
-----------> MClient.sendEmailNow: Could NOT Send Email: Inactivity Alert: Request 10000006 to admin @ gardenworld.com: Invalid Data (GardenWorld) [44]
-----------> EMail.setFrom: you @ company.org: javax.mail.internet.AddressException: Local address contains control or whitespace in string ``you @ company.org'' [44]
-----------> EMail.addTo: admin @ gardenworld.com: javax.mail.internet.AddressException: Local address contains control or whitespace in string ``admin @ gardenworld.com'' [44]
-----------> EMail.isValid: From is invalid=null [44]
-----------> EMail.isValid: From is invalid=null [44]
-----------> MClient.sendEmailNow: Could NOT Send Email: Inactivity Alert: Request 10000007 to admin @ gardenworld.com: Invalid Data (GardenWorld) [44]
-----------> MClient.createEMail: No To address: MUser[0,Name=null,EMailUserID=null] [47]
===========> Doc_AllocationHdr.post: Resubmit - Cannot lock C_AllocationHdr_ID=1000001, Force=false,RePost=false [43]
-----------> EMail.setFrom: you @ company.org: javax.mail.internet.AddressException: Local address contains control or whitespace in string ``you @ company.org'' [44]
-----------> EMail.addTo: admin @ gardenworld.com: javax.mail.internet.AddressException: Local address contains control or whitespace in string ``admin @ gardenworld.com'' [44]
-----------> EMail.isValid: From is invalid=null [44]
-----------> EMail.isValid: From is invalid=null [44]
-----------> MClient.sendEmailNow: Could NOT Send Email: Inactivity Alert: Request 10000002 to admin @ gardenworld.com: Invalid Data (GardenWorld) [44]
-----------> EMail.setFrom: you @ company.org: javax.mail.internet.AddressException: Local address contains control or whitespace in string ``you @ company.org'' [44]
-----------> EMail.addTo: admin @ gardenworld.com: javax.mail.internet.AddressException: Local address contains control or whitespace in string ``admin @ gardenworld.com'' [44]
-----------> EMail.isValid: From is invalid=null [44]
-----------> EMail.isValid: From is invalid=null [44]
-----------> MClient.sendEmailNow: Could NOT Send Email: Inactivity Alert: Request 10000000 to admin @ gardenworld.com: Invalid Data (GardenWorld) [44]
-----------> EMail.setFrom: you @ company.org: javax.mail.internet.AddressException: Local address contains control or whitespace in string ``you @ company.org'' [44]
-----------> EMail.addTo: admin @ gardenworld.com: javax.mail.internet.AddressException: Local address contains control or whitespace in string ``admin @ gardenworld.com'' [44]
-----------> EMail.isValid: From is invalid=null [44]
-----------> EMail.isValid: From is invalid=null [44]
-----------> MClient.sendEmailNow: Could NOT Send Email: Inactivity Alert: Request 10000006 to admin @ gardenworld.com: Invalid Data (GardenWorld) [44]
-----------> EMail.setFrom: you @ company.org: javax.mail.internet.AddressException: Local address contains control or whitespace in string ``you @ company.org'' [44]
-----------> EMail.addTo: admin @ gardenworld.com: javax.mail.internet.AddressException: Local address contains control or whitespace in string ``admin @ gardenworld.com'' [44]
-----------> EMail.isValid: From is invalid=null [44]
-----------> EMail.isValid: From is invalid=null [44]
-----------> MClient.sendEmailNow: Could NOT Send Email: Inactivity Alert: Request 10000007 to admin @ gardenworld.com: Invalid Data (GardenWorld) [44]
===========> Doc_AllocationHdr.post: Resubmit - Cannot lock C_AllocationHdr_ID=1000001, Force=false,RePost=false [43]
