*** 2017-10-23 23:11:07.547 Adempiere Log (CLogFile) ***
23:11:07.542 Adempiere.startup: ADempiere(r) Release 3.8.0_2015-03-01 -Smart Suite ERP,CRM and SCM- (c) 1999-2015 ADempiere(r); Implementation: ${ADEMPIERE_VERSION} 20170418-1141 - ${ADEMPIERE_VENDOR} [1]
23:11:07.550 Ini.loadProperties: C:\Users\lion007\Documents\GitHub\adempiere\Adempiere.properties #37 [1]
23:11:11.137   CLogMgt.setLevel: CONFIG [1]
23:11:11.326   MigrationLoader.loadXML: Processing migration files in directory: C:\Users\lion007\Documents\GitHub\adempiere\migration [1]
23:11:11.546   MigrationLoader.loadFile: Loading file: C:\Users\lion007\Documents\GitHub\adempiere\migration\370lts-380lts\xml\0000_120_Merge_Migration.xml [1]
23:11:11.788   MigrationLoader.applyMigration: Migration 0 - Merge migration - 3.8.0 (D) ---> Migration already applied - skipping. [1]
23:11:11.789   MigrationLoader.loadFile: Loading file: C:\Users\lion007\Documents\GitHub\adempiere\migration\dist\370lts-380lts\xml\0000_120_Merge_Migration.xml [1]
23:11:11.829   MigrationLoader.applyMigration: Migration 0 - Merge migration - 3.8.0 (D) ---> Migration already applied - skipping. [1]
23:11:11.831   MigrationLoader.loadFile: Loading file: C:\Users\lion007\Documents\GitHub\adempiere\migration\370lts-380lts\xml\0001_150_Create_charge_on_import_account.xml [1]
23:11:11.867   MigrationLoader.applyMigration: Migration 1 - Create charge when importing account - 3.8.0 (D) ---> Migration already applied - skipping. [1]
23:11:11.868   MigrationLoader.loadFile: Loading file: C:\Users\lion007\Documents\GitHub\adempiere\migration\dist\370lts-380lts\xml\0001_150_Create_charge_on_import_account.xml [1]
23:11:11.918   MigrationLoader.applyMigration: Migration 1 - Create charge when importing account - 3.8.0 (D) ---> Migration already applied - skipping. [1]
23:11:11.920   MigrationLoader.loadFile: Loading file: C:\Users\lion007\Documents\GitHub\adempiere\migration\370lts-380lts\xml\0002_160_Improve_initial_client_setup.xml [1]
23:11:11.942   MigrationLoader.applyMigration: Migration 2 - Improve initial setup - 3.8.0 (D) ---> Migration already applied - skipping. [1]
23:11:11.943   MigrationLoader.loadFile: Loading file: C:\Users\lion007\Documents\GitHub\adempiere\migration\dist\370lts-380lts\xml\0002_160_Improve_initial_client_setup.xml [1]
23:11:11.977   MigrationLoader.applyMigration: Migration 2 - Improve initial setup - 3.8.0 (D) ---> Migration already applied - skipping. [1]
23:11:11.978   MigrationLoader.loadFile: Loading file: C:\Users\lion007\Documents\GitHub\adempiere\migration\370lts-380lts\xml\0003_190_Copy_Report.xml [1]
23:11:11.993   MigrationLoader.applyMigration: Migration 3 - Copy report - 3.8.0 (D) ---> Migration already applied - skipping. [1]
23:11:11.994   MigrationLoader.loadFile: Loading file: C:\Users\lion007\Documents\GitHub\adempiere\migration\dist\370lts-380lts\xml\0003_190_Copy_Report.xml [1]
23:11:12.024   MigrationLoader.applyMigration: Migration 3 - Copy report - 3.8.0 (D) ---> Migration already applied - skipping. [1]
23:11:12.026   MigrationLoader.loadFile: Loading file: C:\Users\lion007\Documents\GitHub\adempiere\migration\370lts-380lts\xml\0004_360_memo_alert_and_lookup.xml [1]
23:11:12.108   MigrationLoader.applyMigration: Migration 4 - Memo, alert and lookup display - 3.8.0 (D) ---> Migration already applied - skipping. [1]
23:11:12.110   MigrationLoader.loadFile: Loading file: C:\Users\lion007\Documents\GitHub\adempiere\migration\dist\370lts-380lts\xml\0004_360_memo_alert_and_lookup.xml [1]
23:11:12.229   MigrationLoader.applyMigration: Migration 4 - Memo, alert and lookup display - 3.8.0 (D) ---> Migration already applied - skipping. [1]
23:11:12.231   MigrationLoader.loadFile: Loading file: C:\Users\lion007\Documents\GitHub\adempiere\migration\370lts-380lts\xml\0005_365_fix_chart_field_type.xml [1]
23:11:12.243   MigrationLoader.applyMigration: Migration 5 - Fix chart field type - 3.8.0 (D) ---> Migration already applied - skipping. [1]
23:11:12.244   MigrationLoader.loadFile: Loading file: C:\Users\lion007\Documents\GitHub\adempiere\migration\dist\370lts-380lts\xml\0005_365_fix_chart_field_type.xml [1]
23:11:12.286   MigrationLoader.applyMigration: Migration 5 - Fix chart field type - 3.8.0 (D) ---> Migration already applied - skipping. [1]
23:11:12.287   MigrationLoader.loadFile: Loading file: C:\Users\lion007\Documents\GitHub\adempiere\migration\370lts-380lts\xml\0006_460_Add_series_to_chart.xml [1]
23:11:12.301   MigrationLoader.applyMigration: Migration 6 - Add series to chart data - 3.8.0 (D) ---> Migration already applied - skipping. [1]
23:11:12.302   MigrationLoader.loadFile: Loading file: C:\Users\lion007\Documents\GitHub\adempiere\migration\dist\370lts-380lts\xml\0006_460_Add_series_to_chart.xml [1]
23:11:12.321   MigrationLoader.applyMigration: Migration 6 - Add series to chart data - 3.8.0 (D) ---> Migration already applied - skipping. [1]
23:11:12.322   MigrationLoader.loadFile: Loading file: C:\Users\lion007\Documents\GitHub\adempiere\migration\370lts-380lts\xml\0007_550_Grid_Column_display.xml [1]
23:11:12.336   MigrationLoader.applyMigration: Migration 7 - Grid column display - 3.8.0 (D) ---> Migration already applied - skipping. [1]
23:11:12.337   MigrationLoader.loadFile: Loading file: C:\Users\lion007\Documents\GitHub\adempiere\migration\dist\370lts-380lts\xml\0007_550_Grid_Column_display.xml [1]
23:11:12.366   MigrationLoader.applyMigration: Migration 7 - Grid column display - 3.8.0 (D) ---> Migration already applied - skipping. [1]
23:11:12.367   MigrationLoader.loadFile: Loading file: C:\Users\lion007\Documents\GitHub\adempiere\migration\370lts-380lts\xml\0008_551_Add_InfoFactoryClass_CopyFrom_For_SB.xml [1]
23:11:12.380   MigrationLoader.applyMigration: Migration 8 - Add InfoFactoryClass for Smart Browse - 3.8.0 (D) ---> Migration already applied - skipping. [1]
23:11:12.381   MigrationLoader.loadFile: Loading file: C:\Users\lion007\Documents\GitHub\adempiere\migration\dist\370lts-380lts\xml\0008_551_Add_InfoFactoryClass_CopyFrom_For_SB.xml [1]
23:11:12.401   MigrationLoader.applyMigration: Migration 8 - Add InfoFactoryClass for Smart Browse - 3.8.0 (D) ---> Migration already applied - skipping. [1]
23:11:12.403   MigrationLoader.loadFile: Loading file: C:\Users\lion007\Documents\GitHub\adempiere\migration\370lts-380lts\xml\0009_560_CRM.xml [1]
23:11:12.556   MigrationLoader.applyMigration: Migration 9 - CRM - 3.8.0 (D) ---> Migration already applied - skipping. [1]
23:11:12.557   MigrationLoader.loadFile: Loading file: C:\Users\lion007\Documents\GitHub\adempiere\migration\dist\370lts-380lts\xml\0009_560_CRM.xml [1]
23:11:12.731   MigrationLoader.applyMigration: Migration 9 - CRM - 3.8.0 (D) ---> Migration already applied - skipping. [1]
23:11:12.733   MigrationLoader.loadFile: Loading file: C:\Users\lion007\Documents\GitHub\adempiere\migration\370lts-380lts\xml\0010_561_Cashflow_Management.xml [1]
23:11:12.755   MigrationLoader.applyMigration: Migration 10 - Cash Flow Management - 3.8.0 (D) ---> Migration already applied - skipping. [1]
23:11:12.756   MigrationLoader.loadFile: Loading file: C:\Users\lion007\Documents\GitHub\adempiere\migration\dist\370lts-380lts\xml\0010_561_Cashflow_Management.xml [1]
23:11:12.799   MigrationLoader.applyMigration: Migration 10 - Cash Flow Management - 3.8.0 (D) ---> Migration already applied - skipping. [1]
23:11:12.800   MigrationLoader.loadFile: Loading file: C:\Users\lion007\Documents\GitHub\adempiere\migration\370lts-380lts\xml\0011_562_CheckOnHand.xml [1]
23:11:12.814   MigrationLoader.applyMigration: Migration 11 - Alert quantity on hand is insufficient - 3.8.0 (D) ---> Migration already applied - skipping. [1]
23:11:12.815   MigrationLoader.loadFile: Loading file: C:\Users\lion007\Documents\GitHub\adempiere\migration\dist\370lts-380lts\xml\0011_562_CheckOnHand.xml [1]
23:11:12.828   MigrationLoader.applyMigration: Migration 11 - Alert quantity on hand is insufficient - 3.8.0 (D) ---> Migration already applied - skipping. [1]
23:11:12.828   MigrationLoader.loadFile: Loading file: C:\Users\lion007\Documents\GitHub\adempiere\migration\370lts-380lts\xml\0012_563_CostingByWarehouse.xml [1]
23:11:12.843   MigrationLoader.applyMigration: Migration 12 - CostEngine by Warehouse - 3.8.0 (D) ---> Migration already applied - skipping. [1]
23:11:12.843   MigrationLoader.loadFile: Loading file: C:\Users\lion007\Documents\GitHub\adempiere\migration\dist\370lts-380lts\xml\0012_563_CostingByWarehouse.xml [1]
23:11:12.873   MigrationLoader.applyMigration: Migration 12 - CostEngine by Warehouse - 3.8.0 (D) ---> Migration already applied - skipping. [1]
23:11:12.874   MigrationLoader.loadFile: Loading file: C:\Users\lion007\Documents\GitHub\adempiere\migration\370lts-380lts\xml\0013_564_DefaultsForSmartBrowser.xml [1]
23:11:12.887   MigrationLoader.applyMigration: Migration 13 - Defaults for Smart browser  - 3.8.0 (D) ---> Migration already applied - skipping. [1]
23:11:12.888   MigrationLoader.loadFile: Loading file: C:\Users\lion007\Documents\GitHub\adempiere\migration\dist\370lts-380lts\xml\0013_564_DefaultsForSmartBrowser.xml [1]
23:11:12.909   MigrationLoader.applyMigration: Migration 13 - Defaults for Smart browser  - 3.8.0 (D) ---> Migration already applied - skipping. [1]
23:11:12.910   MigrationLoader.loadFile: Loading file: C:\Users\lion007\Documents\GitHub\adempiere\migration\370lts-380lts\xml\0014_565_ManufacturingScheduling.xml [1]
23:11:13.366   MigrationLoader.applyMigration: Migration 14 - Manufacturing Scheduling - 3.8.0 (D) ---> Migration already applied - skipping. [1]
23:11:13.368   MigrationLoader.loadFile: Loading file: C:\Users\lion007\Documents\GitHub\adempiere\migration\dist\370lts-380lts\xml\0014_565_ManufacturingScheduling.xml [1]
23:11:13.686   MigrationLoader.applyMigration: Migration 14 - Manufacturing Scheduling - 3.8.0 (D) ---> Migration already applied - skipping. [1]
23:11:13.688   MigrationLoader.loadFile: Loading file: C:\Users\lion007\Documents\GitHub\adempiere\migration\370lts-380lts\xml\0015_580_ImportProductASI.xml [1]
23:11:13.706   MigrationLoader.applyMigration: Migration 15 - Import Product ASI - 3.8.0 (D) ---> Migration already applied - skipping. [1]
23:11:13.708   MigrationLoader.loadFile: Loading file: C:\Users\lion007\Documents\GitHub\adempiere\migration\dist\370lts-380lts\xml\0015_580_ImportProductASI.xml [1]
23:11:13.748   MigrationLoader.applyMigration: Migration 15 - Import Product ASI - 3.8.0 (D) ---> Migration already applied - skipping. [1]
23:11:13.750   MigrationLoader.loadFile: Loading file: C:\Users\lion007\Documents\GitHub\adempiere\migration\370lts-380lts\xml\0016_700_Import_field_default.xml [1]
23:11:13.761   MigrationLoader.applyMigration: Migration 16 - Import field default value - 3.8.0 (D) ---> Migration already applied - skipping. [1]
23:11:13.762   MigrationLoader.loadFile: Loading file: C:\Users\lion007\Documents\GitHub\adempiere\migration\dist\370lts-380lts\xml\0016_700_Import_field_default.xml [1]
23:11:13.788   MigrationLoader.applyMigration: Migration 16 - Import field default value - 3.8.0 (D) ---> Migration already applied - skipping. [1]
23:11:13.789   MigrationLoader.loadFile: Loading file: C:\Users\lion007\Documents\GitHub\adempiere\migration\370lts-380lts\xml\0017_710_ViewColumnTranslation.xml [1]
23:11:13.802   MigrationLoader.applyMigration: Migration 17 - View Column - 3.8.0 (D) ---> Migration already applied - skipping. [1]
23:11:13.803   MigrationLoader.loadFile: Loading file: C:\Users\lion007\Documents\GitHub\adempiere\migration\dist\370lts-380lts\xml\0017_710_ViewColumnTranslation.xml [1]
23:11:13.829   MigrationLoader.applyMigration: Migration 17 - View Column - 3.8.0 (D) ---> Migration already applied - skipping. [1]
23:11:13.831   MigrationLoader.loadFile: Loading file: C:\Users\lion007\Documents\GitHub\adempiere\migration\370lts-380lts\xml\0018_Simplified_GL_Journal.xml [1]
23:11:13.850   MigrationLoader.applyMigration: Migration 18 - Simplified Gl journal - 3.8.0 (D) ---> Migration already applied - skipping. [1]
23:11:13.851   MigrationLoader.loadFile: Loading file: C:\Users\lion007\Documents\GitHub\adempiere\migration\dist\370lts-380lts\xml\0018_Simplified_GL_Journal.xml [1]
23:11:13.891   MigrationLoader.applyMigration: Migration 18 - Simplified Gl journal - 3.8.0 (D) ---> Migration already applied - skipping. [1]
23:11:13.892   MigrationLoader.loadFile: Loading file: C:\Users\lion007\Documents\GitHub\adempiere\migration\370lts-380lts\xml\0019_1990_Set_ZK_ID_Generator_for_SAHI_Testing.xml [1]
23:11:13.905   MigrationLoader.applyMigration: Migration 19 - Set the ZK ID Generator for Sahi Testing - 3.8.0 (D) ---> Migration already applied - skipping. [1]
23:11:13.905   MigrationLoader.loadFile: Loading file: C:\Users\lion007\Documents\GitHub\adempiere\migration\dist\370lts-380lts\xml\0019_1990_Set_ZK_ID_Generator_for_SAHI_Testing.xml [1]
23:11:13.920   MigrationLoader.applyMigration: Migration 19 - Set the ZK ID Generator for Sahi Testing - 3.8.0 (D) ---> Migration already applied - skipping. [1]
23:11:13.922   MigrationLoader.loadFile: Loading file: C:\Users\lion007\Documents\GitHub\adempiere\migration\370lts-380lts\xml\0020_RecruitmentManagement.xml [1]
23:11:14.077   MigrationLoader.applyMigration: Migration 20 - Recruitment Management - 3.8.0 (D) ---> Migration already applied - skipping. [1]
23:11:14.079   MigrationLoader.loadFile: Loading file: C:\Users\lion007\Documents\GitHub\adempiere\migration\dist\370lts-380lts\xml\0020_RecruitmentManagement.xml [1]
23:11:14.299   MigrationLoader.applyMigration: Migration 20 - Recruitment Management - 3.8.0 (D) ---> Migration already applied - skipping. [1]
23:11:14.301   MigrationLoader.loadFile: Loading file: C:\Users\lion007\Documents\GitHub\adempiere\migration\370lts-380lts\xml\0021_CostTransactionDetail.xml [1]
23:11:14.316   MigrationLoader.applyMigration: Migration 21 - Cost Transaction Detail - 3.8.0 (D) ---> Migration already applied - skipping. [1]
23:11:14.317   MigrationLoader.loadFile: Loading file: C:\Users\lion007\Documents\GitHub\adempiere\migration\dist\370lts-380lts\xml\0021_CostTransactionDetail.xml [1]
23:11:14.344   MigrationLoader.applyMigration: Migration 21 - Cost Transaction Detail - 3.8.0 (D) ---> Migration already applied - skipping. [1]
23:11:14.349   MigrationLoader.loadFile: Loading file: C:\Users\lion007\Documents\GitHub\adempiere\migration\370lts-380lts\xml\0022_AddValidToInPayrollMovement Import.xml [1]
23:11:14.359   MigrationLoader.applyMigration: Migration 22 - Add Valid to in Payroll Movement Import - 3.8.0 (D) ---> Migration already applied - skipping. [1]
23:11:14.360   MigrationLoader.loadFile: Loading file: C:\Users\lion007\Documents\GitHub\adempiere\migration\dist\370lts-380lts\xml\0022_AddValidToInPayrollMovement Import.xml [1]
23:11:14.390   MigrationLoader.applyMigration: Migration 22 - Add Valid to in Payroll Movement Import - 3.8.0 (D) ---> Migration already applied - skipping. [1]
23:11:14.391   MigrationLoader.loadFile: Loading file: C:\Users\lion007\Documents\GitHub\adempiere\migration\370lts-380lts\xml\0023_FixDictionaryDefinition.xml [1]
23:11:14.403   MigrationLoader.applyMigration: Migration 23 - Fix Dictionary Definition - 3.8.0 (D) ---> Migration already applied - skipping. [1]
23:11:14.404   MigrationLoader.loadFile: Loading file: C:\Users\lion007\Documents\GitHub\adempiere\migration\dist\370lts-380lts\xml\0023_FixDictionaryDefinition.xml [1]
23:11:14.434   MigrationLoader.applyMigration: Migration 23 - Fix Dictionary Definition - 3.8.0 (D) ---> Migration already applied - skipping. [1]
23:11:14.435   MigrationLoader.loadFile: Loading file: C:\Users\lion007\Documents\GitHub\adempiere\migration\370lts-380lts\xml\0024_AddMessageIsProductAttribute.xml [1]
23:11:14.449   MigrationLoader.applyMigration: Migration 24 - Adempiere-301 Add message for IsProductAttribute - 3.8.0 (D) ---> Migration already applied - skipping. [1]
23:11:14.450   MigrationLoader.loadFile: Loading file: C:\Users\lion007\Documents\GitHub\adempiere\migration\dist\370lts-380lts\xml\0024_AddMessageIsProductAttribute.xml [1]
23:11:14.468   MigrationLoader.applyMigration: Migration 24 - Adempiere-301 Add message for IsProductAttribute - 3.8.0 (D) ---> Migration already applied - skipping. [1]
23:11:14.470   MigrationLoader.loadFile: Loading file: C:\Users\lion007\Documents\GitHub\adempiere\migration\370lts-380lts\xml\0025_AddIsShowTotaSmartBrowser.xml [1]
23:11:14.482   MigrationLoader.applyMigration: Migration 25 - Is Shown Total - 3.8.0 (D) ---> Migration already applied - skipping. [1]
23:11:14.483   MigrationLoader.loadFile: Loading file: C:\Users\lion007\Documents\GitHub\adempiere\migration\dist\370lts-380lts\xml\0025_AddIsShowTotaSmartBrowser.xml [1]
23:11:14.498   MigrationLoader.applyMigration: Migration 25 - Is Shown Total - 3.8.0 (D) ---> Migration already applied - skipping. [1]
23:11:14.499   MigrationLoader.loadFile: Loading file: C:\Users\lion007\Documents\GitHub\adempiere\migration\370lts-380lts\xml\0026_SetIdentifiersMigrationTable.xml [1]
23:11:14.512   MigrationLoader.applyMigration: Migration 26 - Set identifiers to columns for migration table - 3.8.0 (D) ---> Migration already applied - skipping. [1]
23:11:14.513   MigrationLoader.loadFile: Loading file: C:\Users\lion007\Documents\GitHub\adempiere\migration\dist\370lts-380lts\xml\0026_SetIdentifiersMigrationTable.xml [1]
23:11:14.528   MigrationLoader.applyMigration: Migration 26 - Set identifiers to columns for migration table - 3.8.0 (D) ---> Migration already applied - skipping. [1]
23:11:14.535   MigrationLoader.loadFile: Loading file: C:\Users\lion007\Documents\GitHub\adempiere\migration\370lts-380lts\xml\0027_Sales_Management_Fix.xml [1]
23:11:14.545   MigrationLoader.applyMigration: Migration 27 - Sales Management fixes - 3.8.0 (D) ---> Migration already applied - skipping. [1]
23:11:14.545   MigrationLoader.loadFile: Loading file: C:\Users\lion007\Documents\GitHub\adempiere\migration\dist\370lts-380lts\xml\0027_Sales_Management_Fix.xml [1]
23:11:14.573   MigrationLoader.applyMigration: Migration 27 - Sales Management fixes - 3.8.0 (D) ---> Migration already applied - skipping. [1]
23:11:14.574   MigrationLoader.loadFile: Loading file: C:\Users\lion007\Documents\GitHub\adempiere\migration\370lts-380lts\xml\0028_TheAdvancedZoomAndRelationTypes.xml [1]
23:11:14.586   MigrationLoader.applyMigration: Migration 28 - The Advanced Zoom and RelationTypes do not work ADEMPIERE-80 - 3.8.0 (D) ---> Migration already applied - skipping. [1]
23:11:14.587   MigrationLoader.loadFile: Loading file: C:\Users\lion007\Documents\GitHub\adempiere\migration\dist\370lts-380lts\xml\0028_TheAdvancedZoomAndRelationTypes.xml [1]
23:11:14.603   MigrationLoader.applyMigration: Migration 28 - The Advanced Zoom and RelationTypes do not work ADEMPIERE-80 - 3.8.0 (D) ---> Migration already applied - skipping. [1]
23:11:14.604   MigrationLoader.loadFile: Loading file: C:\Users\lion007\Documents\GitHub\adempiere\migration\370lts-380lts\xml\0029_ImplementEmbeddedOrHorizontalTab.xml [1]
23:11:14.618   MigrationLoader.applyMigration: Migration 29 - Implement embedded or horizontal - 3.8.0 (D) ---> Migration already applied - skipping. [1]
23:11:14.618   MigrationLoader.loadFile: Loading file: C:\Users\lion007\Documents\GitHub\adempiere\migration\dist\370lts-380lts\xml\0029_ImplementEmbeddedOrHorizontalTab.xml [1]
23:11:14.645   MigrationLoader.applyMigration: Migration 29 - Implement embedded or horizontal - 3.8.0 (D) ---> Migration already applied - skipping. [1]
23:11:14.646   MigrationLoader.loadFile: Loading file: C:\Users\lion007\Documents\GitHub\adempiere\migration\370lts-380lts\xml\0030_ImplementCreateLandedCostDistribution.xml [1]
23:11:14.676   MigrationLoader.applyMigration: Migration 30 - Implement functionality to create landed cost - 3.8.0 (D) ---> Migration already applied - skipping. [1]
23:11:14.677   MigrationLoader.loadFile: Loading file: C:\Users\lion007\Documents\GitHub\adempiere\migration\dist\370lts-380lts\xml\0030_ImplementCreateLandedCostDistribution.xml [1]
23:11:14.739   MigrationLoader.applyMigration: Migration 30 - Implement functionality to create landed cost - 3.8.0 (D) ---> Migration already applied - skipping. [1]
23:11:14.740   MigrationLoader.loadFile: Loading file: C:\Users\lion007\Documents\GitHub\adempiere\migration\370lts-380lts\xml\0031_ADEMPIERE-316_MigrationMessages.xml [1]
23:11:14.753   MigrationLoader.applyMigration: Migration 31 - ADEMPIERE-316 PreventActionsWhileLogging - 3.8.0 (D) ---> Migration already applied - skipping. [1]
23:11:14.754   MigrationLoader.loadFile: Loading file: C:\Users\lion007\Documents\GitHub\adempiere\migration\dist\370lts-380lts\xml\0031_ADEMPIERE-316_MigrationMessages.xml [1]
23:11:14.779   MigrationLoader.applyMigration: Migration 31 - ADEMPIERE-316 PreventActionsWhileLogging - 3.8.0 (D) ---> Migration already applied - skipping. [1]
23:11:14.781   MigrationLoader.loadFile: Loading file: C:\Users\lion007\Documents\GitHub\adempiere\migration\370lts-380lts\xml\0032_ADEMPIERE-72_Info_Window_Updates.xml [1]
23:11:14.795   MigrationLoader.applyMigration: Migration 32 - ADEMPIERE-72 - Info Window Improvements - 3.8.0 (D) ---> Migration already applied - skipping. [1]
23:11:14.796   MigrationLoader.loadFile: Loading file: C:\Users\lion007\Documents\GitHub\adempiere\migration\dist\370lts-380lts\xml\0032_ADEMPIERE-72_Info_Window_Updates.xml [1]
23:11:14.824   MigrationLoader.applyMigration: Migration 32 - ADEMPIERE-72 - Info Window Improvements - 3.8.0 (D) ---> Migration already applied - skipping. [1]
23:11:14.825   MigrationLoader.loadFile: Loading file: C:\Users\lion007\Documents\GitHub\adempiere\migration\370lts-380lts\xml\0033_SelectParentIDFlagInMigrationTables.xml [1]
23:11:14.838   MigrationLoader.applyMigration: Migration 33 - Fix column parent ID in migration tables - 3.8.0 (D) ---> Migration already applied - skipping. [1]
23:11:14.839   MigrationLoader.loadFile: Loading file: C:\Users\lion007\Documents\GitHub\adempiere\migration\dist\370lts-380lts\xml\0033_SelectParentIDFlagInMigrationTables.xml [1]
23:11:14.856   MigrationLoader.applyMigration: Migration 33 - Fix column parent ID in migration tables - 3.8.0 (D) ---> Migration already applied - skipping. [1]
23:11:14.858   MigrationLoader.loadFile: Loading file: C:\Users\lion007\Documents\GitHub\adempiere\migration\370lts-380lts\xml\0034_GardenWorld2012-13-14.xml [1]
23:11:14.893   MigrationLoader.applyMigration: Migration 34 - Garden World 2012 2013 2014 period - 3.8.0 (D) ---> Migration already applied - skipping. [1]
23:11:14.894   MigrationLoader.loadFile: Loading file: C:\Users\lion007\Documents\GitHub\adempiere\migration\dist\370lts-380lts\xml\0034_GardenWorld2012-13-14.xml [1]
23:11:14.965   MigrationLoader.applyMigration: Migration 34 - Garden World 2012 2013 2014 period - 3.8.0 (D) ---> Migration already applied - skipping. [1]
23:11:14.966   MigrationLoader.loadFile: Loading file: C:\Users\lion007\Documents\GitHub\adempiere\migration\370lts-380lts\xml\0035_IsAllowCopy.xml [1]
23:11:14.979   MigrationLoader.applyMigration: Migration 35 - Is Allow Copy - 3.8.0 (D) ---> Migration already applied - skipping. [1]
23:11:14.982   MigrationLoader.loadFile: Loading file: C:\Users\lion007\Documents\GitHub\adempiere\migration\dist\370lts-380lts\xml\0035_IsAllowCopy.xml [1]
23:11:15.006   MigrationLoader.applyMigration: Migration 35 - Is Allow Copy - 3.8.0 (D) ---> Migration already applied - skipping. [1]
23:11:15.007   MigrationLoader.loadFile: Loading file: C:\Users\lion007\Documents\GitHub\adempiere\migration\370lts-380lts\xml\0036_AddNewFieldPayrollMovement.xml [1]
23:11:15.022   MigrationLoader.applyMigration: Migration 36 - Add new field payroll movement - 3.8.0 (D) ---> Migration already applied - skipping. [1]
23:11:15.023   MigrationLoader.loadFile: Loading file: C:\Users\lion007\Documents\GitHub\adempiere\migration\dist\370lts-380lts\xml\0036_AddNewFieldPayrollMovement.xml [1]
23:11:15.050   MigrationLoader.applyMigration: Migration 36 - Add new field payroll movement - 3.8.0 (D) ---> Migration already applied - skipping. [1]
23:11:15.051   MigrationLoader.loadFile: Loading file: C:\Users\lion007\Documents\GitHub\adempiere\migration\370lts-380lts\xml\0037_ImportEmployeeAttribute.xml [1]
23:11:15.067   MigrationLoader.applyMigration: Migration 37 - Import Employee Attribute - 3.8.0 (D) ---> Migration already applied - skipping. [1]
23:11:15.068   MigrationLoader.loadFile: Loading file: C:\Users\lion007\Documents\GitHub\adempiere\migration\dist\370lts-380lts\xml\0037_ImportEmployeeAttribute.xml [1]
23:11:15.099   MigrationLoader.applyMigration: Migration 37 - Import Employee Attribute - 3.8.0 (D) ---> Migration already applied - skipping. [1]
23:11:15.100   MigrationLoader.loadFile: Loading file: C:\Users\lion007\Documents\GitHub\adempiere\migration\370lts-380lts\xml\0038_HistoryPayrollMovement.xml [1]
23:11:15.139   MigrationLoader.applyMigration: Migration 38 - History Payroll Movement - 3.8.0 (D) ---> Migration already applied - skipping. [1]
23:11:15.140   MigrationLoader.loadFile: Loading file: C:\Users\lion007\Documents\GitHub\adempiere\migration\dist\370lts-380lts\xml\0038_HistoryPayrollMovement.xml [1]
23:11:15.199   MigrationLoader.applyMigration: Migration 38 - History Payroll Movement - 3.8.0 (D) ---> Migration already applied - skipping. [1]
23:11:15.200   MigrationLoader.loadFile: Loading file: C:\Users\lion007\Documents\GitHub\adempiere\migration\370lts-380lts\xml\0039_ChangesToSupportCosting.xml [1]
23:11:15.214   MigrationLoader.applyMigration: Migration 39 - Changes to support costing - 3.8.0 (D) ---> Migration already applied - skipping. [1]
23:11:15.215   MigrationLoader.loadFile: Loading file: C:\Users\lion007\Documents\GitHub\adempiere\migration\dist\370lts-380lts\xml\0039_ChangesToSupportCosting.xml [1]
23:11:15.239   MigrationLoader.applyMigration: Migration 39 - Changes to support costing - 3.8.0 (D) ---> Migration already applied - skipping. [1]
23:11:15.240   MigrationLoader.loadFile: Loading file: C:\Users\lion007\Documents\GitHub\adempiere\migration\370lts-380lts\xml\0040_ViewProductCosting.xml [1]
23:11:15.252   MigrationLoader.applyMigration: Migration 40 - Remove View Product Costing - 3.8.0 (D) ---> Migration already applied - skipping. [1]
23:11:15.253   MigrationLoader.loadFile: Loading file: C:\Users\lion007\Documents\GitHub\adempiere\migration\dist\370lts-380lts\xml\0040_ViewProductCosting.xml [1]
23:11:15.284   MigrationLoader.applyMigration: Migration 40 - Remove View Product Costing - 3.8.0 (D) ---> Migration already applied - skipping. [1]
23:11:15.285   MigrationLoader.loadFile: Loading file: C:\Users\lion007\Documents\GitHub\adempiere\migration\370lts-380lts\xml\0041_ModifyProductionCreate.xml [1]
23:11:15.297   MigrationLoader.applyMigration: Migration 41 - Modify process ProductionCreate - 3.8.0 (D) ---> Migration already applied - skipping. [1]
23:11:15.298   MigrationLoader.loadFile: Loading file: C:\Users\lion007\Documents\GitHub\adempiere\migration\dist\370lts-380lts\xml\0041_ModifyProductionCreate.xml [1]
23:11:15.326   MigrationLoader.applyMigration: Migration 41 - Modify process ProductionCreate - 3.8.0 (D) ---> Migration already applied - skipping. [1]
23:11:15.327   MigrationLoader.loadFile: Loading file: C:\Users\lion007\Documents\GitHub\adempiere\migration\370lts-380lts\xml\0042_AddMissingMessagesForAdvSearch.xml [1]
23:11:15.340   MigrationLoader.applyMigration: Migration 42 - Add missing messages for advanced search - 3.8.0 (D) ---> Migration already applied - skipping. [1]
23:11:15.341   MigrationLoader.loadFile: Loading file: C:\Users\lion007\Documents\GitHub\adempiere\migration\dist\370lts-380lts\xml\0042_AddMissingMessagesForAdvSearch.xml [1]
23:11:15.361   MigrationLoader.applyMigration: Migration 42 - Add missing messages for advanced search - 3.8.0 (D) ---> Migration already applied - skipping. [1]
23:11:15.362   MigrationLoader.loadFile: Loading file: C:\Users\lion007\Documents\GitHub\adempiere\migration\370lts-380lts\xml\0043_AddProcessedFieldtoADMigration.xml [1]
23:11:15.377   MigrationLoader.applyMigration: Migration 43 - Adding processed field to AD_Migration table to indicate the - 3.8.0 (D) ---> Migration already applied - skipping. [1]
23:11:15.378   MigrationLoader.loadFile: Loading file: C:\Users\lion007\Documents\GitHub\adempiere\migration\dist\370lts-380lts\xml\0043_AddProcessedFieldtoADMigration.xml [1]
23:11:15.400   MigrationLoader.applyMigration: Migration 43 - Adding processed field to AD_Migration table to indicate the - 3.8.0 (D) ---> Migration already applied - skipping. [1]
23:11:15.402   MigrationLoader.loadFile: Loading file: C:\Users\lion007\Documents\GitHub\adempiere\migration\370lts-380lts\xml\0044_FixMenuPosition.xml [1]
23:11:15.414   MigrationLoader.applyMigration: Migration 44 - Fix Menu Position - 3.8.0 (D) ---> Migration already applied - skipping. [1]
23:11:15.415   MigrationLoader.loadFile: Loading file: C:\Users\lion007\Documents\GitHub\adempiere\migration\dist\370lts-380lts\xml\0044_FixMenuPosition.xml [1]
23:11:15.436   MigrationLoader.applyMigration: Migration 44 - Fix Menu Position - 3.8.0 (D) ---> Migration already applied - skipping. [1]
23:11:15.437   MigrationLoader.loadFile: Loading file: C:\Users\lion007\Documents\GitHub\adempiere\migration\370lts-380lts\xml\0045_AddNewFontSizeDefinition.xml [1]
23:11:15.451   MigrationLoader.applyMigration: Migration 45 - Add new font size definition - 3.8.0 (D) ---> Migration already applied - skipping. [1]
23:11:15.451   MigrationLoader.loadFile: Loading file: C:\Users\lion007\Documents\GitHub\adempiere\migration\dist\370lts-380lts\xml\0045_AddNewFontSizeDefinition.xml [1]
23:11:15.476   MigrationLoader.applyMigration: Migration 45 - Add new font size definition - 3.8.0 (D) ---> Migration already applied - skipping. [1]
23:11:15.477   MigrationLoader.loadFile: Loading file: C:\Users\lion007\Documents\GitHub\adempiere\migration\370lts-380lts\xml\0046_ManufacturingOrderCost.xml [1]
23:11:15.504   MigrationLoader.applyMigration: Migration 46 - Manufacturing Order Cost - 3.8.0 (EE01) ---> Migration already applied - skipping. [1]
23:11:15.505   MigrationLoader.loadFile: Loading file: C:\Users\lion007\Documents\GitHub\adempiere\migration\dist\370lts-380lts\xml\0046_ManufacturingOrderCost.xml [1]
23:11:15.582   MigrationLoader.applyMigration: Migration 46 - Manufacturing Order Cost - 3.8.0 (EE01) ---> Migration already applied - skipping. [1]
23:11:15.584   MigrationLoader.loadFile: Loading file: C:\Users\lion007\Documents\GitHub\adempiere\migration\370lts-380lts\xml\0047_MRPDetailDeleteCascade.xml [1]
23:11:15.597   MigrationLoader.applyMigration: Migration 47 - MRP Detail Delete Cascade - 3.8.0 (EE01) ---> Migration already applied - skipping. [1]
23:11:15.598   MigrationLoader.loadFile: Loading file: C:\Users\lion007\Documents\GitHub\adempiere\migration\dist\370lts-380lts\xml\0047_MRPDetailDeleteCascade.xml [1]
23:11:15.619   MigrationLoader.applyMigration: Migration 47 - MRP Detail Delete Cascade - 3.8.0 (EE01) ---> Migration already applied - skipping. [1]
23:11:15.621   MigrationLoader.loadFile: Loading file: C:\Users\lion007\Documents\GitHub\adempiere\migration\370lts-380lts\xml\0048_SetZKAdempiereLogo.xml [1]
23:11:15.634   MigrationLoader.applyMigration: Migration 48 - Set ZK Adempiere Logo - 3.8.0 (D) ---> Migration already applied - skipping. [1]
23:11:15.635   MigrationLoader.loadFile: Loading file: C:\Users\lion007\Documents\GitHub\adempiere\migration\dist\370lts-380lts\xml\0048_SetZKAdempiereLogo.xml [1]
23:11:15.649   MigrationLoader.applyMigration: Migration 48 - Set ZK Adempiere Logo - 3.8.0 (D) ---> Migration already applied - skipping. [1]
23:11:15.650   MigrationLoader.loadFile: Loading file: C:\Users\lion007\Documents\GitHub\adempiere\migration\370lts-380lts\xml\0049_GenerateMovementFromOrder.xml [1]
23:11:15.687   MigrationLoader.applyMigration: Migration 49 - Generate Movement from Order - 3.8.0 (C) ---> Migration already applied - skipping. [1]
23:11:15.688   MigrationLoader.loadFile: Loading file: C:\Users\lion007\Documents\GitHub\adempiere\migration\dist\370lts-380lts\xml\0049_GenerateMovementFromOrder.xml [1]
23:11:15.760   MigrationLoader.applyMigration: Migration 49 - Generate Movement from Order - 3.8.0 (C) ---> Migration already applied - skipping. [1]
23:11:15.761   MigrationLoader.loadFile: Loading file: C:\Users\lion007\Documents\GitHub\adempiere\migration\370lts-380lts\xml\0050_AddMessages.xml [1]
23:11:15.773   MigrationLoader.applyMigration: Migration 50 - Adding missing messages - 3.8.0 (D) ---> Migration already applied - skipping. [1]
23:11:15.774   MigrationLoader.loadFile: Loading file: C:\Users\lion007\Documents\GitHub\adempiere\migration\dist\370lts-380lts\xml\0050_AddMessages.xml [1]
23:11:15.790   MigrationLoader.applyMigration: Migration 50 - Adding missing messages - 3.8.0 (D) ---> Migration already applied - skipping. [1]
23:11:15.791   MigrationLoader.loadFile: Loading file: C:\Users\lion007\Documents\GitHub\adempiere\migration\370lts-380lts\xml\0051_AddGroupClassClassificationToProdImport.xml [1]
23:11:15.805   MigrationLoader.applyMigration: Migration 51 - Adding group, class and classification to product import - 3.8.0 (D) ---> Migration already applied - skipping. [1]
23:11:15.806   MigrationLoader.loadFile: Loading file: C:\Users\lion007\Documents\GitHub\adempiere\migration\dist\370lts-380lts\xml\0051_AddGroupClassClassificationToProdImport.xml [1]
23:11:15.832   MigrationLoader.applyMigration: Migration 51 - Adding group, class and classification to product import - 3.8.0 (D) ---> Migration already applied - skipping. [1]
23:11:15.834   MigrationLoader.loadFile: Loading file: C:\Users\lion007\Documents\GitHub\adempiere\migration\370lts-380lts\xml\0052_AddRevtoMigrationWindowSort.xml [1]
23:11:15.846   MigrationLoader.applyMigration: Migration 52 - Add ReleaseNo to Migration Window Sort Order - 3.8.0 (D) ---> Migration already applied - skipping. [1]
23:11:15.848   MigrationLoader.loadFile: Loading file: C:\Users\lion007\Documents\GitHub\adempiere\migration\dist\370lts-380lts\xml\0052_AddRevtoMigrationWindowSort.xml [1]
23:11:15.861   MigrationLoader.applyMigration: Migration 52 - Add ReleaseNo to Migration Window Sort Order - 3.8.0 (D) ---> Migration already applied - skipping. [1]
23:11:15.863   MigrationLoader.loadFile: Loading file: C:\Users\lion007\Documents\GitHub\adempiere\migration\370lts-380lts\xml\0053_ChangeMigrationIDColumns.xml [1]
23:11:15.876   MigrationLoader.applyMigration: Migration 53 - Change Migration identifier columns - add Release No. - 3.8.0 (D) ---> Migration already applied - skipping. [1]
23:11:15.877   MigrationLoader.loadFile: Loading file: C:\Users\lion007\Documents\GitHub\adempiere\migration\dist\370lts-380lts\xml\0053_ChangeMigrationIDColumns.xml [1]
23:11:15.894   MigrationLoader.applyMigration: Migration 53 - Change Migration identifier columns - add Release No. - 3.8.0 (D) ---> Migration already applied - skipping. [1]
23:11:15.898   MigrationLoader.loadFile: Loading file: C:\Users\lion007\Documents\GitHub\adempiere\migration\370lts-380lts\xml\0054_FixTabLevel.xml [1]
23:11:15.909   MigrationLoader.applyMigration: Migration 54 - Fix Tab Levels - 3.8.0 (D) ---> Migration already applied - skipping. [1]
23:11:15.909   MigrationLoader.loadFile: Loading file: C:\Users\lion007\Documents\GitHub\adempiere\migration\dist\370lts-380lts\xml\0054_FixTabLevel.xml [1]
23:11:15.923   MigrationLoader.applyMigration: Migration 54 - Fix Tab Levels - 3.8.0 (D) ---> Migration already applied - skipping. [1]
23:11:15.924   MigrationLoader.loadFile: Loading file: C:\Users\lion007\Documents\GitHub\adempiere\migration\370lts-380lts\xml\0055_CleanUpGW.xml [1]
23:11:15.937   MigrationLoader.applyMigration: Migration 55 - Add process to clean up Garden World - 3.8.0 (D) ---> Migration already applied - skipping. [1]
23:11:15.938   MigrationLoader.loadFile: Loading file: C:\Users\lion007\Documents\GitHub\adempiere\migration\dist\370lts-380lts\xml\0055_CleanUpGW.xml [1]
23:11:15.956   MigrationLoader.applyMigration: Migration 55 - Add process to clean up Garden World - 3.8.0 (D) ---> Migration already applied - skipping. [1]
23:11:15.957   MigrationLoader.loadFile: Loading file: C:\Users\lion007\Documents\GitHub\adempiere\migration\370lts-380lts\xml\0056_SB_ForecastSimulation.xml [1]
23:11:15.977   MigrationLoader.applyMigration: Migration 56 - Fix Smart Browser Forecast Simulation Result - 3.8.0 (EE01) ---> Migration already applied - skipping. [1]
23:11:15.978   MigrationLoader.loadFile: Loading file: C:\Users\lion007\Documents\GitHub\adempiere\migration\dist\370lts-380lts\xml\0056_SB_ForecastSimulation.xml [1]
23:11:16.022   MigrationLoader.applyMigration: Migration 56 - Fix Smart Browser Forecast Simulation Result - 3.8.0 (EE01) ---> Migration already applied - skipping. [1]
23:11:16.023   MigrationLoader.loadFile: Loading file: C:\Users\lion007\Documents\GitHub\adempiere\migration\370lts-380lts\xml\0057_MoveDistributionManagementMenu.xml [1]
23:11:16.036   MigrationLoader.applyMigration: Migration 57 - Move Distribution Management Menu - 3.8.0 (D) ---> Migration already applied - skipping. [1]
23:11:16.037   MigrationLoader.loadFile: Loading file: C:\Users\lion007\Documents\GitHub\adempiere\migration\dist\370lts-380lts\xml\0057_MoveDistributionManagementMenu.xml [1]
23:11:16.053   MigrationLoader.applyMigration: Migration 57 - Move Distribution Management Menu - 3.8.0 (D) ---> Migration already applied - skipping. [1]
23:11:16.054   MigrationLoader.loadFile: Loading file: C:\Users\lion007\Documents\GitHub\adempiere\migration\370lts-380lts\xml\0058_RenameMfgLigthToProduction.xml [1]
23:11:16.067   MigrationLoader.applyMigration: Migration 58 - Rename Manufacturign Light - 3.8.0 (D) ---> Migration already applied - skipping. [1]
23:11:16.068   MigrationLoader.loadFile: Loading file: C:\Users\lion007\Documents\GitHub\adempiere\migration\dist\370lts-380lts\xml\0058_RenameMfgLigthToProduction.xml [1]
23:11:16.082   MigrationLoader.applyMigration: Migration 58 - Rename Manufacturign Light - 3.8.0 (D) ---> Migration already applied - skipping. [1]
23:11:16.083   MigrationLoader.loadFile: Loading file: C:\Users\lion007\Documents\GitHub\adempiere\migration\370lts-380lts\xml\0059_RemoveBetaFunctionality.xml [1]
23:11:16.095   MigrationLoader.applyMigration: Migration 59 - Remove Beta Functionality - 3.8.0 (EE02) ---> Migration already applied - skipping. [1]
23:11:16.096   MigrationLoader.loadFile: Loading file: C:\Users\lion007\Documents\GitHub\adempiere\migration\dist\370lts-380lts\xml\0059_RemoveBetaFunctionality.xml [1]
23:11:16.111   MigrationLoader.applyMigration: Migration 59 - Remove Beta Functionality - 3.8.0 (EE02) ---> Migration already applied - skipping. [1]
23:11:16.112   MigrationLoader.loadFile: Loading file: C:\Users\lion007\Documents\GitHub\adempiere\migration\370lts-380lts\xml\0060_FixPayrollSelection.xml [1]
23:11:16.127   MigrationLoader.applyMigration: Migration 60 - Payroll Selection Check - 3.8.0 (EE02) ---> Migration already applied - skipping. [1]
23:11:16.127   MigrationLoader.loadFile: Loading file: C:\Users\lion007\Documents\GitHub\adempiere\migration\dist\370lts-380lts\xml\0060_FixPayrollSelection.xml [1]
23:11:16.150   MigrationLoader.applyMigration: Migration 60 - Payroll Selection Check - 3.8.0 (EE02) ---> Migration already applied - skipping. [1]
23:11:16.151   MigrationLoader.loadFile: Loading file: C:\Users\lion007\Documents\GitHub\adempiere\migration\370lts-380lts\xml\0061_AddCommentsToAdvancedFind.xml [1]
23:11:16.163   MigrationLoader.applyMigration: Migration 61 - Add comments for the find window advanced combo box - 3.8.0 (D) ---> Migration already applied - skipping. [1]
23:11:16.165   MigrationLoader.loadFile: Loading file: C:\Users\lion007\Documents\GitHub\adempiere\migration\dist\370lts-380lts\xml\0061_AddCommentsToAdvancedFind.xml [1]
23:11:16.179   MigrationLoader.applyMigration: Migration 61 - Add comments for the find window advanced combo box - 3.8.0 (D) ---> Migration already applied - skipping. [1]
23:11:16.182   MigrationLoader.loadFile: Loading file: C:\Users\lion007\Documents\GitHub\adempiere\migration\370lts-380lts\xml\0062_FixColumnsDefaultValues.xml [1]
23:11:16.195   MigrationLoader.applyMigration: Migration 62 - Fix Columns Default Values - 3.8.0 (D) ---> Migration already applied - skipping. [1]
23:11:16.198   MigrationLoader.loadFile: Loading file: C:\Users\lion007\Documents\GitHub\adempiere\migration\dist\370lts-380lts\xml\0062_FixColumnsDefaultValues.xml [1]
23:11:16.213   MigrationLoader.applyMigration: Migration 62 - Fix Columns Default Values - 3.8.0 (D) ---> Migration already applied - skipping. [1]
23:11:16.215   MigrationLoader.loadFile: Loading file: C:\Users\lion007\Documents\GitHub\adempiere\migration\370lts-380lts\xml\0063_SynchronizeApplicationDictionary.xml [1]
23:11:16.238   MigrationLoader.applyMigration: Migration 63 - Synchronize Application Dictionary - 3.8.0 (D) ---> Migration already applied - skipping. [1]
23:11:16.240   MigrationLoader.loadFile: Loading file: C:\Users\lion007\Documents\GitHub\adempiere\migration\dist\370lts-380lts\xml\0063_SynchronizeApplicationDictionary.xml [1]
23:11:16.280   MigrationLoader.applyMigration: Migration 63 - Synchronize Application Dictionary - 3.8.0 (D) ---> Migration already applied - skipping. [1]
23:11:16.281   MigrationLoader.loadFile: Loading file: C:\Users\lion007\Documents\GitHub\adempiere\migration\370lts-380lts\xml\0064_SmartBrowserZoomWindow.xml [1]
23:11:16.293   MigrationLoader.applyMigration: Migration 64 - Smart Browser zoom window - 3.8.0 (D) ---> Migration already applied - skipping. [1]
23:11:16.293   MigrationLoader.loadFile: Loading file: C:\Users\lion007\Documents\GitHub\adempiere\migration\dist\370lts-380lts\xml\0064_SmartBrowserZoomWindow.xml [1]
23:11:16.311   MigrationLoader.applyMigration: Migration 64 - Smart Browser zoom window - 3.8.0 (D) ---> Migration already applied - skipping. [1]
23:11:16.312   MigrationLoader.loadFile: Loading file: C:\Users\lion007\Documents\GitHub\adempiere\migration\370lts-380lts\xml\02280_Add_MaritalStatus_BP.xml [1]
23:11:16.327   MigrationLoader.applyMigration: Migration 2280 - Marital Status should be part of Business partner #969 - 3.8.0 (D) [1]
23:11:18.026   MMigrationStep.apply: Applying migration step: Migration 2280 - Marital Status should be part of Business partner #969 - 3.8.0 (D); Step: 10; Type: AD.  [1]
23:11:18.397   MMigrationStep.applyPO: Synchronizing column: MColumn[82853-MaritalStatus] in table: MTable[291-C_BPartner] [1]
23:11:19.693   MMigrationStep.apply: Migration 2280 - Marital Status should be part of Business partner #969 - 3.8.0 (D) ---> Step 10 successfully applied. [1]
23:11:19.887   MIssue.create: TrxRun_c5da1be5-0ae6-4c70-aa3e-5879aba9a8e4 [1]
23:11:19.924   GridField.loadLookup: (SystemStatus) [1]
===========> Trx.commit: TrxRun_c5da1be5-0ae6-4c70-aa3e-5879aba9a8e4 [1]
org.postgresql.util.PSQLException: ERROR: insert or update on table "ad_column" violates foreign key constraint "entityt_adcolumn"
  Detail: Key (entitytype)=(ECA02) is not present in table "ad_entitytype".; State=23503; ErrorCode=0
	at org.postgresql.core.v3.QueryExecutorImpl.receiveErrorResponse(QueryExecutorImpl.java:2198)
	at org.postgresql.core.v3.QueryExecutorImpl.processResults(QueryExecutorImpl.java:1927)
	at org.postgresql.core.v3.QueryExecutorImpl.execute(QueryExecutorImpl.java:255)
	at org.postgresql.jdbc2.AbstractJdbc2Connection.executeTransactionCommand(AbstractJdbc2Connection.java:814)
	at org.postgresql.jdbc2.AbstractJdbc2Connection.commit(AbstractJdbc2Connection.java:838)
	at com.mchange.v2.c3p0.impl.NewProxyConnection.commit(NewProxyConnection.java:803)
	at org.compiere.util.Trx.commit(Trx.java:334)
	at org.compiere.util.Trx.run(Trx.java:528)
	at org.compiere.util.Trx.run(Trx.java:493)
	at org.compiere.model.MMigration.apply(MMigration.java:78)
	at org.adempiere.process.MigrationLoader.applyMigration(MigrationLoader.java:229)
	at org.adempiere.process.MigrationLoader.loadFile(MigrationLoader.java:211)
	at org.adempiere.process.MigrationLoader.loadXML(MigrationLoader.java:103)
	at org.adempiere.process.MigrationLoader.main(MigrationLoader.java:277)

23:11:20.131 Trx.rollback: **** TrxRun_c5da1be5-0ae6-4c70-aa3e-5879aba9a8e4 [1]
23:11:20.143   MMigrationStep.apply: Applying migration step: Migration 2280 - Marital Status should be part of Business partner #969 - 3.8.0 (D); Step: 20; Type: AD.  [1]
23:11:20.226 MTable.getPO: Using GenericPO for AD_Column_Trl [1]
23:11:20.277   MMigrationStep.apply: Migration 2280 - Marital Status should be part of Business partner #969 - 3.8.0 (D) ---> Step 20 successfully applied. [1]
23:11:20.282   MIssue.create: TrxRun_dd0ddfa7-10a0-4735-90e0-b47508744c69 [1]
23:11:20.284   GridField.loadLookup: (SystemStatus) [1]
===========> Trx.commit: TrxRun_dd0ddfa7-10a0-4735-90e0-b47508744c69 [1]
org.postgresql.util.PSQLException: ERROR: insert or update on table "ad_column_trl" violates foreign key constraint "adcolumn_adcolumntrl"
  Detail: Key (ad_column_id)=(82853) is not present in table "ad_column".; State=23503; ErrorCode=0
	at org.postgresql.core.v3.QueryExecutorImpl.receiveErrorResponse(QueryExecutorImpl.java:2198)
	at org.postgresql.core.v3.QueryExecutorImpl.processResults(QueryExecutorImpl.java:1927)
	at org.postgresql.core.v3.QueryExecutorImpl.execute(QueryExecutorImpl.java:255)
	at org.postgresql.jdbc2.AbstractJdbc2Connection.executeTransactionCommand(AbstractJdbc2Connection.java:814)
	at org.postgresql.jdbc2.AbstractJdbc2Connection.commit(AbstractJdbc2Connection.java:838)
	at com.mchange.v2.c3p0.impl.NewProxyConnection.commit(NewProxyConnection.java:803)
	at org.compiere.util.Trx.commit(Trx.java:334)
	at org.compiere.util.Trx.run(Trx.java:528)
	at org.compiere.util.Trx.run(Trx.java:493)
	at org.compiere.model.MMigration.apply(MMigration.java:78)
	at org.adempiere.process.MigrationLoader.applyMigration(MigrationLoader.java:229)
	at org.adempiere.process.MigrationLoader.loadFile(MigrationLoader.java:211)
	at org.adempiere.process.MigrationLoader.loadXML(MigrationLoader.java:103)
	at org.adempiere.process.MigrationLoader.main(MigrationLoader.java:277)

23:11:20.314 Trx.rollback: **** TrxRun_dd0ddfa7-10a0-4735-90e0-b47508744c69 [1]
23:11:20.322   MMigrationStep.apply: Migration step already applied: Migration 2280 - Marital Status should be part of Business partner #969 - 3.8.0 (D); Step: 30; Type: AD.  [1]
23:11:20.329   MMigrationStep.apply: Migration step already applied: Migration 2280 - Marital Status should be part of Business partner #969 - 3.8.0 (D); Step: 40; Type: AD.  [1]
23:11:20.337   MMigrationStep.apply: Migration step already applied: Migration 2280 - Marital Status should be part of Business partner #969 - 3.8.0 (D); Step: 50; Type: AD.  [1]
23:11:20.345   MMigrationStep.apply: Migration step already applied: Migration 2280 - Marital Status should be part of Business partner #969 - 3.8.0 (D); Step: 60; Type: AD.  [1]
23:11:20.355   MMigrationStep.apply: Migration step already applied: Migration 2280 - Marital Status should be part of Business partner #969 - 3.8.0 (D); Step: 70; Type: AD.  [1]
23:11:20.362   MMigrationStep.apply: Migration step already applied: Migration 2280 - Marital Status should be part of Business partner #969 - 3.8.0 (D); Step: 80; Type: AD.  [1]
23:11:20.371   MMigrationStep.apply: Migration step already applied: Migration 2280 - Marital Status should be part of Business partner #969 - 3.8.0 (D); Step: 90; Type: AD.  [1]
23:11:20.378   MMigrationStep.apply: Migration step already applied: Migration 2280 - Marital Status should be part of Business partner #969 - 3.8.0 (D); Step: 100; Type: AD.  [1]
23:11:20.387   MMigrationStep.apply: Migration step already applied: Migration 2280 - Marital Status should be part of Business partner #969 - 3.8.0 (D); Step: 110; Type: AD.  [1]
23:11:20.394   MMigrationStep.apply: Migration step already applied: Migration 2280 - Marital Status should be part of Business partner #969 - 3.8.0 (D); Step: 120; Type: AD.  [1]
23:11:20.401   MMigrationStep.apply: Migration step already applied: Migration 2280 - Marital Status should be part of Business partner #969 - 3.8.0 (D); Step: 130; Type: AD.  [1]
23:11:20.409   MMigrationStep.apply: Applying migration step: Migration 2280 - Marital Status should be part of Business partner #969 - 3.8.0 (D); Step: 140; Type: AD.  [1]
23:11:20.477   Env.parseContext: No Context Win=0 for: SQL=SELECT NVL(MAX(SeqNo),0)+10 AS DefaultValue FROM AD_Field WHERE AD_Tab_ID= [1]
23:11:20.478   Env.parseContext: No Context Win=0 for: SQL=SELECT NVL(MAX(SeqNo),0)+10 AS DefaultValue FROM AD_Field WHERE AD_Tab_ID= [1]
23:11:20.731   MMigrationStep.apply: Migration 2280 - Marital Status should be part of Business partner #969 - 3.8.0 (D) ---> Step 140 successfully applied. [1]
23:11:20.748   MIssue.create: TrxRun_706daca4-8942-48a3-8da1-1579574b6c97 [1]
23:11:20.753   GridField.loadLookup: (SystemStatus) [1]
===========> Trx.commit: TrxRun_706daca4-8942-48a3-8da1-1579574b6c97 [1]
org.postgresql.util.PSQLException: ERROR: insert or update on table "ad_field" violates foreign key constraint "ad_column_field"
  Detail: Key (ad_column_id)=(82853) is not present in table "ad_column".; State=23503; ErrorCode=0
	at org.postgresql.core.v3.QueryExecutorImpl.receiveErrorResponse(QueryExecutorImpl.java:2198)
	at org.postgresql.core.v3.QueryExecutorImpl.processResults(QueryExecutorImpl.java:1927)
	at org.postgresql.core.v3.QueryExecutorImpl.execute(QueryExecutorImpl.java:255)
	at org.postgresql.jdbc2.AbstractJdbc2Connection.executeTransactionCommand(AbstractJdbc2Connection.java:814)
	at org.postgresql.jdbc2.AbstractJdbc2Connection.commit(AbstractJdbc2Connection.java:838)
	at com.mchange.v2.c3p0.impl.NewProxyConnection.commit(NewProxyConnection.java:803)
	at org.compiere.util.Trx.commit(Trx.java:334)
	at org.compiere.util.Trx.run(Trx.java:528)
	at org.compiere.util.Trx.run(Trx.java:493)
	at org.compiere.model.MMigration.apply(MMigration.java:78)
	at org.adempiere.process.MigrationLoader.applyMigration(MigrationLoader.java:229)
	at org.adempiere.process.MigrationLoader.loadFile(MigrationLoader.java:211)
	at org.adempiere.process.MigrationLoader.loadXML(MigrationLoader.java:103)
	at org.adempiere.process.MigrationLoader.main(MigrationLoader.java:277)

23:11:20.819 Trx.rollback: **** TrxRun_706daca4-8942-48a3-8da1-1579574b6c97 [1]
23:11:20.829   MMigrationStep.apply: Applying migration step: Migration 2280 - Marital Status should be part of Business partner #969 - 3.8.0 (D); Step: 150; Type: AD.  [1]
23:11:20.918 MTable.getPO: Using GenericPO for AD_Field_Trl [1]
23:11:20.976   MMigrationStep.apply: Migration 2280 - Marital Status should be part of Business partner #969 - 3.8.0 (D) ---> Step 150 successfully applied. [1]
23:11:20.982   MIssue.create: TrxRun_f8d5f9b2-ae2f-44e0-8a0a-800a8bbf1c6d [1]
23:11:20.983   GridField.loadLookup: (SystemStatus) [1]
===========> Trx.commit: TrxRun_f8d5f9b2-ae2f-44e0-8a0a-800a8bbf1c6d [1]
org.postgresql.util.PSQLException: ERROR: insert or update on table "ad_field_trl" violates foreign key constraint "ad_fieldtrl"
  Detail: Key (ad_field_id)=(81416) is not present in table "ad_field".; State=23503; ErrorCode=0
	at org.postgresql.core.v3.QueryExecutorImpl.receiveErrorResponse(QueryExecutorImpl.java:2198)
	at org.postgresql.core.v3.QueryExecutorImpl.processResults(QueryExecutorImpl.java:1927)
	at org.postgresql.core.v3.QueryExecutorImpl.execute(QueryExecutorImpl.java:255)
	at org.postgresql.jdbc2.AbstractJdbc2Connection.executeTransactionCommand(AbstractJdbc2Connection.java:814)
	at org.postgresql.jdbc2.AbstractJdbc2Connection.commit(AbstractJdbc2Connection.java:838)
	at com.mchange.v2.c3p0.impl.NewProxyConnection.commit(NewProxyConnection.java:803)
	at org.compiere.util.Trx.commit(Trx.java:334)
	at org.compiere.util.Trx.run(Trx.java:528)
	at org.compiere.util.Trx.run(Trx.java:493)
	at org.compiere.model.MMigration.apply(MMigration.java:78)
	at org.adempiere.process.MigrationLoader.applyMigration(MigrationLoader.java:229)
	at org.adempiere.process.MigrationLoader.loadFile(MigrationLoader.java:211)
	at org.adempiere.process.MigrationLoader.loadXML(MigrationLoader.java:103)
	at org.adempiere.process.MigrationLoader.main(MigrationLoader.java:277)

23:11:21.029 Trx.rollback: **** TrxRun_f8d5f9b2-ae2f-44e0-8a0a-800a8bbf1c6d [1]
23:11:21.037   MMigrationStep.apply: Applying migration step: Migration 2280 - Marital Status should be part of Business partner #969 - 3.8.0 (D); Step: 160; Type: AD.  [1]
23:11:21.076 Trx.rollback: **** TrxRun_be56d4e1-5545-4895-9b75-27a61819c033 [1]
23:11:21.084   MMigrationStep.apply: Applying migration step: Migration 2280 - Marital Status should be part of Business partner #969 - 3.8.0 (D); Step: 170; Type: AD.  [1]
23:11:21.122 Trx.rollback: **** TrxRun_e3c4199b-8c0b-4cea-a982-3355dc637df7 [1]
23:11:21.130   MMigrationStep.apply: Applying migration step: Migration 2280 - Marital Status should be part of Business partner #969 - 3.8.0 (D); Step: 180; Type: AD.  [1]
23:11:21.165   Env.parseContext: No Context Win=0 for: SQL=SELECT NVL(MAX(SeqNo),0)+10 AS DefaultValue FROM AD_Field WHERE AD_Tab_ID= [1]
23:11:21.166   Env.parseContext: No Context Win=0 for: SQL=SELECT NVL(MAX(SeqNo),0)+10 AS DefaultValue FROM AD_Field WHERE AD_Tab_ID= [1]
23:11:21.304   MMigrationStep.apply: Migration 2280 - Marital Status should be part of Business partner #969 - 3.8.0 (D) ---> Step 180 successfully applied. [1]
23:11:21.309   MIssue.create: TrxRun_4e968a19-0db2-428a-b189-5b064e526478 [1]
23:11:21.312   GridField.loadLookup: (SystemStatus) [1]
===========> Trx.commit: TrxRun_4e968a19-0db2-428a-b189-5b064e526478 [1]
org.postgresql.util.PSQLException: ERROR: insert or update on table "ad_field" violates foreign key constraint "ad_column_field"
  Detail: Key (ad_column_id)=(82853) is not present in table "ad_column".; State=23503; ErrorCode=0
	at org.postgresql.core.v3.QueryExecutorImpl.receiveErrorResponse(QueryExecutorImpl.java:2198)
	at org.postgresql.core.v3.QueryExecutorImpl.processResults(QueryExecutorImpl.java:1927)
	at org.postgresql.core.v3.QueryExecutorImpl.execute(QueryExecutorImpl.java:255)
	at org.postgresql.jdbc2.AbstractJdbc2Connection.executeTransactionCommand(AbstractJdbc2Connection.java:814)
	at org.postgresql.jdbc2.AbstractJdbc2Connection.commit(AbstractJdbc2Connection.java:838)
	at com.mchange.v2.c3p0.impl.NewProxyConnection.commit(NewProxyConnection.java:803)
	at org.compiere.util.Trx.commit(Trx.java:334)
	at org.compiere.util.Trx.run(Trx.java:528)
	at org.compiere.util.Trx.run(Trx.java:493)
	at org.compiere.model.MMigration.apply(MMigration.java:78)
	at org.adempiere.process.MigrationLoader.applyMigration(MigrationLoader.java:229)
	at org.adempiere.process.MigrationLoader.loadFile(MigrationLoader.java:211)
	at org.adempiere.process.MigrationLoader.loadXML(MigrationLoader.java:103)
	at org.adempiere.process.MigrationLoader.main(MigrationLoader.java:277)

23:11:21.350 Trx.rollback: **** TrxRun_4e968a19-0db2-428a-b189-5b064e526478 [1]
23:11:21.360   MMigrationStep.apply: Applying migration step: Migration 2280 - Marital Status should be part of Business partner #969 - 3.8.0 (D); Step: 190; Type: AD.  [1]
23:11:21.431 MTable.getPO: Using GenericPO for AD_Field_Trl [1]
23:11:21.482   MMigrationStep.apply: Migration 2280 - Marital Status should be part of Business partner #969 - 3.8.0 (D) ---> Step 190 successfully applied. [1]
23:11:21.489   MIssue.create: TrxRun_3fd6603c-c3ba-44bf-82f9-429e20c80cda [1]
23:11:21.491   GridField.loadLookup: (SystemStatus) [1]
===========> Trx.commit: TrxRun_3fd6603c-c3ba-44bf-82f9-429e20c80cda [1]
org.postgresql.util.PSQLException: ERROR: insert or update on table "ad_field_trl" violates foreign key constraint "ad_fieldtrl"
  Detail: Key (ad_field_id)=(81417) is not present in table "ad_field".; State=23503; ErrorCode=0
	at org.postgresql.core.v3.QueryExecutorImpl.receiveErrorResponse(QueryExecutorImpl.java:2198)
	at org.postgresql.core.v3.QueryExecutorImpl.processResults(QueryExecutorImpl.java:1927)
	at org.postgresql.core.v3.QueryExecutorImpl.execute(QueryExecutorImpl.java:255)
	at org.postgresql.jdbc2.AbstractJdbc2Connection.executeTransactionCommand(AbstractJdbc2Connection.java:814)
	at org.postgresql.jdbc2.AbstractJdbc2Connection.commit(AbstractJdbc2Connection.java:838)
	at com.mchange.v2.c3p0.impl.NewProxyConnection.commit(NewProxyConnection.java:803)
	at org.compiere.util.Trx.commit(Trx.java:334)
	at org.compiere.util.Trx.run(Trx.java:528)
	at org.compiere.util.Trx.run(Trx.java:493)
	at org.compiere.model.MMigration.apply(MMigration.java:78)
	at org.adempiere.process.MigrationLoader.applyMigration(MigrationLoader.java:229)
	at org.adempiere.process.MigrationLoader.loadFile(MigrationLoader.java:211)
	at org.adempiere.process.MigrationLoader.loadXML(MigrationLoader.java:103)
	at org.adempiere.process.MigrationLoader.main(MigrationLoader.java:277)

23:11:21.560 Trx.rollback: **** TrxRun_3fd6603c-c3ba-44bf-82f9-429e20c80cda [1]
23:11:21.569   MMigrationStep.apply: Migration step already applied: Migration 2280 - Marital Status should be part of Business partner #969 - 3.8.0 (D); Step: 200; Type: AD.  [1]
23:11:21.578   MMigrationStep.apply: Applying migration step: Migration 2280 - Marital Status should be part of Business partner #969 - 3.8.0 (D); Step: 210; Type: AD.  [1]
23:11:21.617 Trx.rollback: **** TrxRun_9de4e3f6-37a2-45fc-9e1b-f899bf25ee55 [1]
23:11:21.625   MMigrationStep.apply: Applying migration step: Migration 2280 - Marital Status should be part of Business partner #969 - 3.8.0 (D); Step: 220; Type: AD.  [1]
23:11:21.692   Env.parseContext: No Context Win=0 for: SQL=SELECT NVL(MAX(SeqNo),0)+10 AS DefaultValue FROM AD_Field WHERE AD_Tab_ID= [1]
23:11:21.693   Env.parseContext: No Context Win=0 for: SQL=SELECT NVL(MAX(SeqNo),0)+10 AS DefaultValue FROM AD_Field WHERE AD_Tab_ID= [1]
23:11:21.832   MMigrationStep.apply: Migration 2280 - Marital Status should be part of Business partner #969 - 3.8.0 (D) ---> Step 220 successfully applied. [1]
23:11:21.837   MIssue.create: TrxRun_441ba9bd-5730-4d4d-8109-9f260c07ef8b [1]
23:11:21.840   GridField.loadLookup: (SystemStatus) [1]
===========> Trx.commit: TrxRun_441ba9bd-5730-4d4d-8109-9f260c07ef8b [1]
org.postgresql.util.PSQLException: ERROR: insert or update on table "ad_field" violates foreign key constraint "ad_column_field"
  Detail: Key (ad_column_id)=(82853) is not present in table "ad_column".; State=23503; ErrorCode=0
	at org.postgresql.core.v3.QueryExecutorImpl.receiveErrorResponse(QueryExecutorImpl.java:2198)
	at org.postgresql.core.v3.QueryExecutorImpl.processResults(QueryExecutorImpl.java:1927)
	at org.postgresql.core.v3.QueryExecutorImpl.execute(QueryExecutorImpl.java:255)
	at org.postgresql.jdbc2.AbstractJdbc2Connection.executeTransactionCommand(AbstractJdbc2Connection.java:814)
	at org.postgresql.jdbc2.AbstractJdbc2Connection.commit(AbstractJdbc2Connection.java:838)
	at com.mchange.v2.c3p0.impl.NewProxyConnection.commit(NewProxyConnection.java:803)
	at org.compiere.util.Trx.commit(Trx.java:334)
	at org.compiere.util.Trx.run(Trx.java:528)
	at org.compiere.util.Trx.run(Trx.java:493)
	at org.compiere.model.MMigration.apply(MMigration.java:78)
	at org.adempiere.process.MigrationLoader.applyMigration(MigrationLoader.java:229)
	at org.adempiere.process.MigrationLoader.loadFile(MigrationLoader.java:211)
	at org.adempiere.process.MigrationLoader.loadXML(MigrationLoader.java:103)
	at org.adempiere.process.MigrationLoader.main(MigrationLoader.java:277)

23:11:21.877 Trx.rollback: **** TrxRun_441ba9bd-5730-4d4d-8109-9f260c07ef8b [1]
23:11:21.886   MMigrationStep.apply: Applying migration step: Migration 2280 - Marital Status should be part of Business partner #969 - 3.8.0 (D); Step: 230; Type: AD.  [1]
23:11:21.956 MTable.getPO: Using GenericPO for AD_Field_Trl [1]
23:11:22.011   MMigrationStep.apply: Migration 2280 - Marital Status should be part of Business partner #969 - 3.8.0 (D) ---> Step 230 successfully applied. [1]
23:11:22.017   MIssue.create: TrxRun_ea4c301f-e164-42b2-b4f4-5e125a0cc2d2 [1]
23:11:22.019   GridField.loadLookup: (SystemStatus) [1]
===========> Trx.commit: TrxRun_ea4c301f-e164-42b2-b4f4-5e125a0cc2d2 [1]
org.postgresql.util.PSQLException: ERROR: insert or update on table "ad_field_trl" violates foreign key constraint "ad_fieldtrl"
  Detail: Key (ad_field_id)=(81418) is not present in table "ad_field".; State=23503; ErrorCode=0
	at org.postgresql.core.v3.QueryExecutorImpl.receiveErrorResponse(QueryExecutorImpl.java:2198)
	at org.postgresql.core.v3.QueryExecutorImpl.processResults(QueryExecutorImpl.java:1927)
	at org.postgresql.core.v3.QueryExecutorImpl.execute(QueryExecutorImpl.java:255)
	at org.postgresql.jdbc2.AbstractJdbc2Connection.executeTransactionCommand(AbstractJdbc2Connection.java:814)
	at org.postgresql.jdbc2.AbstractJdbc2Connection.commit(AbstractJdbc2Connection.java:838)
	at com.mchange.v2.c3p0.impl.NewProxyConnection.commit(NewProxyConnection.java:803)
	at org.compiere.util.Trx.commit(Trx.java:334)
	at org.compiere.util.Trx.run(Trx.java:528)
	at org.compiere.util.Trx.run(Trx.java:493)
	at org.compiere.model.MMigration.apply(MMigration.java:78)
	at org.adempiere.process.MigrationLoader.applyMigration(MigrationLoader.java:229)
	at org.adempiere.process.MigrationLoader.loadFile(MigrationLoader.java:211)
	at org.adempiere.process.MigrationLoader.loadXML(MigrationLoader.java:103)
	at org.adempiere.process.MigrationLoader.main(MigrationLoader.java:277)

23:11:22.088 Trx.rollback: **** TrxRun_ea4c301f-e164-42b2-b4f4-5e125a0cc2d2 [1]
23:11:22.097   MMigrationStep.apply: Migration step already applied: Migration 2280 - Marital Status should be part of Business partner #969 - 3.8.0 (D); Step: 240; Type: AD.  [1]
23:11:22.103   MMigrationStep.apply: Applying migration step: Migration 2280 - Marital Status should be part of Business partner #969 - 3.8.0 (D); Step: 250; Type: AD.  [1]
23:11:22.134 Trx.rollback: **** TrxRun_b5acde3b-ee7d-40ba-9d00-1800b8b46733 [1]
23:11:22.141   MMigrationStep.apply: Migration step already applied: Migration 2280 - Marital Status should be part of Business partner #969 - 3.8.0 (D); Step: 260; Type: SQL.  [1]
23:11:22.162   MMigration.updateStatus: Migration 2280 - Marital Status should be part of Business partner #969 - 3.8.0 (D) ---> Partially Applied (P) [1]
23:11:22.185   MMigration.updateStatus: Migration 2280 - Marital Status should be part of Business partner #969 - 3.8.0 (D) ---> Partially Applied (P) [1]
23:11:22.198 SequenceCheck.doIt:  [1]
23:11:22.316 SequenceCheck.checkTableID: IDRangeEnd = 9999999 [1]
23:11:41.669 MSequence.checkClientSequences: AD_Client_ID=0 - created #0 - success=true [1]
23:11:41.680 MSequence.checkClientSequences: AD_Client_ID=11 - created #0 - success=true [1]
23:11:41.700   MIssue.create: Did not find PInstance 0 [1]
23:11:41.702   GridField.loadLookup: (SystemStatus) [1]
===========> SequenceCheck.unlock: Did not find PInstance 0 [1]
23:11:41.761   MigrationLoader.loadXML: Process=Sequence Check Error=false Summary=Sequence Check [1]
23:11:41.856 SynchronizeTerminology.doIt: Adding missing Element Translations [1]
23:11:41.900 SynchronizeTerminology.doIt:   rows updated: 9 [1]
23:11:41.903 SynchronizeTerminology.doIt: Creating link from Element to Column [1]
23:11:41.912 SynchronizeTerminology.doIt:   rows updated: 0 [1]
23:11:41.914 SynchronizeTerminology.doIt: Deleting unused Elements [1]
23:11:41.972 SynchronizeTerminology.doIt:   rows deleted: 9 [1]
23:11:41.997 SynchronizeTerminology.doIt:   rows deleted: 0 [1]
23:11:41.999 SynchronizeTerminology.doIt: Synchronize Column [1]
23:11:42.039 SynchronizeTerminology.doIt:   rows updated: 0 [1]
23:11:42.041 SynchronizeTerminology.doIt: Synchronize Field [1]
23:11:42.148 SynchronizeTerminology.doIt:   rows updated: 103 [1]
23:11:42.150 SynchronizeTerminology.doIt: Synchronize Field Translations [1]
23:11:42.321 SynchronizeTerminology.doIt:   rows updated: 60 [1]
23:11:42.323 SynchronizeTerminology.doIt: Synchronize PO Field [1]
23:11:42.348 SynchronizeTerminology.doIt:   rows updated: 103 [1]
23:11:42.350 SynchronizeTerminology.doIt: Synchronize PO Field Translations [1]
23:11:42.398 SynchronizeTerminology.doIt:   rows updated: 60 [1]
23:11:42.400 SynchronizeTerminology.doIt: Synchronize Field from Process [1]
23:11:42.424 SynchronizeTerminology.doIt:   rows updated: 0 [1]
23:11:42.426 SynchronizeTerminology.doIt: Synchronize Field Trl from Process Trl [1]
23:11:42.548 SynchronizeTerminology.doIt:   rows updated: 0 [1]
23:11:42.549 SynchronizeTerminology.doIt: Synchronize Browse Field [1]
23:11:42.565 SynchronizeTerminology.doIt:   rows updated: 0 [1]
23:11:42.566 SynchronizeTerminology.doIt: Synchronize Browse Field Translations [1]
23:11:42.646 SynchronizeTerminology.doIt:   rows updated: 0 [1]
23:11:42.657 SynchronizeTerminology.doIt:   rows updated: 0 [1]
23:11:42.663 SynchronizeTerminology.doIt:   rows updated: 0 [1]
23:11:42.666 SynchronizeTerminology.doIt: Synchronize Process Parameter [1]
23:11:42.675 SynchronizeTerminology.doIt:   rows updated: 0 [1]
23:11:42.677 SynchronizeTerminology.doIt: Synchronize Process Parameter Trl [1]
23:11:42.716 SynchronizeTerminology.doIt:   rows updated: 0 [1]
23:11:42.718 SynchronizeTerminology.doIt: Synchronize Workflow Node from Window [1]
23:11:42.725 SynchronizeTerminology.doIt:   rows updated: 1 [1]
23:11:42.726 SynchronizeTerminology.doIt: Synchronize Workflow Node Trl from Window Trl [1]
23:11:42.882 SynchronizeTerminology.doIt:   rows updated: 1 [1]
23:11:42.888 SynchronizeTerminology.doIt: Synchronize Workflow Node from Form [1]
23:11:42.900 SynchronizeTerminology.doIt:   rows updated: 0 [1]
23:11:42.904 SynchronizeTerminology.doIt: Synchronize Workflow Node Trl from Form Trl [1]
23:11:42.955 SynchronizeTerminology.doIt:   rows updated: 0 [1]
23:11:42.958 SynchronizeTerminology.doIt: Synchronize Workflow Node from Process [1]
23:11:42.965 SynchronizeTerminology.doIt:   rows updated: 1 [1]
23:11:42.967 SynchronizeTerminology.doIt: Synchronize Workflow Node Trl from Process Trl [1]
23:11:42.976 SynchronizeTerminology.doIt:   rows updated: 1 [1]
23:11:42.979 SynchronizeTerminology.doIt: Synchronize PrintFormatItem Name from Element [1]
23:11:43.082 SynchronizeTerminology.doIt:   rows updated: 0 [1]
23:11:43.084 SynchronizeTerminology.doIt: Synchronize PrintFormatItem PrintName from Element [1]
23:11:43.179 SynchronizeTerminology.doIt:   rows updated: 0 [1]
23:11:43.182 SynchronizeTerminology.doIt: Synchronize PrintFormatItem Trl from Element Trl (Multi-Lingual) [1]
23:11:43.266 SynchronizeTerminology.doIt:   rows updated: 0 [1]
23:11:43.268 SynchronizeTerminology.doIt: Synchronize PrintFormatItem Trl (Not Multi-Lingual) [1]
23:11:43.280 SynchronizeTerminology.doIt:   rows updated: 0 [1]
23:11:43.281 SynchronizeTerminology.doIt: Reset PrintFormatItem Trl where not used in base table [1]
23:11:43.287 SynchronizeTerminology.doIt:   rows updated: 0 [1]
23:11:43.288 SynchronizeTerminology.doIt: Synchronizing Menu with Window [1]
23:11:43.315 SynchronizeTerminology.doIt:   rows updated: 393 [1]
23:11:43.428 SynchronizeTerminology.doIt:   rows updated: 393 [1]
23:11:43.432 SynchronizeTerminology.doIt: Synchronizing Menu with Processes [1]
23:11:43.438 SynchronizeTerminology.doIt:   rows updated: 185 [1]
23:11:43.447 SynchronizeTerminology.doIt:   rows updated: 184 [1]
23:11:43.450 SynchronizeTerminology.doIt: Synchronizing Menu with Forms [1]
23:11:43.454 SynchronizeTerminology.doIt:   rows updated: 34 [1]
23:11:43.467 SynchronizeTerminology.doIt:   rows updated: 34 [1]
23:11:43.469 SynchronizeTerminology.doIt: Synchronizing Menu with Workflows [1]
23:11:43.475 SynchronizeTerminology.doIt:   rows updated: 21 [1]
23:11:43.520 SynchronizeTerminology.doIt:   rows updated: 21 [1]
23:11:43.522 SynchronizeTerminology.doIt: Synchronizing Menu with Tasks [1]
23:11:43.527 SynchronizeTerminology.doIt:   rows updated: 3 [1]
23:11:43.569 SynchronizeTerminology.doIt:   rows updated: 3 [1]
23:11:43.572 SynchronizeTerminology.doIt: Synchronizing Column with Element [1]
23:11:43.617 SynchronizeTerminology.doIt:   rows updated: 0 [1]
23:11:43.696 SynchronizeTerminology.doIt:   rows updated: 0 [1]
23:11:43.697 SynchronizeTerminology.doIt: Synchronizing Table with Element [1]
23:11:43.705 SynchronizeTerminology.doIt:   rows updated: 0 [1]
23:11:43.741 SynchronizeTerminology.doIt:   trl rows updated: 0 [1]
23:11:43.750 SynchronizeTerminology.doIt:   trl rows updated: 53 [1]
23:11:43.793 SynchronizeTerminology.doIt:   trl rows updated: 53 [1]
23:11:43.807 Msg.initMsg: Records=1416 - en_US [1]
23:11:43.812   MIssue.create: Did not find PInstance 0 [1]
23:11:43.815   GridField.loadLookup: (SystemStatus) [1]
===========> SynchronizeTerminology.unlock: Did not find PInstance 0 [1]
23:11:43.839   MigrationLoader.loadXML: Process=Synchronize Terminology Error=false Summary=OK [1]
23:11:43.870 RoleAccessUpdate.doIt: AD_Client_ID=-1, AD_Role_ID=-1 [1]
23:11:43.910 RoleAccessUpdate.addLog: 0 - null - null - Role Template: - [1]
23:11:44.305 RoleAccessUpdate.addLog: 0 - null - null - System Administrator: @AD_Window_ID@ #158 -  @AD_Process_ID@ #83 -  @AD_Form_ID@ #11 -  @AD_Browse_ID@ #1 -  @AD_Workflow_ID@ #9 -  @DocAction@ #14 [1]
23:11:44.356 RoleAccessUpdate.addLog: 0 - null - null - GardenWorld Admin: @AD_Window_ID@ #387 -  @AD_Process_ID@ #389 -  @AD_Form_ID@ #35 -  @AD_Browse_ID@ #20 -  @AD_Workflow_ID@ #55 -  @DocAction@ #658 [1]
23:11:44.428 RoleAccessUpdate.addLog: 0 - null - null - GardenWorld User: @AD_Window_ID@ #258 -  @AD_Process_ID@ #343 -  @AD_Form_ID@ #28 -  @AD_Browse_ID@ #20 -  @AD_Workflow_ID@ #52 -  @DocAction@ #658 [1]
23:11:44.429 RoleAccessUpdate.addLog: 0 - null - null - Web Service Execution: - [1]
23:11:44.568   MIssue.create: Did not find PInstance 0 [1]
23:11:44.571   GridField.loadLookup: (SystemStatus) [1]
===========> RoleAccessUpdate.unlock: Did not find PInstance 0 [1]
23:11:44.595   MigrationLoader.loadXML: Process=Role Access Update Error=false Summary= [1]
23:11:46.823   MIssue.create: SvrProcess_09d965e8-df01-425d-95b7-5e8f7e202795 [1]
23:11:46.826   GridField.loadLookup: (SystemStatus) [1]
===========> Trx.commit: SvrProcess_09d965e8-df01-425d-95b7-5e8f7e202795 [1]
org.postgresql.util.PSQLException: ERROR: update or delete on table "ad_session" violates foreign key constraint "adsession_adchangelog" on table "ad_changelog"
  Detail: Key (ad_session_id)=(1000011) is still referenced from table "ad_changelog".; State=23503; ErrorCode=0
	at org.postgresql.core.v3.QueryExecutorImpl.receiveErrorResponse(QueryExecutorImpl.java:2198)
	at org.postgresql.core.v3.QueryExecutorImpl.processResults(QueryExecutorImpl.java:1927)
	at org.postgresql.core.v3.QueryExecutorImpl.execute(QueryExecutorImpl.java:255)
	at org.postgresql.jdbc2.AbstractJdbc2Connection.executeTransactionCommand(AbstractJdbc2Connection.java:814)
	at org.postgresql.jdbc2.AbstractJdbc2Connection.commit(AbstractJdbc2Connection.java:838)
	at com.mchange.v2.c3p0.impl.NewProxyConnection.commit(NewProxyConnection.java:803)
	at org.compiere.util.Trx.commit(Trx.java:334)
	at org.compiere.process.SvrProcess.startProcess(SvrProcess.java:113)
	at org.adempiere.process.MigrationLoader.loadXML(MigrationLoader.java:159)
	at org.adempiere.process.MigrationLoader.main(MigrationLoader.java:277)

23:11:46.890   MIssue.create: Commit failed. [1]
23:11:46.893   GridField.loadLookup: (SystemStatus) [1]
===========> CleanUpGW.startProcess: Commit failed. [1]
org.postgresql.util.PSQLException: ERROR: update or delete on table "ad_session" violates foreign key constraint "adsession_adchangelog" on table "ad_changelog"
  Detail: Key (ad_session_id)=(1000011) is still referenced from table "ad_changelog".; State=23503; ErrorCode=0
	at org.postgresql.core.v3.QueryExecutorImpl.receiveErrorResponse(QueryExecutorImpl.java:2198)
	at org.postgresql.core.v3.QueryExecutorImpl.processResults(QueryExecutorImpl.java:1927)
	at org.postgresql.core.v3.QueryExecutorImpl.execute(QueryExecutorImpl.java:255)
	at org.postgresql.jdbc2.AbstractJdbc2Connection.executeTransactionCommand(AbstractJdbc2Connection.java:814)
	at org.postgresql.jdbc2.AbstractJdbc2Connection.commit(AbstractJdbc2Connection.java:838)
	at com.mchange.v2.c3p0.impl.NewProxyConnection.commit(NewProxyConnection.java:803)
	at org.compiere.util.Trx.commit(Trx.java:334)
	at org.compiere.process.SvrProcess.startProcess(SvrProcess.java:113)
	at org.adempiere.process.MigrationLoader.loadXML(MigrationLoader.java:159)
	at org.adempiere.process.MigrationLoader.main(MigrationLoader.java:277)

23:11:46.921   MIssue.create: Did not find PInstance 0 [1]
23:11:46.923   GridField.loadLookup: (SystemStatus) [1]
===========> CleanUpGW.unlock: Did not find PInstance 0 [1]
23:11:46.945   MigrationLoader.loadXML: Process=Updating Garden World Error=true Summary=Successfully updated Garden World data.Commit Failed. [1]

*** 2017-10-23 23:11:46.95 Adempiere Log (CLogFile) ***
