*** 2017-04-13 20:09:05.62 Adempiere Log (CLogFile) ***
20:09:05.619 Adempiere.startup: ADempiere(r) Release 3.8.0_2015-03-01 -Smart Suite ERP,CRM and SCM- (c) 1999-2015 ADempiere(r); Implementation: ${ADEMPIERE_VERSION} 20170413-1948 - ${ADEMPIERE_VENDOR} [1]
20:09:05.621 Ini.loadProperties: C:\Users\lion007\Documents\GitHub\adempiere\Adempiere.properties #36 [1]
20:09:07.528   CLogMgt.setLevel: CONFIG [1]
20:09:07.635   MigrationLoader.loadXML: Processing migration files in directory: C:\Users\lion007\Documents\GitHub\adempiere\migration [1]
20:09:07.956   MigrationLoader.loadFile: Loading file: C:\Users\lion007\Documents\GitHub\adempiere\migration\370lts-380lts\xml\0000_120_Merge_Migration.xml [1]
20:09:08.145   MigrationLoader.applyMigration: Migration 0 - Merge migration - 3.8.0 (D) ---> Migration already applied - skipping. [1]
20:09:08.149   MigrationLoader.loadFile: Loading file: C:\Users\lion007\Documents\GitHub\adempiere\migration\dist\370lts-380lts\xml\0000_120_Merge_Migration.xml [1]
20:09:08.242   MigrationLoader.applyMigration: Migration 0 - Merge migration - 3.8.0 (D) ---> Migration already applied - skipping. [1]
20:09:08.245   MigrationLoader.loadFile: Loading file: C:\Users\lion007\Documents\GitHub\adempiere\migration\370lts-380lts\xml\0001_150_Create_charge_on_import_account.xml [1]
20:09:08.286   MigrationLoader.applyMigration: Migration 1 - Create charge when importing account - 3.8.0 (D) ---> Migration already applied - skipping. [1]
20:09:08.287   MigrationLoader.loadFile: Loading file: C:\Users\lion007\Documents\GitHub\adempiere\migration\dist\370lts-380lts\xml\0001_150_Create_charge_on_import_account.xml [1]
20:09:08.343   MigrationLoader.applyMigration: Migration 1 - Create charge when importing account - 3.8.0 (D) ---> Migration already applied - skipping. [1]
20:09:08.347   MigrationLoader.loadFile: Loading file: C:\Users\lion007\Documents\GitHub\adempiere\migration\370lts-380lts\xml\0002_160_Improve_initial_client_setup.xml [1]
20:09:08.370   MigrationLoader.applyMigration: Migration 2 - Improve initial setup - 3.8.0 (D) ---> Migration already applied - skipping. [1]
20:09:08.372   MigrationLoader.loadFile: Loading file: C:\Users\lion007\Documents\GitHub\adempiere\migration\dist\370lts-380lts\xml\0002_160_Improve_initial_client_setup.xml [1]
20:09:08.411   MigrationLoader.applyMigration: Migration 2 - Improve initial setup - 3.8.0 (D) ---> Migration already applied - skipping. [1]
20:09:08.414   MigrationLoader.loadFile: Loading file: C:\Users\lion007\Documents\GitHub\adempiere\migration\370lts-380lts\xml\0003_190_Copy_Report.xml [1]
20:09:08.440   MigrationLoader.applyMigration: Migration 3 - Copy report - 3.8.0 (D) ---> Migration already applied - skipping. [1]
20:09:08.443   MigrationLoader.loadFile: Loading file: C:\Users\lion007\Documents\GitHub\adempiere\migration\dist\370lts-380lts\xml\0003_190_Copy_Report.xml [1]
20:09:08.475   MigrationLoader.applyMigration: Migration 3 - Copy report - 3.8.0 (D) ---> Migration already applied - skipping. [1]
20:09:08.479   MigrationLoader.loadFile: Loading file: C:\Users\lion007\Documents\GitHub\adempiere\migration\370lts-380lts\xml\0004_360_memo_alert_and_lookup.xml [1]
20:09:08.590   MigrationLoader.applyMigration: Migration 4 - Memo, alert and lookup display - 3.8.0 (D) ---> Migration already applied - skipping. [1]
20:09:08.595   MigrationLoader.loadFile: Loading file: C:\Users\lion007\Documents\GitHub\adempiere\migration\dist\370lts-380lts\xml\0004_360_memo_alert_and_lookup.xml [1]
20:09:08.702   MigrationLoader.applyMigration: Migration 4 - Memo, alert and lookup display - 3.8.0 (D) ---> Migration already applied - skipping. [1]
20:09:08.707   MigrationLoader.loadFile: Loading file: C:\Users\lion007\Documents\GitHub\adempiere\migration\370lts-380lts\xml\0005_365_fix_chart_field_type.xml [1]
20:09:08.737   MigrationLoader.applyMigration: Migration 5 - Fix chart field type - 3.8.0 (D) ---> Migration already applied - skipping. [1]
20:09:08.744   MigrationLoader.loadFile: Loading file: C:\Users\lion007\Documents\GitHub\adempiere\migration\dist\370lts-380lts\xml\0005_365_fix_chart_field_type.xml [1]
20:09:08.773   MigrationLoader.applyMigration: Migration 5 - Fix chart field type - 3.8.0 (D) ---> Migration already applied - skipping. [1]
20:09:08.775   MigrationLoader.loadFile: Loading file: C:\Users\lion007\Documents\GitHub\adempiere\migration\370lts-380lts\xml\0006_460_Add_series_to_chart.xml [1]
20:09:08.793   MigrationLoader.applyMigration: Migration 6 - Add series to chart data - 3.8.0 (D) ---> Migration already applied - skipping. [1]
20:09:08.798   MigrationLoader.loadFile: Loading file: C:\Users\lion007\Documents\GitHub\adempiere\migration\dist\370lts-380lts\xml\0006_460_Add_series_to_chart.xml [1]
20:09:08.824   MigrationLoader.applyMigration: Migration 6 - Add series to chart data - 3.8.0 (D) ---> Migration already applied - skipping. [1]
20:09:08.829   MigrationLoader.loadFile: Loading file: C:\Users\lion007\Documents\GitHub\adempiere\migration\370lts-380lts\xml\0007_550_Grid_Column_display.xml [1]
20:09:08.857   MigrationLoader.applyMigration: Migration 7 - Grid column display - 3.8.0 (D) ---> Migration already applied - skipping. [1]
20:09:08.863   MigrationLoader.loadFile: Loading file: C:\Users\lion007\Documents\GitHub\adempiere\migration\dist\370lts-380lts\xml\0007_550_Grid_Column_display.xml [1]
20:09:08.904   MigrationLoader.applyMigration: Migration 7 - Grid column display - 3.8.0 (D) ---> Migration already applied - skipping. [1]
20:09:08.908   MigrationLoader.loadFile: Loading file: C:\Users\lion007\Documents\GitHub\adempiere\migration\370lts-380lts\xml\0008_551_Add_InfoFactoryClass_CopyFrom_For_SB.xml [1]
20:09:08.940   MigrationLoader.applyMigration: Migration 8 - Add InfoFactoryClass for Smart Browse - 3.8.0 (D) ---> Migration already applied - skipping. [1]
20:09:08.943   MigrationLoader.loadFile: Loading file: C:\Users\lion007\Documents\GitHub\adempiere\migration\dist\370lts-380lts\xml\0008_551_Add_InfoFactoryClass_CopyFrom_For_SB.xml [1]
20:09:08.998   MigrationLoader.applyMigration: Migration 8 - Add InfoFactoryClass for Smart Browse - 3.8.0 (D) ---> Migration already applied - skipping. [1]
20:09:09.001   MigrationLoader.loadFile: Loading file: C:\Users\lion007\Documents\GitHub\adempiere\migration\370lts-380lts\xml\0009_560_CRM.xml [1]
20:09:09.209   MigrationLoader.applyMigration: Migration 9 - CRM - 3.8.0 (D) ---> Migration already applied - skipping. [1]
20:09:09.213   MigrationLoader.loadFile: Loading file: C:\Users\lion007\Documents\GitHub\adempiere\migration\dist\370lts-380lts\xml\0009_560_CRM.xml [1]
20:09:09.331   MigrationLoader.applyMigration: Migration 9 - CRM - 3.8.0 (D) ---> Migration already applied - skipping. [1]
20:09:09.333   MigrationLoader.loadFile: Loading file: C:\Users\lion007\Documents\GitHub\adempiere\migration\370lts-380lts\xml\0010_561_Cashflow_Management.xml [1]
20:09:09.377   MigrationLoader.applyMigration: Migration 10 - Cash Flow Management - 3.8.0 (D) ---> Migration already applied - skipping. [1]
20:09:09.382   MigrationLoader.loadFile: Loading file: C:\Users\lion007\Documents\GitHub\adempiere\migration\dist\370lts-380lts\xml\0010_561_Cashflow_Management.xml [1]
20:09:09.416   MigrationLoader.applyMigration: Migration 10 - Cash Flow Management - 3.8.0 (D) ---> Migration already applied - skipping. [1]
20:09:09.418   MigrationLoader.loadFile: Loading file: C:\Users\lion007\Documents\GitHub\adempiere\migration\370lts-380lts\xml\0011_562_CheckOnHand.xml [1]
20:09:09.434   MigrationLoader.applyMigration: Migration 11 - Alert quantity on hand is insufficient - 3.8.0 (D) ---> Migration already applied - skipping. [1]
20:09:09.435   MigrationLoader.loadFile: Loading file: C:\Users\lion007\Documents\GitHub\adempiere\migration\dist\370lts-380lts\xml\0011_562_CheckOnHand.xml [1]
20:09:09.446   MigrationLoader.applyMigration: Migration 11 - Alert quantity on hand is insufficient - 3.8.0 (D) ---> Migration already applied - skipping. [1]
20:09:09.448   MigrationLoader.loadFile: Loading file: C:\Users\lion007\Documents\GitHub\adempiere\migration\370lts-380lts\xml\0012_563_CostingByWarehouse.xml [1]
20:09:09.486   MigrationLoader.applyMigration: Migration 12 - CostEngine by Warehouse - 3.8.0 (D) ---> Migration already applied - skipping. [1]
20:09:09.490   MigrationLoader.loadFile: Loading file: C:\Users\lion007\Documents\GitHub\adempiere\migration\dist\370lts-380lts\xml\0012_563_CostingByWarehouse.xml [1]
20:09:09.510   MigrationLoader.applyMigration: Migration 12 - CostEngine by Warehouse - 3.8.0 (D) ---> Migration already applied - skipping. [1]
20:09:09.515   MigrationLoader.loadFile: Loading file: C:\Users\lion007\Documents\GitHub\adempiere\migration\370lts-380lts\xml\0013_564_DefaultsForSmartBrowser.xml [1]
20:09:09.540   MigrationLoader.applyMigration: Migration 13 - Defaults for Smart browser  - 3.8.0 (D) ---> Migration already applied - skipping. [1]
20:09:09.542   MigrationLoader.loadFile: Loading file: C:\Users\lion007\Documents\GitHub\adempiere\migration\dist\370lts-380lts\xml\0013_564_DefaultsForSmartBrowser.xml [1]
20:09:09.561   MigrationLoader.applyMigration: Migration 13 - Defaults for Smart browser  - 3.8.0 (D) ---> Migration already applied - skipping. [1]
20:09:09.565   MigrationLoader.loadFile: Loading file: C:\Users\lion007\Documents\GitHub\adempiere\migration\370lts-380lts\xml\0014_565_ManufacturingScheduling.xml [1]
20:09:09.744   MigrationLoader.applyMigration: Migration 14 - Manufacturing Scheduling - 3.8.0 (D) ---> Migration already applied - skipping. [1]
20:09:09.746   MigrationLoader.loadFile: Loading file: C:\Users\lion007\Documents\GitHub\adempiere\migration\dist\370lts-380lts\xml\0014_565_ManufacturingScheduling.xml [1]
20:09:09.902   MigrationLoader.applyMigration: Migration 14 - Manufacturing Scheduling - 3.8.0 (D) ---> Migration already applied - skipping. [1]
20:09:09.905   MigrationLoader.loadFile: Loading file: C:\Users\lion007\Documents\GitHub\adempiere\migration\370lts-380lts\xml\0015_580_ImportProductASI.xml [1]
20:09:09.939   MigrationLoader.applyMigration: Migration 15 - Import Product ASI - 3.8.0 (D) ---> Migration already applied - skipping. [1]
20:09:09.941   MigrationLoader.loadFile: Loading file: C:\Users\lion007\Documents\GitHub\adempiere\migration\dist\370lts-380lts\xml\0015_580_ImportProductASI.xml [1]
20:09:09.984   MigrationLoader.applyMigration: Migration 15 - Import Product ASI - 3.8.0 (D) ---> Migration already applied - skipping. [1]
20:09:09.991   MigrationLoader.loadFile: Loading file: C:\Users\lion007\Documents\GitHub\adempiere\migration\370lts-380lts\xml\0016_700_Import_field_default.xml [1]
20:09:10.020   MigrationLoader.applyMigration: Migration 16 - Import field default value - 3.8.0 (D) ---> Migration already applied - skipping. [1]
20:09:10.024   MigrationLoader.loadFile: Loading file: C:\Users\lion007\Documents\GitHub\adempiere\migration\dist\370lts-380lts\xml\0016_700_Import_field_default.xml [1]
20:09:10.051   MigrationLoader.applyMigration: Migration 16 - Import field default value - 3.8.0 (D) ---> Migration already applied - skipping. [1]
20:09:10.055   MigrationLoader.loadFile: Loading file: C:\Users\lion007\Documents\GitHub\adempiere\migration\370lts-380lts\xml\0017_710_ViewColumnTranslation.xml [1]
20:09:10.073   MigrationLoader.applyMigration: Migration 17 - View Column - 3.8.0 (D) ---> Migration already applied - skipping. [1]
20:09:10.075   MigrationLoader.loadFile: Loading file: C:\Users\lion007\Documents\GitHub\adempiere\migration\dist\370lts-380lts\xml\0017_710_ViewColumnTranslation.xml [1]
20:09:10.105   MigrationLoader.applyMigration: Migration 17 - View Column - 3.8.0 (D) ---> Migration already applied - skipping. [1]
20:09:10.108   MigrationLoader.loadFile: Loading file: C:\Users\lion007\Documents\GitHub\adempiere\migration\370lts-380lts\xml\0018_Simplified_GL_Journal.xml [1]
20:09:10.144   MigrationLoader.applyMigration: Migration 18 - Simplified Gl journal - 3.8.0 (D) ---> Migration already applied - skipping. [1]
20:09:10.148   MigrationLoader.loadFile: Loading file: C:\Users\lion007\Documents\GitHub\adempiere\migration\dist\370lts-380lts\xml\0018_Simplified_GL_Journal.xml [1]
20:09:10.182   MigrationLoader.applyMigration: Migration 18 - Simplified Gl journal - 3.8.0 (D) ---> Migration already applied - skipping. [1]
20:09:10.184   MigrationLoader.loadFile: Loading file: C:\Users\lion007\Documents\GitHub\adempiere\migration\370lts-380lts\xml\0019_1990_Set_ZK_ID_Generator_for_SAHI_Testing.xml [1]
20:09:10.197   MigrationLoader.applyMigration: Migration 19 - Set the ZK ID Generator for Sahi Testing - 3.8.0 (D) ---> Migration already applied - skipping. [1]
20:09:10.203   MigrationLoader.loadFile: Loading file: C:\Users\lion007\Documents\GitHub\adempiere\migration\dist\370lts-380lts\xml\0019_1990_Set_ZK_ID_Generator_for_SAHI_Testing.xml [1]
20:09:10.221   MigrationLoader.applyMigration: Migration 19 - Set the ZK ID Generator for Sahi Testing - 3.8.0 (D) ---> Migration already applied - skipping. [1]
20:09:10.224   MigrationLoader.loadFile: Loading file: C:\Users\lion007\Documents\GitHub\adempiere\migration\370lts-380lts\xml\0020_RecruitmentManagement.xml [1]
20:09:10.532   MigrationLoader.applyMigration: Migration 20 - Recruitment Management - 3.8.0 (D) ---> Migration already applied - skipping. [1]
20:09:10.533   MigrationLoader.loadFile: Loading file: C:\Users\lion007\Documents\GitHub\adempiere\migration\dist\370lts-380lts\xml\0020_RecruitmentManagement.xml [1]
20:09:10.720   MigrationLoader.applyMigration: Migration 20 - Recruitment Management - 3.8.0 (D) ---> Migration already applied - skipping. [1]
20:09:10.723   MigrationLoader.loadFile: Loading file: C:\Users\lion007\Documents\GitHub\adempiere\migration\370lts-380lts\xml\0021_CostTransactionDetail.xml [1]
20:09:10.744   MigrationLoader.applyMigration: Migration 21 - Cost Transaction Detail - 3.8.0 (D) ---> Migration already applied - skipping. [1]
20:09:10.746   MigrationLoader.loadFile: Loading file: C:\Users\lion007\Documents\GitHub\adempiere\migration\dist\370lts-380lts\xml\0021_CostTransactionDetail.xml [1]
20:09:10.775   MigrationLoader.applyMigration: Migration 21 - Cost Transaction Detail - 3.8.0 (D) ---> Migration already applied - skipping. [1]
20:09:10.779   MigrationLoader.loadFile: Loading file: C:\Users\lion007\Documents\GitHub\adempiere\migration\370lts-380lts\xml\0022_AddValidToInPayrollMovement Import.xml [1]
20:09:10.809   MigrationLoader.applyMigration: Migration 22 - Add Valid to in Payroll Movement Import - 3.8.0 (D) ---> Migration already applied - skipping. [1]
20:09:10.814   MigrationLoader.loadFile: Loading file: C:\Users\lion007\Documents\GitHub\adempiere\migration\dist\370lts-380lts\xml\0022_AddValidToInPayrollMovement Import.xml [1]
20:09:10.837   MigrationLoader.applyMigration: Migration 22 - Add Valid to in Payroll Movement Import - 3.8.0 (D) ---> Migration already applied - skipping. [1]
20:09:10.840   MigrationLoader.loadFile: Loading file: C:\Users\lion007\Documents\GitHub\adempiere\migration\370lts-380lts\xml\0023_FixDictionaryDefinition.xml [1]
20:09:10.866   MigrationLoader.applyMigration: Migration 23 - Fix Dictionary Definition - 3.8.0 (D) ---> Migration already applied - skipping. [1]
20:09:10.868   MigrationLoader.loadFile: Loading file: C:\Users\lion007\Documents\GitHub\adempiere\migration\dist\370lts-380lts\xml\0023_FixDictionaryDefinition.xml [1]
20:09:10.894   MigrationLoader.applyMigration: Migration 23 - Fix Dictionary Definition - 3.8.0 (D) ---> Migration already applied - skipping. [1]
20:09:10.899   MigrationLoader.loadFile: Loading file: C:\Users\lion007\Documents\GitHub\adempiere\migration\370lts-380lts\xml\0024_AddMessageIsProductAttribute.xml [1]
20:09:10.912   MigrationLoader.applyMigration: Migration 24 - Adempiere-301 Add message for IsProductAttribute - 3.8.0 (D) ---> Migration already applied - skipping. [1]
20:09:10.915   MigrationLoader.loadFile: Loading file: C:\Users\lion007\Documents\GitHub\adempiere\migration\dist\370lts-380lts\xml\0024_AddMessageIsProductAttribute.xml [1]
20:09:10.931   MigrationLoader.applyMigration: Migration 24 - Adempiere-301 Add message for IsProductAttribute - 3.8.0 (D) ---> Migration already applied - skipping. [1]
20:09:10.934   MigrationLoader.loadFile: Loading file: C:\Users\lion007\Documents\GitHub\adempiere\migration\370lts-380lts\xml\0025_AddIsShowTotaSmartBrowser.xml [1]
20:09:10.962   MigrationLoader.applyMigration: Migration 25 - Is Shown Total - 3.8.0 (D) ---> Migration already applied - skipping. [1]
20:09:10.963   MigrationLoader.loadFile: Loading file: C:\Users\lion007\Documents\GitHub\adempiere\migration\dist\370lts-380lts\xml\0025_AddIsShowTotaSmartBrowser.xml [1]
20:09:10.977   MigrationLoader.applyMigration: Migration 25 - Is Shown Total - 3.8.0 (D) ---> Migration already applied - skipping. [1]
20:09:10.979   MigrationLoader.loadFile: Loading file: C:\Users\lion007\Documents\GitHub\adempiere\migration\370lts-380lts\xml\0026_SetIdentifiersMigrationTable.xml [1]
20:09:10.993   MigrationLoader.applyMigration: Migration 26 - Set identifiers to columns for migration table - 3.8.0 (D) ---> Migration already applied - skipping. [1]
20:09:10.997   MigrationLoader.loadFile: Loading file: C:\Users\lion007\Documents\GitHub\adempiere\migration\dist\370lts-380lts\xml\0026_SetIdentifiersMigrationTable.xml [1]
20:09:11.012   MigrationLoader.applyMigration: Migration 26 - Set identifiers to columns for migration table - 3.8.0 (D) ---> Migration already applied - skipping. [1]
20:09:11.014   MigrationLoader.loadFile: Loading file: C:\Users\lion007\Documents\GitHub\adempiere\migration\370lts-380lts\xml\0027_Sales_Management_Fix.xml [1]
20:09:11.027   MigrationLoader.applyMigration: Migration 27 - Sales Management fixes - 3.8.0 (D) ---> Migration already applied - skipping. [1]
20:09:11.029   MigrationLoader.loadFile: Loading file: C:\Users\lion007\Documents\GitHub\adempiere\migration\dist\370lts-380lts\xml\0027_Sales_Management_Fix.xml [1]
20:09:11.057   MigrationLoader.applyMigration: Migration 27 - Sales Management fixes - 3.8.0 (D) ---> Migration already applied - skipping. [1]
20:09:11.060   MigrationLoader.loadFile: Loading file: C:\Users\lion007\Documents\GitHub\adempiere\migration\370lts-380lts\xml\0028_TheAdvancedZoomAndRelationTypes.xml [1]
20:09:11.085   MigrationLoader.applyMigration: Migration 28 - The Advanced Zoom and RelationTypes do not work ADEMPIERE-80 - 3.8.0 (D) ---> Migration already applied - skipping. [1]
20:09:11.088   MigrationLoader.loadFile: Loading file: C:\Users\lion007\Documents\GitHub\adempiere\migration\dist\370lts-380lts\xml\0028_TheAdvancedZoomAndRelationTypes.xml [1]
20:09:11.101   MigrationLoader.applyMigration: Migration 28 - The Advanced Zoom and RelationTypes do not work ADEMPIERE-80 - 3.8.0 (D) ---> Migration already applied - skipping. [1]
20:09:11.104   MigrationLoader.loadFile: Loading file: C:\Users\lion007\Documents\GitHub\adempiere\migration\370lts-380lts\xml\0029_ImplementEmbeddedOrHorizontalTab.xml [1]
20:09:11.141   MigrationLoader.applyMigration: Migration 29 - Implement embedded or horizontal - 3.8.0 (D) ---> Migration already applied - skipping. [1]
20:09:11.145   MigrationLoader.loadFile: Loading file: C:\Users\lion007\Documents\GitHub\adempiere\migration\dist\370lts-380lts\xml\0029_ImplementEmbeddedOrHorizontalTab.xml [1]
20:09:11.169   MigrationLoader.applyMigration: Migration 29 - Implement embedded or horizontal - 3.8.0 (D) ---> Migration already applied - skipping. [1]
20:09:11.172   MigrationLoader.loadFile: Loading file: C:\Users\lion007\Documents\GitHub\adempiere\migration\370lts-380lts\xml\0030_ImplementCreateLandedCostDistribution.xml [1]
20:09:11.289   MigrationLoader.applyMigration: Migration 30 - Implement functionality to create landed cost - 3.8.0 (D) ---> Migration already applied - skipping. [1]
20:09:11.290   MigrationLoader.loadFile: Loading file: C:\Users\lion007\Documents\GitHub\adempiere\migration\dist\370lts-380lts\xml\0030_ImplementCreateLandedCostDistribution.xml [1]
20:09:11.331   MigrationLoader.applyMigration: Migration 30 - Implement functionality to create landed cost - 3.8.0 (D) ---> Migration already applied - skipping. [1]
20:09:11.337   MigrationLoader.loadFile: Loading file: C:\Users\lion007\Documents\GitHub\adempiere\migration\370lts-380lts\xml\0031_ADEMPIERE-316_MigrationMessages.xml [1]
20:09:11.361   MigrationLoader.applyMigration: Migration 31 - ADEMPIERE-316 PreventActionsWhileLogging - 3.8.0 (D) ---> Migration already applied - skipping. [1]
20:09:11.367   MigrationLoader.loadFile: Loading file: C:\Users\lion007\Documents\GitHub\adempiere\migration\dist\370lts-380lts\xml\0031_ADEMPIERE-316_MigrationMessages.xml [1]
20:09:11.394   MigrationLoader.applyMigration: Migration 31 - ADEMPIERE-316 PreventActionsWhileLogging - 3.8.0 (D) ---> Migration already applied - skipping. [1]
20:09:11.395   MigrationLoader.loadFile: Loading file: C:\Users\lion007\Documents\GitHub\adempiere\migration\370lts-380lts\xml\0032_ADEMPIERE-72_Info_Window_Updates.xml [1]
20:09:11.420   MigrationLoader.applyMigration: Migration 32 - ADEMPIERE-72 - Info Window Improvements - 3.8.0 (D) ---> Migration already applied - skipping. [1]
20:09:11.423   MigrationLoader.loadFile: Loading file: C:\Users\lion007\Documents\GitHub\adempiere\migration\dist\370lts-380lts\xml\0032_ADEMPIERE-72_Info_Window_Updates.xml [1]
20:09:11.453   MigrationLoader.applyMigration: Migration 32 - ADEMPIERE-72 - Info Window Improvements - 3.8.0 (D) ---> Migration already applied - skipping. [1]
20:09:11.459   MigrationLoader.loadFile: Loading file: C:\Users\lion007\Documents\GitHub\adempiere\migration\370lts-380lts\xml\0033_SelectParentIDFlagInMigrationTables.xml [1]
20:09:11.484   MigrationLoader.applyMigration: Migration 33 - Fix column parent ID in migration tables - 3.8.0 (D) ---> Migration already applied - skipping. [1]
20:09:11.487   MigrationLoader.loadFile: Loading file: C:\Users\lion007\Documents\GitHub\adempiere\migration\dist\370lts-380lts\xml\0033_SelectParentIDFlagInMigrationTables.xml [1]
20:09:11.510   MigrationLoader.applyMigration: Migration 33 - Fix column parent ID in migration tables - 3.8.0 (D) ---> Migration already applied - skipping. [1]
20:09:11.515   MigrationLoader.loadFile: Loading file: C:\Users\lion007\Documents\GitHub\adempiere\migration\370lts-380lts\xml\0034_GardenWorld2012-13-14.xml [1]
20:09:11.569   MigrationLoader.applyMigration: Migration 34 - Garden World 2012 2013 2014 period - 3.8.0 (D) ---> Migration already applied - skipping. [1]
20:09:11.571   MigrationLoader.loadFile: Loading file: C:\Users\lion007\Documents\GitHub\adempiere\migration\dist\370lts-380lts\xml\0034_GardenWorld2012-13-14.xml [1]
20:09:11.632   MigrationLoader.applyMigration: Migration 34 - Garden World 2012 2013 2014 period - 3.8.0 (D) ---> Migration already applied - skipping. [1]
20:09:11.635   MigrationLoader.loadFile: Loading file: C:\Users\lion007\Documents\GitHub\adempiere\migration\370lts-380lts\xml\0035_IsAllowCopy.xml [1]
20:09:11.656   MigrationLoader.applyMigration: Migration 35 - Is Allow Copy - 3.8.0 (D) ---> Migration already applied - skipping. [1]
20:09:11.659   MigrationLoader.loadFile: Loading file: C:\Users\lion007\Documents\GitHub\adempiere\migration\dist\370lts-380lts\xml\0035_IsAllowCopy.xml [1]
20:09:11.680   MigrationLoader.applyMigration: Migration 35 - Is Allow Copy - 3.8.0 (D) ---> Migration already applied - skipping. [1]
20:09:11.683   MigrationLoader.loadFile: Loading file: C:\Users\lion007\Documents\GitHub\adempiere\migration\370lts-380lts\xml\0036_AddNewFieldPayrollMovement.xml [1]
20:09:11.704   MigrationLoader.applyMigration: Migration 36 - Add new field payroll movement - 3.8.0 (D) ---> Migration already applied - skipping. [1]
20:09:11.709   MigrationLoader.loadFile: Loading file: C:\Users\lion007\Documents\GitHub\adempiere\migration\dist\370lts-380lts\xml\0036_AddNewFieldPayrollMovement.xml [1]
20:09:11.741   MigrationLoader.applyMigration: Migration 36 - Add new field payroll movement - 3.8.0 (D) ---> Migration already applied - skipping. [1]
20:09:11.744   MigrationLoader.loadFile: Loading file: C:\Users\lion007\Documents\GitHub\adempiere\migration\370lts-380lts\xml\0037_ImportEmployeeAttribute.xml [1]
20:09:11.774   MigrationLoader.applyMigration: Migration 37 - Import Employee Attribute - 3.8.0 (D) ---> Migration already applied - skipping. [1]
20:09:11.776   MigrationLoader.loadFile: Loading file: C:\Users\lion007\Documents\GitHub\adempiere\migration\dist\370lts-380lts\xml\0037_ImportEmployeeAttribute.xml [1]
20:09:11.807   MigrationLoader.applyMigration: Migration 37 - Import Employee Attribute - 3.8.0 (D) ---> Migration already applied - skipping. [1]
20:09:11.809   MigrationLoader.loadFile: Loading file: C:\Users\lion007\Documents\GitHub\adempiere\migration\370lts-380lts\xml\0038_HistoryPayrollMovement.xml [1]
20:09:11.869   MigrationLoader.applyMigration: Migration 38 - History Payroll Movement - 3.8.0 (D) ---> Migration already applied - skipping. [1]
20:09:11.872   MigrationLoader.loadFile: Loading file: C:\Users\lion007\Documents\GitHub\adempiere\migration\dist\370lts-380lts\xml\0038_HistoryPayrollMovement.xml [1]
20:09:11.927   MigrationLoader.applyMigration: Migration 38 - History Payroll Movement - 3.8.0 (D) ---> Migration already applied - skipping. [1]
20:09:11.931   MigrationLoader.loadFile: Loading file: C:\Users\lion007\Documents\GitHub\adempiere\migration\370lts-380lts\xml\0039_ChangesToSupportCosting.xml [1]
20:09:11.954   MigrationLoader.applyMigration: Migration 39 - Changes to support costing - 3.8.0 (D) ---> Migration already applied - skipping. [1]
20:09:11.962   MigrationLoader.loadFile: Loading file: C:\Users\lion007\Documents\GitHub\adempiere\migration\dist\370lts-380lts\xml\0039_ChangesToSupportCosting.xml [1]
20:09:11.981   MigrationLoader.applyMigration: Migration 39 - Changes to support costing - 3.8.0 (D) ---> Migration already applied - skipping. [1]
20:09:11.987   MigrationLoader.loadFile: Loading file: C:\Users\lion007\Documents\GitHub\adempiere\migration\370lts-380lts\xml\0040_ViewProductCosting.xml [1]
20:09:12.012   MigrationLoader.applyMigration: Migration 40 - Remove View Product Costing - 3.8.0 (D) ---> Migration already applied - skipping. [1]
20:09:12.015   MigrationLoader.loadFile: Loading file: C:\Users\lion007\Documents\GitHub\adempiere\migration\dist\370lts-380lts\xml\0040_ViewProductCosting.xml [1]
20:09:12.041   MigrationLoader.applyMigration: Migration 40 - Remove View Product Costing - 3.8.0 (D) ---> Migration already applied - skipping. [1]
20:09:12.044   MigrationLoader.loadFile: Loading file: C:\Users\lion007\Documents\GitHub\adempiere\migration\370lts-380lts\xml\0041_ModifyProductionCreate.xml [1]
20:09:12.067   MigrationLoader.applyMigration: Migration 41 - Modify process ProductionCreate - 3.8.0 (D) ---> Migration already applied - skipping. [1]
20:09:12.069   MigrationLoader.loadFile: Loading file: C:\Users\lion007\Documents\GitHub\adempiere\migration\dist\370lts-380lts\xml\0041_ModifyProductionCreate.xml [1]
20:09:12.090   MigrationLoader.applyMigration: Migration 41 - Modify process ProductionCreate - 3.8.0 (D) ---> Migration already applied - skipping. [1]
20:09:12.093   MigrationLoader.loadFile: Loading file: C:\Users\lion007\Documents\GitHub\adempiere\migration\370lts-380lts\xml\0042_AddMissingMessagesForAdvSearch.xml [1]
20:09:12.119   MigrationLoader.applyMigration: Migration 42 - Add missing messages for advanced search - 3.8.0 (D) ---> Migration already applied - skipping. [1]
20:09:12.122   MigrationLoader.loadFile: Loading file: C:\Users\lion007\Documents\GitHub\adempiere\migration\dist\370lts-380lts\xml\0042_AddMissingMessagesForAdvSearch.xml [1]
20:09:12.144   MigrationLoader.applyMigration: Migration 42 - Add missing messages for advanced search - 3.8.0 (D) ---> Migration already applied - skipping. [1]
20:09:12.148   MigrationLoader.loadFile: Loading file: C:\Users\lion007\Documents\GitHub\adempiere\migration\370lts-380lts\xml\0043_AddProcessedFieldtoADMigration.xml [1]
20:09:12.171   MigrationLoader.applyMigration: Migration 43 - Adding processed field to AD_Migration table to indicate the - 3.8.0 (D) ---> Migration already applied - skipping. [1]
20:09:12.178   MigrationLoader.loadFile: Loading file: C:\Users\lion007\Documents\GitHub\adempiere\migration\dist\370lts-380lts\xml\0043_AddProcessedFieldtoADMigration.xml [1]
20:09:12.203   MigrationLoader.applyMigration: Migration 43 - Adding processed field to AD_Migration table to indicate the - 3.8.0 (D) ---> Migration already applied - skipping. [1]
20:09:12.207   MigrationLoader.loadFile: Loading file: C:\Users\lion007\Documents\GitHub\adempiere\migration\370lts-380lts\xml\0044_FixMenuPosition.xml [1]
20:09:12.235   MigrationLoader.applyMigration: Migration 44 - Fix Menu Position - 3.8.0 (D) ---> Migration already applied - skipping. [1]
20:09:12.240   MigrationLoader.loadFile: Loading file: C:\Users\lion007\Documents\GitHub\adempiere\migration\dist\370lts-380lts\xml\0044_FixMenuPosition.xml [1]
20:09:12.261   MigrationLoader.applyMigration: Migration 44 - Fix Menu Position - 3.8.0 (D) ---> Migration already applied - skipping. [1]
20:09:12.263   MigrationLoader.loadFile: Loading file: C:\Users\lion007\Documents\GitHub\adempiere\migration\370lts-380lts\xml\0045_AddNewFontSizeDefinition.xml [1]
20:09:12.292   MigrationLoader.applyMigration: Migration 45 - Add new font size definition - 3.8.0 (D) ---> Migration already applied - skipping. [1]
20:09:12.296   MigrationLoader.loadFile: Loading file: C:\Users\lion007\Documents\GitHub\adempiere\migration\dist\370lts-380lts\xml\0045_AddNewFontSizeDefinition.xml [1]
20:09:12.320   MigrationLoader.applyMigration: Migration 45 - Add new font size definition - 3.8.0 (D) ---> Migration already applied - skipping. [1]
20:09:12.322   MigrationLoader.loadFile: Loading file: C:\Users\lion007\Documents\GitHub\adempiere\migration\370lts-380lts\xml\0046_ManufacturingOrderCost.xml [1]
20:09:12.366   MigrationLoader.applyMigration: Migration 46 - Manufacturing Order Cost - 3.8.0 (EE01) ---> Migration already applied - skipping. [1]
20:09:12.370   MigrationLoader.loadFile: Loading file: C:\Users\lion007\Documents\GitHub\adempiere\migration\dist\370lts-380lts\xml\0046_ManufacturingOrderCost.xml [1]
20:09:12.415   MigrationLoader.applyMigration: Migration 46 - Manufacturing Order Cost - 3.8.0 (EE01) ---> Migration already applied - skipping. [1]
20:09:12.417   MigrationLoader.loadFile: Loading file: C:\Users\lion007\Documents\GitHub\adempiere\migration\370lts-380lts\xml\0047_MRPDetailDeleteCascade.xml [1]
20:09:12.453   MigrationLoader.applyMigration: Migration 47 - MRP Detail Delete Cascade - 3.8.0 (EE01) ---> Migration already applied - skipping. [1]
20:09:12.459   MigrationLoader.loadFile: Loading file: C:\Users\lion007\Documents\GitHub\adempiere\migration\dist\370lts-380lts\xml\0047_MRPDetailDeleteCascade.xml [1]
20:09:12.494   MigrationLoader.applyMigration: Migration 47 - MRP Detail Delete Cascade - 3.8.0 (EE01) ---> Migration already applied - skipping. [1]
20:09:12.496   MigrationLoader.loadFile: Loading file: C:\Users\lion007\Documents\GitHub\adempiere\migration\370lts-380lts\xml\0048_SetZKAdempiereLogo.xml [1]
20:09:12.508   MigrationLoader.applyMigration: Migration 48 - Set ZK Adempiere Logo - 3.8.0 (D) ---> Migration already applied - skipping. [1]
20:09:12.511   MigrationLoader.loadFile: Loading file: C:\Users\lion007\Documents\GitHub\adempiere\migration\dist\370lts-380lts\xml\0048_SetZKAdempiereLogo.xml [1]
20:09:12.527   MigrationLoader.applyMigration: Migration 48 - Set ZK Adempiere Logo - 3.8.0 (D) ---> Migration already applied - skipping. [1]
20:09:12.529   MigrationLoader.loadFile: Loading file: C:\Users\lion007\Documents\GitHub\adempiere\migration\370lts-380lts\xml\0049_GenerateMovementFromOrder.xml [1]
20:09:12.592   MigrationLoader.applyMigration: Migration 49 - Generate Movement from Order - 3.8.0 (C) ---> Migration already applied - skipping. [1]
20:09:12.595   MigrationLoader.loadFile: Loading file: C:\Users\lion007\Documents\GitHub\adempiere\migration\dist\370lts-380lts\xml\0049_GenerateMovementFromOrder.xml [1]
20:09:12.653   MigrationLoader.applyMigration: Migration 49 - Generate Movement from Order - 3.8.0 (C) ---> Migration already applied - skipping. [1]
20:09:12.655   MigrationLoader.loadFile: Loading file: C:\Users\lion007\Documents\GitHub\adempiere\migration\370lts-380lts\xml\0050_AddMessages.xml [1]
20:09:12.677   MigrationLoader.applyMigration: Migration 50 - Adding missing messages - 3.8.0 (D) ---> Migration already applied - skipping. [1]
20:09:12.682   MigrationLoader.loadFile: Loading file: C:\Users\lion007\Documents\GitHub\adempiere\migration\dist\370lts-380lts\xml\0050_AddMessages.xml [1]
20:09:12.694   MigrationLoader.applyMigration: Migration 50 - Adding missing messages - 3.8.0 (D) ---> Migration already applied - skipping. [1]
20:09:12.695   MigrationLoader.loadFile: Loading file: C:\Users\lion007\Documents\GitHub\adempiere\migration\370lts-380lts\xml\0051_AddGroupClassClassificationToProdImport.xml [1]
20:09:12.720   MigrationLoader.applyMigration: Migration 51 - Adding group, class and classification to product import - 3.8.0 (D) ---> Migration already applied - skipping. [1]
20:09:12.723   MigrationLoader.loadFile: Loading file: C:\Users\lion007\Documents\GitHub\adempiere\migration\dist\370lts-380lts\xml\0051_AddGroupClassClassificationToProdImport.xml [1]
20:09:12.749   MigrationLoader.applyMigration: Migration 51 - Adding group, class and classification to product import - 3.8.0 (D) ---> Migration already applied - skipping. [1]
20:09:12.752   MigrationLoader.loadFile: Loading file: C:\Users\lion007\Documents\GitHub\adempiere\migration\370lts-380lts\xml\0052_AddRevtoMigrationWindowSort.xml [1]
20:09:12.764   MigrationLoader.applyMigration: Migration 52 - Add ReleaseNo to Migration Window Sort Order - 3.8.0 (D) ---> Migration already applied - skipping. [1]
20:09:12.767   MigrationLoader.loadFile: Loading file: C:\Users\lion007\Documents\GitHub\adempiere\migration\dist\370lts-380lts\xml\0052_AddRevtoMigrationWindowSort.xml [1]
20:09:12.780   MigrationLoader.applyMigration: Migration 52 - Add ReleaseNo to Migration Window Sort Order - 3.8.0 (D) ---> Migration already applied - skipping. [1]
20:09:12.782   MigrationLoader.loadFile: Loading file: C:\Users\lion007\Documents\GitHub\adempiere\migration\370lts-380lts\xml\0053_ChangeMigrationIDColumns.xml [1]
20:09:12.794   MigrationLoader.applyMigration: Migration 53 - Change Migration identifier columns - add Release No. - 3.8.0 (D) ---> Migration already applied - skipping. [1]
20:09:12.797   MigrationLoader.loadFile: Loading file: C:\Users\lion007\Documents\GitHub\adempiere\migration\dist\370lts-380lts\xml\0053_ChangeMigrationIDColumns.xml [1]
20:09:12.812   MigrationLoader.applyMigration: Migration 53 - Change Migration identifier columns - add Release No. - 3.8.0 (D) ---> Migration already applied - skipping. [1]
20:09:12.814   MigrationLoader.loadFile: Loading file: C:\Users\lion007\Documents\GitHub\adempiere\migration\370lts-380lts\xml\0054_FixTabLevel.xml [1]
20:09:12.829   MigrationLoader.applyMigration: Migration 54 - Fix Tab Levels - 3.8.0 (D) ---> Migration already applied - skipping. [1]
20:09:12.833   MigrationLoader.loadFile: Loading file: C:\Users\lion007\Documents\GitHub\adempiere\migration\dist\370lts-380lts\xml\0054_FixTabLevel.xml [1]
20:09:12.849   MigrationLoader.applyMigration: Migration 54 - Fix Tab Levels - 3.8.0 (D) ---> Migration already applied - skipping. [1]
20:09:12.851   MigrationLoader.loadFile: Loading file: C:\Users\lion007\Documents\GitHub\adempiere\migration\370lts-380lts\xml\0055_CleanUpGW.xml [1]
20:09:12.865   MigrationLoader.applyMigration: Migration 55 - Add process to clean up Garden World - 3.8.0 (D) ---> Migration already applied - skipping. [1]
20:09:12.870   MigrationLoader.loadFile: Loading file: C:\Users\lion007\Documents\GitHub\adempiere\migration\dist\370lts-380lts\xml\0055_CleanUpGW.xml [1]
20:09:12.894   MigrationLoader.applyMigration: Migration 55 - Add process to clean up Garden World - 3.8.0 (D) ---> Migration already applied - skipping. [1]
20:09:12.898   MigrationLoader.loadFile: Loading file: C:\Users\lion007\Documents\GitHub\adempiere\migration\370lts-380lts\xml\0056_SB_ForecastSimulation.xml [1]
20:09:12.930   MigrationLoader.applyMigration: Migration 56 - Fix Smart Browser Forecast Simulation Result - 3.8.0 (EE01) ---> Migration already applied - skipping. [1]
20:09:12.933   MigrationLoader.loadFile: Loading file: C:\Users\lion007\Documents\GitHub\adempiere\migration\dist\370lts-380lts\xml\0056_SB_ForecastSimulation.xml [1]
20:09:12.958   MigrationLoader.applyMigration: Migration 56 - Fix Smart Browser Forecast Simulation Result - 3.8.0 (EE01) ---> Migration already applied - skipping. [1]
20:09:12.964   MigrationLoader.loadFile: Loading file: C:\Users\lion007\Documents\GitHub\adempiere\migration\370lts-380lts\xml\0057_MoveDistributionManagementMenu.xml [1]
20:09:12.975   MigrationLoader.applyMigration: Migration 57 - Move Distribution Management Menu - 3.8.0 (D) ---> Migration already applied - skipping. [1]
20:09:12.980   MigrationLoader.loadFile: Loading file: C:\Users\lion007\Documents\GitHub\adempiere\migration\dist\370lts-380lts\xml\0057_MoveDistributionManagementMenu.xml [1]
20:09:13.005   MigrationLoader.applyMigration: Migration 57 - Move Distribution Management Menu - 3.8.0 (D) ---> Migration already applied - skipping. [1]
20:09:13.006   MigrationLoader.loadFile: Loading file: C:\Users\lion007\Documents\GitHub\adempiere\migration\370lts-380lts\xml\0058_RenameMfgLigthToProduction.xml [1]
20:09:13.021   MigrationLoader.applyMigration: Migration 58 - Rename Manufacturign Light - 3.8.0 (D) ---> Migration already applied - skipping. [1]
20:09:13.024   MigrationLoader.loadFile: Loading file: C:\Users\lion007\Documents\GitHub\adempiere\migration\dist\370lts-380lts\xml\0058_RenameMfgLigthToProduction.xml [1]
20:09:13.036   MigrationLoader.applyMigration: Migration 58 - Rename Manufacturign Light - 3.8.0 (D) ---> Migration already applied - skipping. [1]
20:09:13.040   MigrationLoader.loadFile: Loading file: C:\Users\lion007\Documents\GitHub\adempiere\migration\370lts-380lts\xml\0059_RemoveBetaFunctionality.xml [1]
20:09:13.052   MigrationLoader.applyMigration: Migration 59 - Remove Beta Functionality - 3.8.0 (EE02) ---> Migration already applied - skipping. [1]
20:09:13.055   MigrationLoader.loadFile: Loading file: C:\Users\lion007\Documents\GitHub\adempiere\migration\dist\370lts-380lts\xml\0059_RemoveBetaFunctionality.xml [1]
20:09:13.067   MigrationLoader.applyMigration: Migration 59 - Remove Beta Functionality - 3.8.0 (EE02) ---> Migration already applied - skipping. [1]
20:09:13.069   MigrationLoader.loadFile: Loading file: C:\Users\lion007\Documents\GitHub\adempiere\migration\370lts-380lts\xml\0060_FixPayrollSelection.xml [1]
20:09:13.098   MigrationLoader.applyMigration: Migration 60 - Payroll Selection Check - 3.8.0 (EE02) ---> Migration already applied - skipping. [1]
20:09:13.101   MigrationLoader.loadFile: Loading file: C:\Users\lion007\Documents\GitHub\adempiere\migration\dist\370lts-380lts\xml\0060_FixPayrollSelection.xml [1]
20:09:13.119   MigrationLoader.applyMigration: Migration 60 - Payroll Selection Check - 3.8.0 (EE02) ---> Migration already applied - skipping. [1]
20:09:13.123   MigrationLoader.loadFile: Loading file: C:\Users\lion007\Documents\GitHub\adempiere\migration\370lts-380lts\xml\0061_AddCommentsToAdvancedFind.xml [1]
20:09:13.139   MigrationLoader.applyMigration: Migration 61 - Add comments for the find window advanced combo box - 3.8.0 (D) ---> Migration already applied - skipping. [1]
20:09:13.141   MigrationLoader.loadFile: Loading file: C:\Users\lion007\Documents\GitHub\adempiere\migration\dist\370lts-380lts\xml\0061_AddCommentsToAdvancedFind.xml [1]
20:09:13.157   MigrationLoader.applyMigration: Migration 61 - Add comments for the find window advanced combo box - 3.8.0 (D) ---> Migration already applied - skipping. [1]
20:09:13.161   MigrationLoader.loadFile: Loading file: C:\Users\lion007\Documents\GitHub\adempiere\migration\370lts-380lts\xml\0062_FixColumnsDefaultValues.xml [1]
20:09:13.175   MigrationLoader.applyMigration: Migration 62 - Fix Columns Default Values - 3.8.0 (D) ---> Migration already applied - skipping. [1]
20:09:13.179   MigrationLoader.loadFile: Loading file: C:\Users\lion007\Documents\GitHub\adempiere\migration\dist\370lts-380lts\xml\0062_FixColumnsDefaultValues.xml [1]
20:09:13.192   MigrationLoader.applyMigration: Migration 62 - Fix Columns Default Values - 3.8.0 (D) ---> Migration already applied - skipping. [1]
20:09:13.194   MigrationLoader.loadFile: Loading file: C:\Users\lion007\Documents\GitHub\adempiere\migration\370lts-380lts\xml\0063_SynchronizeApplicationDictionary.xml [1]
20:09:13.232   MigrationLoader.applyMigration: Migration 63 - Synchronize Application Dictionary - 3.8.0 (D) ---> Migration already applied - skipping. [1]
20:09:13.234   MigrationLoader.loadFile: Loading file: C:\Users\lion007\Documents\GitHub\adempiere\migration\dist\370lts-380lts\xml\0063_SynchronizeApplicationDictionary.xml [1]
20:09:13.272   MigrationLoader.applyMigration: Migration 63 - Synchronize Application Dictionary - 3.8.0 (D) ---> Migration already applied - skipping. [1]
20:09:13.275   MigrationLoader.loadFile: Loading file: C:\Users\lion007\Documents\GitHub\adempiere\migration\370lts-380lts\xml\0064_SmartBrowserZoomWindow.xml [1]
20:09:13.297   MigrationLoader.applyMigration: Migration 64 - Smart Browser zoom window - 3.8.0 (D) ---> Migration already applied - skipping. [1]
20:09:13.301   MigrationLoader.loadFile: Loading file: C:\Users\lion007\Documents\GitHub\adempiere\migration\dist\370lts-380lts\xml\0064_SmartBrowserZoomWindow.xml [1]
20:09:13.321   MigrationLoader.applyMigration: Migration 64 - Smart Browser zoom window - 3.8.0 (D) ---> Migration already applied - skipping. [1]
20:09:13.337 SequenceCheck.doIt:  [1]
20:09:13.365 SequenceCheck.checkTableID: IDRangeEnd = 9999999 [1]
20:09:19.093 MSequence.checkClientSequences: AD_Client_ID=0 - created #0 - success=true [1]
20:09:19.104 MSequence.checkClientSequences: AD_Client_ID=11 - created #0 - success=true [1]
20:09:19.129   MIssue.create: Did not find PInstance 0 [1]
20:09:19.155   GridField.loadLookup: (SystemStatus) [1]
20:09:19.388   MWorkflow.getDocValue: #1 [1]
===========> SequenceCheck.unlock: Did not find PInstance 0 [1]
20:09:19.392   MigrationLoader.loadXML: Process=Sequence Check Error=false Summary=Sequence Check [1]
20:09:19.463 SynchronizeTerminology.doIt: Adding missing Element Translations [1]
20:09:19.473 SynchronizeTerminology.doIt:   rows updated: 9 [1]
20:09:19.477 SynchronizeTerminology.doIt: Creating link from Element to Column [1]
20:09:19.485 SynchronizeTerminology.doIt:   rows updated: 0 [1]
20:09:19.487 SynchronizeTerminology.doIt: Deleting unused Elements [1]
20:09:19.534 SynchronizeTerminology.doIt:   rows deleted: 9 [1]
20:09:19.559 SynchronizeTerminology.doIt:   rows deleted: 0 [1]
20:09:19.562 SynchronizeTerminology.doIt: Synchronize Column [1]
20:09:19.597 SynchronizeTerminology.doIt:   rows updated: 0 [1]
20:09:19.599 SynchronizeTerminology.doIt: Synchronize Field [1]
20:09:19.696 SynchronizeTerminology.doIt:   rows updated: 103 [1]
20:09:19.731 SynchronizeTerminology.doIt: Synchronize Field Translations [1]
20:09:19.869 SynchronizeTerminology.doIt:   rows updated: 60 [1]
20:09:19.872 SynchronizeTerminology.doIt: Synchronize PO Field [1]
20:09:19.901 SynchronizeTerminology.doIt:   rows updated: 103 [1]
20:09:19.903 SynchronizeTerminology.doIt: Synchronize PO Field Translations [1]
20:09:19.943 SynchronizeTerminology.doIt:   rows updated: 60 [1]
20:09:19.946 SynchronizeTerminology.doIt: Synchronize Field from Process [1]
20:09:19.971 SynchronizeTerminology.doIt:   rows updated: 0 [1]
20:09:19.973 SynchronizeTerminology.doIt: Synchronize Field Trl from Process Trl [1]
20:09:20.009 SynchronizeTerminology.doIt:   rows updated: 0 [1]
20:09:20.011 SynchronizeTerminology.doIt: Synchronize Browse Field [1]
20:09:20.030 SynchronizeTerminology.doIt:   rows updated: 0 [1]
20:09:20.032 SynchronizeTerminology.doIt: Synchronize Browse Field Translations [1]
20:09:20.054 SynchronizeTerminology.doIt:   rows updated: 0 [1]
20:09:20.066 SynchronizeTerminology.doIt:   rows updated: 0 [1]
20:09:20.071 SynchronizeTerminology.doIt:   rows updated: 0 [1]
20:09:20.073 SynchronizeTerminology.doIt: Synchronize Process Parameter [1]
20:09:20.083 SynchronizeTerminology.doIt:   rows updated: 0 [1]
20:09:20.088 SynchronizeTerminology.doIt: Synchronize Process Parameter Trl [1]
20:09:20.105 SynchronizeTerminology.doIt:   rows updated: 0 [1]
20:09:20.110 SynchronizeTerminology.doIt: Synchronize Workflow Node from Window [1]
20:09:20.122 SynchronizeTerminology.doIt:   rows updated: 1 [1]
20:09:20.124 SynchronizeTerminology.doIt: Synchronize Workflow Node Trl from Window Trl [1]
20:09:20.135 SynchronizeTerminology.doIt:   rows updated: 1 [1]
20:09:20.137 SynchronizeTerminology.doIt: Synchronize Workflow Node from Form [1]
20:09:20.146 SynchronizeTerminology.doIt:   rows updated: 0 [1]
20:09:20.149 SynchronizeTerminology.doIt: Synchronize Workflow Node Trl from Form Trl [1]
20:09:20.157 SynchronizeTerminology.doIt:   rows updated: 0 [1]
20:09:20.160 SynchronizeTerminology.doIt: Synchronize Workflow Node from Process [1]
20:09:20.166 SynchronizeTerminology.doIt:   rows updated: 1 [1]
20:09:20.167 SynchronizeTerminology.doIt: Synchronize Workflow Node Trl from Process Trl [1]
20:09:20.177 SynchronizeTerminology.doIt:   rows updated: 1 [1]
20:09:20.179 SynchronizeTerminology.doIt: Synchronize PrintFormatItem Name from Element [1]
20:09:20.224 SynchronizeTerminology.doIt:   rows updated: 0 [1]
20:09:20.227 SynchronizeTerminology.doIt: Synchronize PrintFormatItem PrintName from Element [1]
20:09:20.250 SynchronizeTerminology.doIt:   rows updated: 0 [1]
20:09:20.253 SynchronizeTerminology.doIt: Synchronize PrintFormatItem Trl from Element Trl (Multi-Lingual) [1]
20:09:20.282 SynchronizeTerminology.doIt:   rows updated: 0 [1]
20:09:20.284 SynchronizeTerminology.doIt: Synchronize PrintFormatItem Trl (Not Multi-Lingual) [1]
20:09:20.295 SynchronizeTerminology.doIt:   rows updated: 0 [1]
20:09:20.301 SynchronizeTerminology.doIt: Reset PrintFormatItem Trl where not used in base table [1]
20:09:20.313 SynchronizeTerminology.doIt:   rows updated: 0 [1]
20:09:20.316 SynchronizeTerminology.doIt: Synchronizing Menu with Window [1]
20:09:20.328 SynchronizeTerminology.doIt:   rows updated: 393 [1]
20:09:20.398 SynchronizeTerminology.doIt:   rows updated: 393 [1]
20:09:20.402 SynchronizeTerminology.doIt: Synchronizing Menu with Processes [1]
20:09:20.411 SynchronizeTerminology.doIt:   rows updated: 185 [1]
20:09:20.431 SynchronizeTerminology.doIt:   rows updated: 184 [1]
20:09:20.434 SynchronizeTerminology.doIt: Synchronizing Menu with Forms [1]
20:09:20.438 SynchronizeTerminology.doIt:   rows updated: 34 [1]
20:09:20.460 SynchronizeTerminology.doIt:   rows updated: 34 [1]
20:09:20.462 SynchronizeTerminology.doIt: Synchronizing Menu with Workflows [1]
20:09:20.467 SynchronizeTerminology.doIt:   rows updated: 21 [1]
20:09:20.476 SynchronizeTerminology.doIt:   rows updated: 21 [1]
20:09:20.478 SynchronizeTerminology.doIt: Synchronizing Menu with Tasks [1]
20:09:20.482 SynchronizeTerminology.doIt:   rows updated: 3 [1]
20:09:20.490 SynchronizeTerminology.doIt:   rows updated: 3 [1]
20:09:20.494 SynchronizeTerminology.doIt: Synchronizing Column with Element [1]
20:09:20.525 SynchronizeTerminology.doIt:   rows updated: 0 [1]
20:09:20.577 SynchronizeTerminology.doIt:   rows updated: 0 [1]
20:09:20.582 SynchronizeTerminology.doIt: Synchronizing Table with Element [1]
20:09:20.593 SynchronizeTerminology.doIt:   rows updated: 0 [1]
20:09:20.604 SynchronizeTerminology.doIt:   trl rows updated: 0 [1]
20:09:20.615 SynchronizeTerminology.doIt:   trl rows updated: 53 [1]
20:09:20.666 SynchronizeTerminology.doIt:   trl rows updated: 53 [1]
20:09:20.681 Msg.initMsg: Records=1416 - en_US [1]
20:09:20.685   MIssue.create: Did not find PInstance 0 [1]
20:09:20.688   GridField.loadLookup: (SystemStatus) [1]
===========> SynchronizeTerminology.unlock: Did not find PInstance 0 [1]
20:09:20.730   MigrationLoader.loadXML: Process=Synchronize Terminology Error=false Summary=OK [1]
20:09:20.743 RoleAccessUpdate.doIt: AD_Client_ID=-1, AD_Role_ID=-1 [1]
20:09:20.789 RoleAccessUpdate.addLog: 0 - null - null - Role Template: - [1]
20:09:20.869 RoleAccessUpdate.addLog: 0 - null - null - System Administrator: @AD_Window_ID@ #158 -  @AD_Process_ID@ #83 -  @AD_Form_ID@ #11 -  @AD_Browse_ID@ #1 -  @AD_Workflow_ID@ #9 -  @DocAction@ #14 [1]
20:09:20.927 RoleAccessUpdate.addLog: 0 - null - null - GardenWorld Admin: @AD_Window_ID@ #387 -  @AD_Process_ID@ #389 -  @AD_Form_ID@ #35 -  @AD_Browse_ID@ #20 -  @AD_Workflow_ID@ #55 -  @DocAction@ #658 [1]
20:09:20.992 RoleAccessUpdate.addLog: 0 - null - null - GardenWorld User: @AD_Window_ID@ #258 -  @AD_Process_ID@ #343 -  @AD_Form_ID@ #28 -  @AD_Browse_ID@ #20 -  @AD_Workflow_ID@ #52 -  @DocAction@ #658 [1]
20:09:20.993 RoleAccessUpdate.addLog: 0 - null - null - Web Service Execution: - [1]
20:09:21.133   MIssue.create: Did not find PInstance 0 [1]
20:09:21.135   GridField.loadLookup: (SystemStatus) [1]
===========> RoleAccessUpdate.unlock: Did not find PInstance 0 [1]
20:09:21.156   MigrationLoader.loadXML: Process=Role Access Update Error=false Summary= [1]
20:09:22.622   MIssue.create: SvrProcess_ea846f2f-0236-4070-92d8-733581b17e0d [1]
20:09:22.631   GridField.loadLookup: (SystemStatus) [1]
===========> Trx.commit: SvrProcess_ea846f2f-0236-4070-92d8-733581b17e0d [1]
org.postgresql.util.PSQLException: ERROR: update or delete on table "ad_session" violates foreign key constraint "adsession_adchangelog" on table "ad_changelog"
  Detail: Key (ad_session_id)=(1000011) is still referenced from table "ad_changelog".; State=23503; ErrorCode=0
	at org.postgresql.core.v3.QueryExecutorImpl.receiveErrorResponse(QueryExecutorImpl.java:2198)
	at org.postgresql.core.v3.QueryExecutorImpl.processResults(QueryExecutorImpl.java:1927)
	at org.postgresql.core.v3.QueryExecutorImpl.execute(QueryExecutorImpl.java:255)
	at org.postgresql.jdbc2.AbstractJdbc2Connection.executeTransactionCommand(AbstractJdbc2Connection.java:814)
	at org.postgresql.jdbc2.AbstractJdbc2Connection.commit(AbstractJdbc2Connection.java:838)
	at com.mchange.v2.c3p0.impl.NewProxyConnection.commit(NewProxyConnection.java:803)
	at org.compiere.util.Trx.commit(Trx.java:334)
	at org.compiere.process.SvrProcess.startProcess(SvrProcess.java:113)
	at org.adempiere.process.MigrationLoader.loadXML(MigrationLoader.java:159)
	at org.adempiere.process.MigrationLoader.main(MigrationLoader.java:277)

20:09:22.691   MIssue.create: Commit failed. [1]
20:09:22.694   GridField.loadLookup: (SystemStatus) [1]
===========> CleanUpGW.startProcess: Commit failed. [1]
org.postgresql.util.PSQLException: ERROR: update or delete on table "ad_session" violates foreign key constraint "adsession_adchangelog" on table "ad_changelog"
  Detail: Key (ad_session_id)=(1000011) is still referenced from table "ad_changelog".; State=23503; ErrorCode=0
	at org.postgresql.core.v3.QueryExecutorImpl.receiveErrorResponse(QueryExecutorImpl.java:2198)
	at org.postgresql.core.v3.QueryExecutorImpl.processResults(QueryExecutorImpl.java:1927)
	at org.postgresql.core.v3.QueryExecutorImpl.execute(QueryExecutorImpl.java:255)
	at org.postgresql.jdbc2.AbstractJdbc2Connection.executeTransactionCommand(AbstractJdbc2Connection.java:814)
	at org.postgresql.jdbc2.AbstractJdbc2Connection.commit(AbstractJdbc2Connection.java:838)
	at com.mchange.v2.c3p0.impl.NewProxyConnection.commit(NewProxyConnection.java:803)
	at org.compiere.util.Trx.commit(Trx.java:334)
	at org.compiere.process.SvrProcess.startProcess(SvrProcess.java:113)
	at org.adempiere.process.MigrationLoader.loadXML(MigrationLoader.java:159)
	at org.adempiere.process.MigrationLoader.main(MigrationLoader.java:277)

20:09:22.723   MIssue.create: Did not find PInstance 0 [1]
20:09:22.726   GridField.loadLookup: (SystemStatus) [1]
===========> CleanUpGW.unlock: Did not find PInstance 0 [1]
20:09:22.753   MigrationLoader.loadXML: Process=Updating Garden World Error=true Summary=Successfully updated Garden World data.Commit Failed. [1]

*** 2017-04-13 20:09:22.76 Adempiere Log (CLogFile) ***
