*** 2017-11-04 00:01:46.523 Adempiere Log (CLogFile) ***
-----------> EMail.setFrom: you @ company.org: javax.mail.internet.AddressException: Local address contains control or whitespace in string ``you @ company.org'' [44]
-----------> EMail.addTo: admin @ gardenworld.com: javax.mail.internet.AddressException: Local address contains control or whitespace in string ``admin @ gardenworld.com'' [44]
-----------> EMail.isValid: From is invalid=null [44]
-----------> EMail.isValid: From is invalid=null [44]
-----------> MClient.sendEmailNow: Could NOT Send Email: Inactivity Alert: Request 10000002 to admin @ gardenworld.com: Invalid Data (GardenWorld) [44]
-----------> EMail.setFrom: you @ company.org: javax.mail.internet.AddressException: Local address contains control or whitespace in string ``you @ company.org'' [44]
-----------> EMail.addTo: admin @ gardenworld.com: javax.mail.internet.AddressException: Local address contains control or whitespace in string ``admin @ gardenworld.com'' [44]
-----------> EMail.isValid: From is invalid=null [44]
-----------> EMail.isValid: From is invalid=null [44]
-----------> MClient.sendEmailNow: Could NOT Send Email: Inactivity Alert: Request 10000002 to admin @ gardenworld.com: Invalid Data (GardenWorld) [44]
-----------> EMail.setFrom: you @ company.org: javax.mail.internet.AddressException: Local address contains control or whitespace in string ``you @ company.org'' [44]
-----------> EMail.addTo: admin @ gardenworld.com: javax.mail.internet.AddressException: Local address contains control or whitespace in string ``admin @ gardenworld.com'' [44]
-----------> EMail.isValid: From is invalid=null [44]
-----------> EMail.isValid: From is invalid=null [44]
-----------> MClient.sendEmailNow: Could NOT Send Email: Inactivity Alert: Request 10000002 to admin @ gardenworld.com: Invalid Data (GardenWorld) [44]
-----------> EMail.setFrom: you @ company.org: javax.mail.internet.AddressException: Local address contains control or whitespace in string ``you @ company.org'' [44]
-----------> EMail.addTo: admin @ gardenworld.com: javax.mail.internet.AddressException: Local address contains control or whitespace in string ``admin @ gardenworld.com'' [44]
-----------> EMail.isValid: From is invalid=null [44]
-----------> EMail.isValid: From is invalid=null [44]
-----------> MClient.sendEmailNow: Could NOT Send Email: Inactivity Alert: Request 10000002 to admin @ gardenworld.com: Invalid Data (GardenWorld) [44]
-----------> EMail.setFrom: you @ company.org: javax.mail.internet.AddressException: Local address contains control or whitespace in string ``you @ company.org'' [44]
-----------> EMail.addTo: admin @ gardenworld.com: javax.mail.internet.AddressException: Local address contains control or whitespace in string ``admin @ gardenworld.com'' [44]
-----------> EMail.isValid: From is invalid=null [44]
-----------> EMail.isValid: From is invalid=null [44]
-----------> MClient.sendEmailNow: Could NOT Send Email: Inactivity Alert: Request 10000002 to admin @ gardenworld.com: Invalid Data (GardenWorld) [44]
-----------> EMail.setFrom: you @ company.org: javax.mail.internet.AddressException: Local address contains control or whitespace in string ``you @ company.org'' [44]
-----------> EMail.addTo: admin @ gardenworld.com: javax.mail.internet.AddressException: Local address contains control or whitespace in string ``admin @ gardenworld.com'' [44]
-----------> EMail.isValid: From is invalid=null [44]
-----------> EMail.isValid: From is invalid=null [44]
-----------> MClient.sendEmailNow: Could NOT Send Email: Inactivity Alert: Request 10000002 to admin @ gardenworld.com: Invalid Data (GardenWorld) [44]
-----------> EMail.setFrom: you @ company.org: javax.mail.internet.AddressException: Local address contains control or whitespace in string ``you @ company.org'' [44]
-----------> EMail.addTo: admin @ gardenworld.com: javax.mail.internet.AddressException: Local address contains control or whitespace in string ``admin @ gardenworld.com'' [44]
-----------> EMail.isValid: From is invalid=null [44]
-----------> EMail.isValid: From is invalid=null [44]
-----------> MClient.sendEmailNow: Could NOT Send Email: Inactivity Alert: Request 10000002 to admin @ gardenworld.com: Invalid Data (GardenWorld) [44]
-----------> EMail.setFrom: you @ company.org: javax.mail.internet.AddressException: Local address contains control or whitespace in string ``you @ company.org'' [44]
-----------> EMail.addTo: admin @ gardenworld.com: javax.mail.internet.AddressException: Local address contains control or whitespace in string ``admin @ gardenworld.com'' [44]
-----------> EMail.isValid: From is invalid=null [44]
-----------> EMail.isValid: From is invalid=null [44]
-----------> MClient.sendEmailNow: Could NOT Send Email: Inactivity Alert: Request 10000002 to admin @ gardenworld.com: Invalid Data (GardenWorld) [44]
-----------> EMail.setFrom: you @ company.org: javax.mail.internet.AddressException: Local address contains control or whitespace in string ``you @ company.org'' [44]
-----------> EMail.addTo: admin @ gardenworld.com: javax.mail.internet.AddressException: Local address contains control or whitespace in string ``admin @ gardenworld.com'' [44]
-----------> EMail.isValid: From is invalid=null [44]
-----------> EMail.isValid: From is invalid=null [44]
-----------> MClient.sendEmailNow: Could NOT Send Email: Inactivity Alert: Request 10000002 to admin @ gardenworld.com: Invalid Data (GardenWorld) [44]
-----------> EMail.setFrom: you @ company.org: javax.mail.internet.AddressException: Local address contains control or whitespace in string ``you @ company.org'' [44]
-----------> EMail.addTo: admin @ gardenworld.com: javax.mail.internet.AddressException: Local address contains control or whitespace in string ``admin @ gardenworld.com'' [44]
-----------> EMail.isValid: From is invalid=null [44]
-----------> EMail.isValid: From is invalid=null [44]
-----------> MClient.sendEmailNow: Could NOT Send Email: Inactivity Alert: Request 10000002 to admin @ gardenworld.com: Invalid Data (GardenWorld) [44]
