*** 2017-10-24 14:17:53.706 Adempiere Log (CLogFile) ***
14:17:53.706 Adempiere.startup: ADempiere(r) Release 3.8.0_2015-03-01 -Smart Suite ERP,CRM and SCM- (c) 1999-2015 ADempiere(r); Implementation: ${ADEMPIERE_VERSION} 20170418-1141 - ${ADEMPIERE_VENDOR} [9]
14:17:53.708 Ini.loadProperties: C:\Users\lion007\Documents\GitHub\adempiere\Adempiere.properties #37 [9]
-----------> EMail.setFrom: you @ company.org: javax.mail.internet.AddressException: Local address contains control or whitespace in string ``you @ company.org'' [9]
-----------> EMail.addTo: you @ company.org: javax.mail.internet.AddressException: Local address contains control or whitespace in string ``you @ company.org'' [9]
-----------> EMail.isValid: From is invalid=null [9]
-----------> EMail.isValid: From is invalid=null [9]
-----------> MClient.sendEMail: Could NOT Send Email: Server started: ? to you @ company.org: Invalid Data (System) [9]
===========> Env.getContextAsDate: No value for: #Date [9]
===========> Doc_AllocationHdr.post: Resubmit - Cannot lock C_AllocationHdr_ID=1000001, Force=false,RePost=false [46]
-----------> EMail.setFrom: you @ company.org: javax.mail.internet.AddressException: Local address contains control or whitespace in string ``you @ company.org'' [47]
-----------> EMail.addTo: admin @ gardenworld.com: javax.mail.internet.AddressException: Local address contains control or whitespace in string ``admin @ gardenworld.com'' [47]
-----------> EMail.isValid: From is invalid=null [47]
-----------> EMail.isValid: From is invalid=null [47]
-----------> MClient.sendEmailNow: Could NOT Send Email: Inactivity Alert: Request 10000002 to admin @ gardenworld.com: Invalid Data (GardenWorld) [47]
-----------> EMail.setFrom: you @ company.org: javax.mail.internet.AddressException: Local address contains control or whitespace in string ``you @ company.org'' [47]
-----------> EMail.addTo: admin @ gardenworld.com: javax.mail.internet.AddressException: Local address contains control or whitespace in string ``admin @ gardenworld.com'' [47]
-----------> EMail.isValid: From is invalid=null [47]
-----------> EMail.isValid: From is invalid=null [47]
-----------> MClient.sendEmailNow: Could NOT Send Email: Inactivity Alert: Request 10000000 to admin @ gardenworld.com: Invalid Data (GardenWorld) [47]
-----------> EMail.setFrom: you @ company.org: javax.mail.internet.AddressException: Local address contains control or whitespace in string ``you @ company.org'' [47]
-----------> EMail.addTo: admin @ gardenworld.com: javax.mail.internet.AddressException: Local address contains control or whitespace in string ``admin @ gardenworld.com'' [47]
-----------> EMail.isValid: From is invalid=null [47]
-----------> EMail.isValid: From is invalid=null [47]
-----------> MClient.sendEmailNow: Could NOT Send Email: Inactivity Alert: Request 10000006 to admin @ gardenworld.com: Invalid Data (GardenWorld) [47]
-----------> EMail.setFrom: you @ company.org: javax.mail.internet.AddressException: Local address contains control or whitespace in string ``you @ company.org'' [47]
-----------> EMail.addTo: admin @ gardenworld.com: javax.mail.internet.AddressException: Local address contains control or whitespace in string ``admin @ gardenworld.com'' [47]
-----------> EMail.isValid: From is invalid=null [47]
-----------> EMail.isValid: From is invalid=null [47]
-----------> MClient.sendEmailNow: Could NOT Send Email: Inactivity Alert: Request 10000002 to admin @ gardenworld.com: Invalid Data (GardenWorld) [47]
-----------> EMail.setFrom: you @ company.org: javax.mail.internet.AddressException: Local address contains control or whitespace in string ``you @ company.org'' [47]
-----------> EMail.addTo: admin @ gardenworld.com: javax.mail.internet.AddressException: Local address contains control or whitespace in string ``admin @ gardenworld.com'' [47]
-----------> EMail.isValid: From is invalid=null [47]
-----------> EMail.isValid: From is invalid=null [47]
-----------> MClient.sendEmailNow: Could NOT Send Email: Inactivity Alert: Request 10000003 to admin @ gardenworld.com: Invalid Data (GardenWorld) [47]
-----------> EMail.setFrom: you @ company.org: javax.mail.internet.AddressException: Local address contains control or whitespace in string ``you @ company.org'' [47]
-----------> EMail.addTo: admin @ gardenworld.com: javax.mail.internet.AddressException: Local address contains control or whitespace in string ``admin @ gardenworld.com'' [47]
-----------> EMail.isValid: From is invalid=null [47]
-----------> EMail.isValid: From is invalid=null [47]
-----------> MClient.sendEmailNow: Could NOT Send Email: Inactivity Alert: Request 10000004 to admin @ gardenworld.com: Invalid Data (GardenWorld) [47]
-----------> EMail.setFrom: you @ company.org: javax.mail.internet.AddressException: Local address contains control or whitespace in string ``you @ company.org'' [47]
-----------> EMail.addTo: admin @ gardenworld.com: javax.mail.internet.AddressException: Local address contains control or whitespace in string ``admin @ gardenworld.com'' [47]
-----------> EMail.isValid: From is invalid=null [47]
-----------> EMail.isValid: From is invalid=null [47]
-----------> MClient.sendEmailNow: Could NOT Send Email: Inactivity Alert: Request 10000005 to admin @ gardenworld.com: Invalid Data (GardenWorld) [47]
-----------> EMail.setFrom: you @ company.org: javax.mail.internet.AddressException: Local address contains control or whitespace in string ``you @ company.org'' [47]
-----------> EMail.addTo: admin @ gardenworld.com: javax.mail.internet.AddressException: Local address contains control or whitespace in string ``admin @ gardenworld.com'' [47]
-----------> EMail.isValid: From is invalid=null [47]
-----------> EMail.isValid: From is invalid=null [47]
-----------> MClient.sendEmailNow: Could NOT Send Email: Inactivity Alert: Request 10000001 to admin @ gardenworld.com: Invalid Data (GardenWorld) [47]
-----------> EMail.setFrom: you @ company.org: javax.mail.internet.AddressException: Local address contains control or whitespace in string ``you @ company.org'' [47]
-----------> EMail.addTo: admin @ gardenworld.com: javax.mail.internet.AddressException: Local address contains control or whitespace in string ``admin @ gardenworld.com'' [47]
-----------> EMail.isValid: From is invalid=null [47]
-----------> EMail.isValid: From is invalid=null [47]
-----------> MClient.sendEmailNow: Could NOT Send Email: Inactivity Alert: Request 10000007 to admin @ gardenworld.com: Invalid Data (GardenWorld) [47]
===========> Doc_AllocationHdr.post: Resubmit - Cannot lock C_AllocationHdr_ID=1000001, Force=false,RePost=false [46]
-----------> EMail.setFrom: you @ company.org: javax.mail.internet.AddressException: Local address contains control or whitespace in string ``you @ company.org'' [47]
-----------> EMail.addTo: admin @ gardenworld.com: javax.mail.internet.AddressException: Local address contains control or whitespace in string ``admin @ gardenworld.com'' [47]
-----------> EMail.isValid: From is invalid=null [47]
-----------> EMail.isValid: From is invalid=null [47]
-----------> MClient.sendEmailNow: Could NOT Send Email: Inactivity Alert: Request 10000002 to admin @ gardenworld.com: Invalid Data (GardenWorld) [47]
-----------> EMail.setFrom: you @ company.org: javax.mail.internet.AddressException: Local address contains control or whitespace in string ``you @ company.org'' [47]
-----------> EMail.addTo: admin @ gardenworld.com: javax.mail.internet.AddressException: Local address contains control or whitespace in string ``admin @ gardenworld.com'' [47]
-----------> EMail.isValid: From is invalid=null [47]
-----------> EMail.isValid: From is invalid=null [47]
-----------> MClient.sendEmailNow: Could NOT Send Email: Inactivity Alert: Request 10000000 to admin @ gardenworld.com: Invalid Data (GardenWorld) [47]
-----------> EMail.setFrom: you @ company.org: javax.mail.internet.AddressException: Local address contains control or whitespace in string ``you @ company.org'' [47]
-----------> EMail.addTo: admin @ gardenworld.com: javax.mail.internet.AddressException: Local address contains control or whitespace in string ``admin @ gardenworld.com'' [47]
-----------> EMail.isValid: From is invalid=null [47]
-----------> EMail.isValid: From is invalid=null [47]
-----------> MClient.sendEmailNow: Could NOT Send Email: Inactivity Alert: Request 10000006 to admin @ gardenworld.com: Invalid Data (GardenWorld) [47]
-----------> EMail.setFrom: you @ company.org: javax.mail.internet.AddressException: Local address contains control or whitespace in string ``you @ company.org'' [47]
-----------> EMail.addTo: admin @ gardenworld.com: javax.mail.internet.AddressException: Local address contains control or whitespace in string ``admin @ gardenworld.com'' [47]
-----------> EMail.isValid: From is invalid=null [47]
-----------> EMail.isValid: From is invalid=null [47]
-----------> MClient.sendEmailNow: Could NOT Send Email: Inactivity Alert: Request 10000002 to admin @ gardenworld.com: Invalid Data (GardenWorld) [47]
-----------> EMail.setFrom: you @ company.org: javax.mail.internet.AddressException: Local address contains control or whitespace in string ``you @ company.org'' [47]
-----------> EMail.addTo: admin @ gardenworld.com: javax.mail.internet.AddressException: Local address contains control or whitespace in string ``admin @ gardenworld.com'' [47]
-----------> EMail.isValid: From is invalid=null [47]
-----------> EMail.isValid: From is invalid=null [47]
-----------> MClient.sendEmailNow: Could NOT Send Email: Inactivity Alert: Request 10000003 to admin @ gardenworld.com: Invalid Data (GardenWorld) [47]
-----------> EMail.setFrom: you @ company.org: javax.mail.internet.AddressException: Local address contains control or whitespace in string ``you @ company.org'' [47]
-----------> EMail.addTo: admin @ gardenworld.com: javax.mail.internet.AddressException: Local address contains control or whitespace in string ``admin @ gardenworld.com'' [47]
-----------> EMail.isValid: From is invalid=null [47]
-----------> EMail.isValid: From is invalid=null [47]
-----------> MClient.sendEmailNow: Could NOT Send Email: Inactivity Alert: Request 10000004 to admin @ gardenworld.com: Invalid Data (GardenWorld) [47]
-----------> EMail.setFrom: you @ company.org: javax.mail.internet.AddressException: Local address contains control or whitespace in string ``you @ company.org'' [47]
-----------> EMail.addTo: admin @ gardenworld.com: javax.mail.internet.AddressException: Local address contains control or whitespace in string ``admin @ gardenworld.com'' [47]
-----------> EMail.isValid: From is invalid=null [47]
-----------> EMail.isValid: From is invalid=null [47]
-----------> MClient.sendEmailNow: Could NOT Send Email: Inactivity Alert: Request 10000005 to admin @ gardenworld.com: Invalid Data (GardenWorld) [47]
-----------> EMail.setFrom: you @ company.org: javax.mail.internet.AddressException: Local address contains control or whitespace in string ``you @ company.org'' [47]
-----------> EMail.addTo: admin @ gardenworld.com: javax.mail.internet.AddressException: Local address contains control or whitespace in string ``admin @ gardenworld.com'' [47]
-----------> EMail.isValid: From is invalid=null [47]
-----------> EMail.isValid: From is invalid=null [47]
-----------> MClient.sendEmailNow: Could NOT Send Email: Inactivity Alert: Request 10000001 to admin @ gardenworld.com: Invalid Data (GardenWorld) [47]
-----------> EMail.setFrom: you @ company.org: javax.mail.internet.AddressException: Local address contains control or whitespace in string ``you @ company.org'' [47]
-----------> EMail.addTo: admin @ gardenworld.com: javax.mail.internet.AddressException: Local address contains control or whitespace in string ``admin @ gardenworld.com'' [47]
-----------> EMail.isValid: From is invalid=null [47]
-----------> EMail.isValid: From is invalid=null [47]
-----------> MClient.sendEmailNow: Could NOT Send Email: Inactivity Alert: Request 10000007 to admin @ gardenworld.com: Invalid Data (GardenWorld) [47]
===========> Doc_AllocationHdr.post: Resubmit - Cannot lock C_AllocationHdr_ID=1000001, Force=false,RePost=false [46]
===========> Doc_AllocationHdr.post: Resubmit - Cannot lock C_AllocationHdr_ID=1000001, Force=false,RePost=false [46]
-----------> EMail.setFrom: you @ company.org: javax.mail.internet.AddressException: Local address contains control or whitespace in string ``you @ company.org'' [47]
-----------> EMail.addTo: admin @ gardenworld.com: javax.mail.internet.AddressException: Local address contains control or whitespace in string ``admin @ gardenworld.com'' [47]
-----------> EMail.isValid: From is invalid=null [47]
-----------> EMail.isValid: From is invalid=null [47]
-----------> MClient.sendEmailNow: Could NOT Send Email: Inactivity Alert: Request 10000002 to admin @ gardenworld.com: Invalid Data (GardenWorld) [47]
-----------> EMail.setFrom: you @ company.org: javax.mail.internet.AddressException: Local address contains control or whitespace in string ``you @ company.org'' [47]
-----------> EMail.addTo: admin @ gardenworld.com: javax.mail.internet.AddressException: Local address contains control or whitespace in string ``admin @ gardenworld.com'' [47]
-----------> EMail.isValid: From is invalid=null [47]
-----------> EMail.isValid: From is invalid=null [47]
-----------> MClient.sendEmailNow: Could NOT Send Email: Inactivity Alert: Request 10000000 to admin @ gardenworld.com: Invalid Data (GardenWorld) [47]
-----------> EMail.setFrom: you @ company.org: javax.mail.internet.AddressException: Local address contains control or whitespace in string ``you @ company.org'' [47]
-----------> EMail.addTo: admin @ gardenworld.com: javax.mail.internet.AddressException: Local address contains control or whitespace in string ``admin @ gardenworld.com'' [47]
-----------> EMail.isValid: From is invalid=null [47]
-----------> EMail.isValid: From is invalid=null [47]
-----------> MClient.sendEmailNow: Could NOT Send Email: Inactivity Alert: Request 10000006 to admin @ gardenworld.com: Invalid Data (GardenWorld) [47]
-----------> EMail.setFrom: you @ company.org: javax.mail.internet.AddressException: Local address contains control or whitespace in string ``you @ company.org'' [47]
-----------> EMail.addTo: admin @ gardenworld.com: javax.mail.internet.AddressException: Local address contains control or whitespace in string ``admin @ gardenworld.com'' [47]
-----------> EMail.isValid: From is invalid=null [47]
-----------> EMail.isValid: From is invalid=null [47]
-----------> MClient.sendEmailNow: Could NOT Send Email: Inactivity Alert: Request 10000002 to admin @ gardenworld.com: Invalid Data (GardenWorld) [47]
-----------> EMail.setFrom: you @ company.org: javax.mail.internet.AddressException: Local address contains control or whitespace in string ``you @ company.org'' [47]
-----------> EMail.addTo: admin @ gardenworld.com: javax.mail.internet.AddressException: Local address contains control or whitespace in string ``admin @ gardenworld.com'' [47]
-----------> EMail.isValid: From is invalid=null [47]
-----------> EMail.isValid: From is invalid=null [47]
-----------> MClient.sendEmailNow: Could NOT Send Email: Inactivity Alert: Request 10000003 to admin @ gardenworld.com: Invalid Data (GardenWorld) [47]
-----------> EMail.setFrom: you @ company.org: javax.mail.internet.AddressException: Local address contains control or whitespace in string ``you @ company.org'' [47]
-----------> EMail.addTo: admin @ gardenworld.com: javax.mail.internet.AddressException: Local address contains control or whitespace in string ``admin @ gardenworld.com'' [47]
-----------> EMail.isValid: From is invalid=null [47]
-----------> EMail.isValid: From is invalid=null [47]
-----------> MClient.sendEmailNow: Could NOT Send Email: Inactivity Alert: Request 10000004 to admin @ gardenworld.com: Invalid Data (GardenWorld) [47]
-----------> EMail.setFrom: you @ company.org: javax.mail.internet.AddressException: Local address contains control or whitespace in string ``you @ company.org'' [47]
-----------> EMail.addTo: admin @ gardenworld.com: javax.mail.internet.AddressException: Local address contains control or whitespace in string ``admin @ gardenworld.com'' [47]
-----------> EMail.isValid: From is invalid=null [47]
-----------> EMail.isValid: From is invalid=null [47]
-----------> MClient.sendEmailNow: Could NOT Send Email: Inactivity Alert: Request 10000005 to admin @ gardenworld.com: Invalid Data (GardenWorld) [47]
-----------> EMail.setFrom: you @ company.org: javax.mail.internet.AddressException: Local address contains control or whitespace in string ``you @ company.org'' [47]
-----------> EMail.addTo: admin @ gardenworld.com: javax.mail.internet.AddressException: Local address contains control or whitespace in string ``admin @ gardenworld.com'' [47]
-----------> EMail.isValid: From is invalid=null [47]
-----------> EMail.isValid: From is invalid=null [47]
-----------> MClient.sendEmailNow: Could NOT Send Email: Inactivity Alert: Request 10000001 to admin @ gardenworld.com: Invalid Data (GardenWorld) [47]
-----------> EMail.setFrom: you @ company.org: javax.mail.internet.AddressException: Local address contains control or whitespace in string ``you @ company.org'' [47]
-----------> EMail.addTo: admin @ gardenworld.com: javax.mail.internet.AddressException: Local address contains control or whitespace in string ``admin @ gardenworld.com'' [47]
-----------> EMail.isValid: From is invalid=null [47]
-----------> EMail.isValid: From is invalid=null [47]
-----------> MClient.sendEmailNow: Could NOT Send Email: Inactivity Alert: Request 10000007 to admin @ gardenworld.com: Invalid Data (GardenWorld) [47]
===========> Doc_AllocationHdr.post: Resubmit - Cannot lock C_AllocationHdr_ID=1000001, Force=false,RePost=false [46]
-----------> EMail.setFrom: you @ company.org: javax.mail.internet.AddressException: Local address contains control or whitespace in string ``you @ company.org'' [47]
-----------> EMail.addTo: admin @ gardenworld.com: javax.mail.internet.AddressException: Local address contains control or whitespace in string ``admin @ gardenworld.com'' [47]
-----------> EMail.isValid: From is invalid=null [47]
-----------> EMail.isValid: From is invalid=null [47]
-----------> MClient.sendEmailNow: Could NOT Send Email: Inactivity Alert: Request 10000002 to admin @ gardenworld.com: Invalid Data (GardenWorld) [47]
-----------> EMail.setFrom: you @ company.org: javax.mail.internet.AddressException: Local address contains control or whitespace in string ``you @ company.org'' [47]
-----------> EMail.addTo: admin @ gardenworld.com: javax.mail.internet.AddressException: Local address contains control or whitespace in string ``admin @ gardenworld.com'' [47]
-----------> EMail.isValid: From is invalid=null [47]
-----------> EMail.isValid: From is invalid=null [47]
-----------> MClient.sendEmailNow: Could NOT Send Email: Inactivity Alert: Request 10000000 to admin @ gardenworld.com: Invalid Data (GardenWorld) [47]
-----------> EMail.setFrom: you @ company.org: javax.mail.internet.AddressException: Local address contains control or whitespace in string ``you @ company.org'' [47]
-----------> EMail.addTo: admin @ gardenworld.com: javax.mail.internet.AddressException: Local address contains control or whitespace in string ``admin @ gardenworld.com'' [47]
-----------> EMail.isValid: From is invalid=null [47]
-----------> EMail.isValid: From is invalid=null [47]
-----------> MClient.sendEmailNow: Could NOT Send Email: Inactivity Alert: Request 10000006 to admin @ gardenworld.com: Invalid Data (GardenWorld) [47]
-----------> EMail.setFrom: you @ company.org: javax.mail.internet.AddressException: Local address contains control or whitespace in string ``you @ company.org'' [47]
-----------> EMail.addTo: admin @ gardenworld.com: javax.mail.internet.AddressException: Local address contains control or whitespace in string ``admin @ gardenworld.com'' [47]
-----------> EMail.isValid: From is invalid=null [47]
-----------> EMail.isValid: From is invalid=null [47]
-----------> MClient.sendEmailNow: Could NOT Send Email: Inactivity Alert: Request 10000002 to admin @ gardenworld.com: Invalid Data (GardenWorld) [47]
-----------> EMail.setFrom: you @ company.org: javax.mail.internet.AddressException: Local address contains control or whitespace in string ``you @ company.org'' [47]
-----------> EMail.addTo: admin @ gardenworld.com: javax.mail.internet.AddressException: Local address contains control or whitespace in string ``admin @ gardenworld.com'' [47]
-----------> EMail.isValid: From is invalid=null [47]
-----------> EMail.isValid: From is invalid=null [47]
-----------> MClient.sendEmailNow: Could NOT Send Email: Inactivity Alert: Request 10000003 to admin @ gardenworld.com: Invalid Data (GardenWorld) [47]
-----------> EMail.setFrom: you @ company.org: javax.mail.internet.AddressException: Local address contains control or whitespace in string ``you @ company.org'' [47]
-----------> EMail.addTo: admin @ gardenworld.com: javax.mail.internet.AddressException: Local address contains control or whitespace in string ``admin @ gardenworld.com'' [47]
-----------> EMail.isValid: From is invalid=null [47]
-----------> EMail.isValid: From is invalid=null [47]
-----------> MClient.sendEmailNow: Could NOT Send Email: Inactivity Alert: Request 10000004 to admin @ gardenworld.com: Invalid Data (GardenWorld) [47]
-----------> EMail.setFrom: you @ company.org: javax.mail.internet.AddressException: Local address contains control or whitespace in string ``you @ company.org'' [47]
-----------> EMail.addTo: admin @ gardenworld.com: javax.mail.internet.AddressException: Local address contains control or whitespace in string ``admin @ gardenworld.com'' [47]
-----------> EMail.isValid: From is invalid=null [47]
-----------> EMail.isValid: From is invalid=null [47]
-----------> MClient.sendEmailNow: Could NOT Send Email: Inactivity Alert: Request 10000005 to admin @ gardenworld.com: Invalid Data (GardenWorld) [47]
-----------> EMail.setFrom: you @ company.org: javax.mail.internet.AddressException: Local address contains control or whitespace in string ``you @ company.org'' [47]
-----------> EMail.addTo: admin @ gardenworld.com: javax.mail.internet.AddressException: Local address contains control or whitespace in string ``admin @ gardenworld.com'' [47]
-----------> EMail.isValid: From is invalid=null [47]
-----------> EMail.isValid: From is invalid=null [47]
-----------> MClient.sendEmailNow: Could NOT Send Email: Inactivity Alert: Request 10000001 to admin @ gardenworld.com: Invalid Data (GardenWorld) [47]
-----------> EMail.setFrom: you @ company.org: javax.mail.internet.AddressException: Local address contains control or whitespace in string ``you @ company.org'' [47]
-----------> EMail.addTo: admin @ gardenworld.com: javax.mail.internet.AddressException: Local address contains control or whitespace in string ``admin @ gardenworld.com'' [47]
-----------> EMail.isValid: From is invalid=null [47]
-----------> EMail.isValid: From is invalid=null [47]
-----------> MClient.sendEmailNow: Could NOT Send Email: Inactivity Alert: Request 10000007 to admin @ gardenworld.com: Invalid Data (GardenWorld) [47]
